SISSO version 2.3
================================================================================

Reading data from train.dat ...
Reading parameters from SISSO.in: 
--------------------------------------------------------------------------------
task: FCDI
restarts FCDI?      F
descriptor dimension:        6
property type:   quanti
total number of properties:        1
number of samples for each property:       42
number of scalar features:       11
times of applying the operator set for feature construction (rung of the feature space):        2
max complexity (number of operators in a feature):       10
number of dimension(unit)-type (for dimension analysis):        4
dimension type for each primary feature: 
  1.00  0.00  0.00  0.00
  0.00  1.00  0.00  0.00
  0.00  0.00  1.00  0.00
  0.00  0.00  1.00  0.00
  0.00  0.00  1.00  0.00
  0.00  0.00  1.00  0.00
  0.00  0.00  1.00  0.00
  0.00  0.00  1.00  0.00
  0.00  0.00  1.00  0.00
  0.00  0.00  0.00  1.00
  0.00  0.00  0.00  1.00
lower bound of the max abs. data value for the selected features:     0.1000000000E-02
upper bound of the max abs. data value for the selected features:     0.1000000000E+06
SIS-selected (single) subspace size:       10
operator set for feature construction: (+)(-)(*)(/)(exp)(log)(^-1)(^2)(^3)(sqrt)(cbrt)(|-|) 
method for sparsification:  L0        
number of the top ranked models to output:      100
metric for the L0: LS_RMSE
---------------------------------------------------------------------------------

FCDI starts ...

iteration:   1
--------------------------------------------------------------------------------
FC starts ...
Standard Deviation (SD) of property 001:    0.22433
Total number of features in the space phi00:             11
Total number of features in the space phi00:             11
Total number of features in the space phi01:            321
Total number of features in the space phi02:         169482
Size of the SIS-selected subspace from phi02:         10
Wall-clock time (second) for this FC:            0.00
FC done!

DI starts ...
parameter "fs_size_DI" set to         10
parameter "fs_size_L0" set to         10
L0 starts ..., space size:         10

Model/descriptor for generating residual:
=============================================
  1D descriptor (model): 
Total LS_RMSE,LS_MaxAE:   0.121376  0.471205
@@@descriptor: 
                      1:[((F/C)+(DS/I))]
       coefficients_001:    -0.32397E+00
          Intercept_001:     0.11166E+00
       LSrmse,maxAE_001:     0.12138E+00    0.47120E+00
=============================================
Wall-clock time (second) for this DI:            0.00
DI done!

iteration:   2
--------------------------------------------------------------------------------
FC starts ...
File containing the features to be rejected: feature_space/Uspace.name
Total number of features in the space phi00:             11
Total number of features in the space phi00:             11
Total number of features in the space phi01:            321
Total number of features in the space phi02:         169482
Size of the SIS-selected subspace from phi02:         10
Wall-clock time (second) for this FC:            0.00
FC done!

DI starts ...
parameter "fs_size_DI" set to         20
parameter "fs_size_L0" set to         20
L0 starts ..., space size:         20

Model/descriptor for generating residual:
=============================================
  2D descriptor (model): 
Total LS_RMSE,LS_MaxAE:   0.083739  0.260796
@@@descriptor: 
                      1:[((F/C)+(DS/I))]
                     13:[abs((DB/DS)-(DS/DB))]
       coefficients_001:    -0.27164E+00   -0.25789E-01
          Intercept_001:     0.76633E-01
       LSrmse,maxAE_001:     0.83739E-01    0.26080E+00
=============================================
Wall-clock time (second) for this DI:            0.00
DI done!

iteration:   3
--------------------------------------------------------------------------------
FC starts ...
File containing the features to be rejected: feature_space/Uspace.name
Total number of features in the space phi00:             11
Total number of features in the space phi00:             11
Total number of features in the space phi01:            321
Total number of features in the space phi02:         169482
Size of the SIS-selected subspace from phi02:         10
Wall-clock time (second) for this FC:            0.00
FC done!

DI starts ...
parameter "fs_size_DI" set to         30
parameter "fs_size_L0" set to         30
L0 starts ..., space size:         30

Model/descriptor for generating residual:
=============================================
  3D descriptor (model): 
Total LS_RMSE,LS_MaxAE:   0.067331  0.241637
@@@descriptor: 
                      2:[abs((F/C)-(DS/F))]
                     13:[abs((DB/DS)-(DS/DB))]
                     22:[(exp(C)/(H-L))]
       coefficients_001:    -0.23612E+00   -0.28667E-01    0.70022E+00
          Intercept_001:     0.45947E-01
       LSrmse,maxAE_001:     0.67331E-01    0.24164E+00
=============================================
Wall-clock time (second) for this DI:            0.00
DI done!

iteration:   4
--------------------------------------------------------------------------------
FC starts ...
File containing the features to be rejected: feature_space/Uspace.name
Total number of features in the space phi00:             11
Total number of features in the space phi00:             11
Total number of features in the space phi01:            321
Total number of features in the space phi02:         169482
Size of the SIS-selected subspace from phi02:         10
Wall-clock time (second) for this FC:            1.00
FC done!

DI starts ...
parameter "fs_size_DI" set to         40
parameter "fs_size_L0" set to         40
L0 starts ..., space size:         40

Model/descriptor for generating residual:
=============================================
  4D descriptor (model): 
Total LS_RMSE,LS_MaxAE:   0.049657  0.123166
@@@descriptor: 
                      2:[abs((F/C)-(DS/F))]
                     13:[abs((DB/DS)-(DS/DB))]
                     21:[((C-H)/(DS)^2)]
                     22:[(exp(C)/(H-L))]
       coefficients_001:    -0.24136E+00   -0.29499E-01   -0.19236E-03    0.68140E+00
          Intercept_001:     0.50444E-01
       LSrmse,maxAE_001:     0.49657E-01    0.12317E+00
=============================================
Wall-clock time (second) for this DI:            0.00
DI done!

iteration:   5
--------------------------------------------------------------------------------
FC starts ...
File containing the features to be rejected: feature_space/Uspace.name
Total number of features in the space phi00:             11
Total number of features in the space phi00:             11
Total number of features in the space phi01:            321
Total number of features in the space phi02:         169482
Size of the SIS-selected subspace from phi02:         10
Wall-clock time (second) for this FC:            0.00
FC done!

DI starts ...
parameter "fs_size_DI" set to         50
parameter "fs_size_L0" set to         50
L0 starts ..., space size:         50

Model/descriptor for generating residual:
=============================================
  5D descriptor (model): 
Total LS_RMSE,LS_MaxAE:   0.039303  0.094321
@@@descriptor: 
                      2:[abs((F/C)-(DS/F))]
                     13:[abs((DB/DS)-(DS/DB))]
                     22:[(exp(C)/(H-L))]
                     31:[((H-C)/(DS)^2)]
                     46:[((F+DS)/(H/I))]
       coefficients_001:    -0.22589E+00   -0.33114E-01    0.77784E+00    0.14946E-03    0.94995E-02
          Intercept_001:    -0.90648E-01
       LSrmse,maxAE_001:     0.39303E-01    0.94321E-01
=============================================
Wall-clock time (second) for this DI:           15.00
DI done!

iteration:   6
--------------------------------------------------------------------------------
FC starts ...
File containing the features to be rejected: feature_space/Uspace.name
Total number of features in the space phi00:             11
Total number of features in the space phi00:             11
Total number of features in the space phi01:            321
Total number of features in the space phi02:         169482
Size of the SIS-selected subspace from phi02:         10
Wall-clock time (second) for this FC:            0.00
FC done!

DI starts ...
parameter "fs_size_DI" set to         60
parameter "fs_size_L0" set to         60
L0 starts ..., space size:         60

Final model/descriptor to report
=============================================
  6D descriptor (model): 
Total LS_RMSE,LS_MaxAE:   0.035616  0.089449
@@@descriptor: 
                      2:[abs((F/C)-(DS/F))]
                     13:[abs((DB/DS)-(DS/DB))]
                     22:[(exp(C)/(H-L))]
                     34:[((L/DS)/(DB-DS))]
                     46:[((F+DS)/(H/I))]
                     51:[((CN-ECN)/(C-H))]
       coefficients_001:    -0.21864E+00   -0.35485E-01    0.80563E+00    0.20527E-03    0.91970E-02    0.16357E-02
          Intercept_001:    -0.87712E-01
       LSrmse,maxAE_001:     0.35616E-01    0.89449E-01
=============================================
Wall-clock time (second) for this DI:          419.00
DI done!

FCDI done !

--------------------------------------------------------------------------------
Total wall-clock time (second):          436.00

                                               Have a nice day !    

