SISSO version 2.3
================================================================================

Reading data from train.dat ...
Reading parameters from SISSO.in: 
--------------------------------------------------------------------------------
task: FCDI
restarts FCDI?      F
descriptor dimension:        6
property type:   quanti
total number of properties:        1
number of samples for each property:       43
number of scalar features:       11
times of applying the operator set for feature construction (rung of the feature space):        2
max complexity (number of operators in a feature):       10
number of dimension(unit)-type (for dimension analysis):        4
dimension type for each primary feature: 
  1.00  0.00  0.00  0.00
  0.00  1.00  0.00  0.00
  0.00  0.00  1.00  0.00
  0.00  0.00  1.00  0.00
  0.00  0.00  1.00  0.00
  0.00  0.00  1.00  0.00
  0.00  0.00  1.00  0.00
  0.00  0.00  1.00  0.00
  0.00  0.00  1.00  0.00
  0.00  0.00  0.00  1.00
  0.00  0.00  0.00  1.00
lower bound of the max abs. data value for the selected features:     0.1000000000E-02
upper bound of the max abs. data value for the selected features:     0.1000000000E+06
SIS-selected (single) subspace size:       10
operator set for feature construction: (+)(-)(*)(/)(exp)(log)(^-1)(^2)(^3)(sqrt)(cbrt)(|-|) 
method for sparsification:  L0        
number of the top ranked models to output:      100
metric for the L0: LS_RMSE
---------------------------------------------------------------------------------

FCDI starts ...

iteration:   1
--------------------------------------------------------------------------------
FC starts ...
Standard Deviation (SD) of property 001:    0.21375
Total number of features in the space phi00:             11
Total number of features in the space phi00:             11
Total number of features in the space phi01:            321
Total number of features in the space phi02:         169485
Size of the SIS-selected subspace from phi02:         10
Wall-clock time (second) for this FC:            0.00
FC done!

DI starts ...
parameter "fs_size_DI" set to         10
parameter "fs_size_L0" set to         10
L0 starts ..., space size:         10

Model/descriptor for generating residual:
=============================================
  1D descriptor (model): 
Total LS_RMSE,LS_MaxAE:   0.111036  0.543117
@@@descriptor: 
                      1:[abs(abs(C-L)-abs(F-DS))]
       coefficients_001:    -0.75885E-01
          Intercept_001:     0.26263E-01
       LSrmse,maxAE_001:     0.11104E+00    0.54312E+00
=============================================
Wall-clock time (second) for this DI:            0.00
DI done!

iteration:   2
--------------------------------------------------------------------------------
FC starts ...
File containing the features to be rejected: feature_space/Uspace.name
Total number of features in the space phi00:             11
Total number of features in the space phi00:             11
Total number of features in the space phi01:            321
Total number of features in the space phi02:         169485
Size of the SIS-selected subspace from phi02:         10
Wall-clock time (second) for this FC:            1.00
FC done!

DI starts ...
parameter "fs_size_DI" set to         20
parameter "fs_size_L0" set to         20
L0 starts ..., space size:         20

Model/descriptor for generating residual:
=============================================
  2D descriptor (model): 
Total LS_RMSE,LS_MaxAE:   0.060873  0.149160
@@@descriptor: 
                      1:[abs(abs(C-L)-abs(F-DS))]
                     11:[((DS/DB))^2]
       coefficients_001:    -0.66629E-01   -0.16233E-02
          Intercept_001:     0.80577E-02
       LSrmse,maxAE_001:     0.60873E-01    0.14916E+00
=============================================
Wall-clock time (second) for this DI:            0.00
DI done!

iteration:   3
--------------------------------------------------------------------------------
FC starts ...
File containing the features to be rejected: feature_space/Uspace.name
Total number of features in the space phi00:             11
Total number of features in the space phi00:             11
Total number of features in the space phi01:            321
Total number of features in the space phi02:         169485
Size of the SIS-selected subspace from phi02:         10
Wall-clock time (second) for this FC:            0.00
FC done!

DI starts ...
parameter "fs_size_DI" set to         30
parameter "fs_size_L0" set to         30
L0 starts ..., space size:         30

Model/descriptor for generating residual:
=============================================
  3D descriptor (model): 
Total LS_RMSE,LS_MaxAE:   0.048292  0.122075
@@@descriptor: 
                      1:[abs(abs(C-L)-abs(F-DS))]
                     11:[((DS/DB))^2]
                     30:[((C/L)/exp(F))]
       coefficients_001:    -0.72791E-01   -0.19985E-02    0.19794E-05
          Intercept_001:     0.22903E-01
       LSrmse,maxAE_001:     0.48292E-01    0.12208E+00
=============================================
Wall-clock time (second) for this DI:            0.00
DI done!

iteration:   4
--------------------------------------------------------------------------------
FC starts ...
File containing the features to be rejected: feature_space/Uspace.name
Total number of features in the space phi00:             11
Total number of features in the space phi00:             11
Total number of features in the space phi01:            321
Total number of features in the space phi02:         169485
Size of the SIS-selected subspace from phi02:         10
Wall-clock time (second) for this FC:            0.00
FC done!

DI starts ...
parameter "fs_size_DI" set to         40
parameter "fs_size_L0" set to         40
L0 starts ..., space size:         40

Model/descriptor for generating residual:
=============================================
  4D descriptor (model): 
Total LS_RMSE,LS_MaxAE:   0.040735  0.091572
@@@descriptor: 
                      1:[abs(abs(C-L)-abs(F-DS))]
                     11:[((DS/DB))^2]
                     21:[((C/E)/log(R))]
                     31:[(exp(C)/(H-L))]
       coefficients_001:    -0.67265E-01   -0.19143E-02   -0.21313E-01    0.37523E+00
          Intercept_001:    -0.13344E+00
       LSrmse,maxAE_001:     0.40735E-01    0.91572E-01
=============================================
Wall-clock time (second) for this DI:            0.00
DI done!

iteration:   5
--------------------------------------------------------------------------------
FC starts ...
File containing the features to be rejected: feature_space/Uspace.name
Total number of features in the space phi00:             11
Total number of features in the space phi00:             11
Total number of features in the space phi01:            321
Total number of features in the space phi02:         169485
Size of the SIS-selected subspace from phi02:         10
Wall-clock time (second) for this FC:            0.00
FC done!

DI starts ...
parameter "fs_size_DI" set to         50
parameter "fs_size_L0" set to         50
L0 starts ..., space size:         50

Model/descriptor for generating residual:
=============================================
  5D descriptor (model): 
Total LS_RMSE,LS_MaxAE:   0.031922  0.077055
@@@descriptor: 
                      1:[abs(abs(C-L)-abs(F-DS))]
                     11:[((DS/DB))^2]
                     21:[((C/E)/log(R))]
                     31:[(exp(C)/(H-L))]
                     43:[abs((C+L)-(F-DS))]
       coefficients_001:    -0.56770E-01   -0.19620E-02   -0.21843E-01    0.45106E+00    0.15354E-01
          Intercept_001:    -0.24616E+00
       LSrmse,maxAE_001:     0.31922E-01    0.77055E-01
=============================================
Wall-clock time (second) for this DI:           15.00
DI done!

iteration:   6
--------------------------------------------------------------------------------
FC starts ...
File containing the features to be rejected: feature_space/Uspace.name
Total number of features in the space phi00:             11
Total number of features in the space phi00:             11
Total number of features in the space phi01:            321
Total number of features in the space phi02:         169485
Size of the SIS-selected subspace from phi02:         10
Wall-clock time (second) for this FC:            0.00
FC done!

DI starts ...
parameter "fs_size_DI" set to         60
parameter "fs_size_L0" set to         60
L0 starts ..., space size:         60

Final model/descriptor to report
=============================================
  6D descriptor (model): 
Total LS_RMSE,LS_MaxAE:   0.026586  0.063245
@@@descriptor: 
                      2:[abs((L-C)-abs(F-DS))]
                     11:[((DS/DB))^2]
                     21:[((C/E)/log(R))]
                     39:[(exp(L)/(H-L))]
                     48:[abs((I+DS)-abs(F-DB))]
                     56:[((DB-DS)/abs(C-L))]
       coefficients_001:    -0.62315E-01   -0.20101E-02   -0.12361E-01    0.84833E-01    0.35518E-01    0.83291E-01
          Intercept_001:    -0.13112E+00
       LSrmse,maxAE_001:     0.26586E-01    0.63245E-01
=============================================
Wall-clock time (second) for this DI:          430.00
DI done!

FCDI done !

--------------------------------------------------------------------------------
Total wall-clock time (second):          447.00

                                               Have a nice day !    

