Predictions (y,pred,y-pred) by the model of dimension:     1
   -0.2487000000E+00   -0.1685294710E+00   -0.8017052902E-01
   -0.6313000000E+00   -0.4677707935E+00   -0.1635292065E+00
Prediction RMSE and MaxAE:         0.1287810450        0.1635292065
Predictions (y,pred,y-pred) by the model of dimension:     2
   -0.2487000000E+00   -0.1869031577E+00   -0.6179684233E-01
   -0.6313000000E+00   -0.4639153241E+00   -0.1673846759E+00
Prediction RMSE and MaxAE:         0.1261675066        0.1673846759
Predictions (y,pred,y-pred) by the model of dimension:     3
   -0.2487000000E+00   -0.1864613566E+00   -0.6223864335E-01
   -0.6313000000E+00   -0.4695115221E+00   -0.1617884779E+00
Prediction RMSE and MaxAE:         0.1225747941        0.1617884779
Predictions (y,pred,y-pred) by the model of dimension:     4
   -0.2487000000E+00   -0.2659967615E+00    0.1729676154E-01
   -0.6313000000E+00   -0.5737256578E+00   -0.5757434218E-01
Prediction RMSE and MaxAE:         0.0425087217        0.0575743422
Predictions (y,pred,y-pred) by the model of dimension:     5
   -0.2487000000E+00   -0.2785845468E+00    0.2988454679E-01
   -0.6313000000E+00   -0.5239633850E+00   -0.1073366150E+00
Prediction RMSE and MaxAE:         0.0787852621        0.1073366150
Predictions (y,pred,y-pred) by the model of dimension:     6
   -0.2487000000E+00   -0.3088137912E+00    0.6011379116E-01
   -0.6313000000E+00   -0.5323891356E+00   -0.9891086439E-01
Prediction RMSE and MaxAE:         0.0818444469        0.0989108644
