SISSO version 2.3
================================================================================

Reading data from train.dat ...
Reading parameters from SISSO.in: 
--------------------------------------------------------------------------------
task: FCDI
restarts FCDI?      F
descriptor dimension:        6
property type:   quanti
total number of properties:        1
number of samples for each property:       43
number of scalar features:        1
times of applying the operator set for feature construction (rung of the feature space):        2
max complexity (number of operators in a feature):       10
number of dimension(unit)-type (for dimension analysis):        1
dimension type for each primary feature: 
  1.00
lower bound of the max abs. data value for the selected features:     0.1000000000E-02
upper bound of the max abs. data value for the selected features:     0.1000000000E+06
SIS-selected (single) subspace size:        1
operator set for feature construction: (+)(-)(*)(/)(exp)(log)(^-1)(^2)(^3)(sqrt)(cbrt)(|-|) 
method for sparsification:  L0        
number of the top ranked models to output:      100
metric for the L0: LS_RMSE
---------------------------------------------------------------------------------

FCDI starts ...

iteration:   1
--------------------------------------------------------------------------------
FC starts ...
Standard Deviation (SD) of property 001:    0.22316
Total number of features in the space phi00:              1
Total number of features in the space phi00:              1
Total number of features in the space phi01:              8
Total number of features in the space phi02:            132
Size of the SIS-selected subspace from phi02:          1
Wall-clock time (second) for this FC:            0.00
FC done!

DI starts ...
parameter "fs_size_DI" set to          1
parameter "fs_size_L0" set to          1
L0 starts ..., space size:          1

Model/descriptor for generating residual:
=============================================
  1D descriptor (model): 
Total LS_RMSE,LS_MaxAE:   0.211357  0.719206
@@@descriptor: 
                      1:[(log(R)/(R)^3)]
       coefficients_001:     0.16072E+02
          Intercept_001:    -0.22497E+01
       LSrmse,maxAE_001:     0.21136E+00    0.71921E+00
=============================================
Wall-clock time (second) for this DI:            0.00
DI done!

iteration:   2
--------------------------------------------------------------------------------
FC starts ...
File containing the features to be rejected: feature_space/Uspace.name
Total number of features in the space phi00:              1
Total number of features in the space phi00:              1
Total number of features in the space phi01:              8
Total number of features in the space phi02:            132
Size of the SIS-selected subspace from phi02:          1
Wall-clock time (second) for this FC:            0.00
FC done!

DI starts ...
parameter "fs_size_DI" set to          2
parameter "fs_size_L0" set to          2
L0 starts ..., space size:          2

Model/descriptor for generating residual:
=============================================
  2D descriptor (model): 
Total LS_RMSE,LS_MaxAE:   0.209590  0.670711
@@@descriptor: 
                      1:[(log(R)/(R)^3)]
                      2:[exp((R)^3)]
       coefficients_001:     0.27593E+02    0.10345E-02
          Intercept_001:    -0.36627E+01
       LSrmse,maxAE_001:     0.20959E+00    0.67071E+00
=============================================
Wall-clock time (second) for this DI:            0.00
DI done!

iteration:   3
--------------------------------------------------------------------------------
FC starts ...
File containing the features to be rejected: feature_space/Uspace.name
Total number of features in the space phi00:              1
Total number of features in the space phi00:              1
Total number of features in the space phi01:              8
Total number of features in the space phi02:            132
Size of the SIS-selected subspace from phi02:          1
Wall-clock time (second) for this FC:            0.00
FC done!

DI starts ...
parameter "fs_size_DI" set to          3
parameter "fs_size_L0" set to          3
L0 starts ..., space size:          3

Model/descriptor for generating residual:
=============================================
  3D descriptor (model): 
Total LS_RMSE,LS_MaxAE:   0.207755  0.702920
@@@descriptor: 
                      1:[(log(R)/(R)^3)]
                      2:[exp((R)^3)]
                      3:[(log(R)/(R)^2)]
       coefficients_001:     0.34650E+02    0.17975E-02   -0.35592E+01
          Intercept_001:    -0.39311E+01
       LSrmse,maxAE_001:     0.20775E+00    0.70292E+00
=============================================
Wall-clock time (second) for this DI:            0.00
DI done!

iteration:   4
--------------------------------------------------------------------------------
FC starts ...
File containing the features to be rejected: feature_space/Uspace.name
Total number of features in the space phi00:              1
Total number of features in the space phi00:              1
Total number of features in the space phi01:              8
Total number of features in the space phi02:            132
Size of the SIS-selected subspace from phi02:          1
Wall-clock time (second) for this FC:            0.00
FC done!

DI starts ...
parameter "fs_size_DI" set to          4
parameter "fs_size_L0" set to          4
L0 starts ..., space size:          4

Model/descriptor for generating residual:
=============================================
  4D descriptor (model): 
Total LS_RMSE,LS_MaxAE:   0.207354  0.712518
@@@descriptor: 
                      1:[(log(R)/(R)^3)]
                      2:[exp((R)^3)]
                      3:[(log(R)/(R)^2)]
                      4:[((R)^2/log(R))]
       coefficients_001:     0.48148E+02    0.26159E-02    0.42168E+02    0.12815E+01
          Intercept_001:    -0.20912E+02
       LSrmse,maxAE_001:     0.20735E+00    0.71252E+00
=============================================
Wall-clock time (second) for this DI:            0.00
DI done!

iteration:   5
--------------------------------------------------------------------------------
FC starts ...
File containing the features to be rejected: feature_space/Uspace.name
Total number of features in the space phi00:              1
Total number of features in the space phi00:              1
Total number of features in the space phi01:              8
Total number of features in the space phi02:            132
Size of the SIS-selected subspace from phi02:          1
Wall-clock time (second) for this FC:            0.00
FC done!

DI starts ...
parameter "fs_size_DI" set to          5
parameter "fs_size_L0" set to          5
L0 starts ..., space size:          5

Model/descriptor for generating residual:
=============================================
  5D descriptor (model): 
Total LS_RMSE,LS_MaxAE:   0.206376  0.711954
@@@descriptor: 
                      1:[(log(R)/(R)^3)]
                      2:[exp((R)^3)]
                      3:[(log(R)/(R)^2)]
                      4:[((R)^2/log(R))]
                      5:[((R)^3)^3]
       coefficients_001:     0.19042E+03   -0.67203E-02    0.16369E+03    0.56826E+01    0.35388E-01
          Intercept_001:    -0.85430E+02
       LSrmse,maxAE_001:     0.20638E+00    0.71195E+00
=============================================
Wall-clock time (second) for this DI:            0.00
DI done!

iteration:   6
--------------------------------------------------------------------------------
FC starts ...
File containing the features to be rejected: feature_space/Uspace.name
Total number of features in the space phi00:              1
Total number of features in the space phi00:              1
Total number of features in the space phi01:              8
Total number of features in the space phi02:            132
Size of the SIS-selected subspace from phi02:          1
Wall-clock time (second) for this FC:            0.00
FC done!

DI starts ...
parameter "fs_size_DI" set to          6
parameter "fs_size_L0" set to          6
L0 starts ..., space size:          6

Final model/descriptor to report
=============================================
  6D descriptor (model): 
Total LS_RMSE,LS_MaxAE:   0.205156  0.727303
@@@descriptor: 
                      1:[(log(R)/(R)^3)]
                      2:[exp((R)^3)]
                      3:[(log(R)/(R)^2)]
                      4:[((R)^2/log(R))]
                      5:[((R)^3)^3]
                      6:[(log(R))^3]
       coefficients_001:    -0.22056E+04   -0.43495E-01    0.14237E+03   -0.24426E+02    0.41443E+00   -0.70850E+03
          Intercept_001:     0.40712E+03
       LSrmse,maxAE_001:     0.20516E+00    0.72730E+00
=============================================
Wall-clock time (second) for this DI:            0.00
DI done!

FCDI done !

--------------------------------------------------------------------------------
Total wall-clock time (second):            0.00

                                               Have a nice day !    

