SISSO version 2.3
================================================================================

Reading data from train.dat ...
Reading parameters from SISSO.in: 
--------------------------------------------------------------------------------
task: FCDI
restarts FCDI?      F
descriptor dimension:        6
property type:   quanti
total number of properties:        1
number of samples for each property:       43
number of scalar features:        1
times of applying the operator set for feature construction (rung of the feature space):        2
max complexity (number of operators in a feature):       10
number of dimension(unit)-type (for dimension analysis):        1
dimension type for each primary feature: 
  1.00
lower bound of the max abs. data value for the selected features:     0.1000000000E-02
upper bound of the max abs. data value for the selected features:     0.1000000000E+06
SIS-selected (single) subspace size:        1
operator set for feature construction: (+)(-)(*)(/)(exp)(log)(^-1)(^2)(^3)(sqrt)(cbrt)(|-|) 
method for sparsification:  L0        
number of the top ranked models to output:      100
metric for the L0: LS_RMSE
---------------------------------------------------------------------------------

FCDI starts ...

iteration:   1
--------------------------------------------------------------------------------
FC starts ...
Standard Deviation (SD) of property 001:    0.21419
Total number of features in the space phi00:              1
Total number of features in the space phi00:              1
Total number of features in the space phi01:              8
Total number of features in the space phi02:            132
Size of the SIS-selected subspace from phi02:          1
Wall-clock time (second) for this FC:            0.00
FC done!

DI starts ...
parameter "fs_size_DI" set to          1
parameter "fs_size_L0" set to          1
L0 starts ..., space size:          1

Model/descriptor for generating residual:
=============================================
  1D descriptor (model): 
Total LS_RMSE,LS_MaxAE:   0.199498  0.727774
@@@descriptor: 
                      1:[(log(R)/(R)^3)]
       coefficients_001:     0.17530E+02
          Intercept_001:    -0.24127E+01
       LSrmse,maxAE_001:     0.19950E+00    0.72777E+00
=============================================
Wall-clock time (second) for this DI:            0.00
DI done!

iteration:   2
--------------------------------------------------------------------------------
FC starts ...
File containing the features to be rejected: feature_space/Uspace.name
Total number of features in the space phi00:              1
Total number of features in the space phi00:              1
Total number of features in the space phi01:              8
Total number of features in the space phi02:            132
Size of the SIS-selected subspace from phi02:          1
Wall-clock time (second) for this FC:            0.00
FC done!

DI starts ...
parameter "fs_size_DI" set to          2
parameter "fs_size_L0" set to          2
L0 starts ..., space size:          2

Model/descriptor for generating residual:
=============================================
  2D descriptor (model): 
Total LS_RMSE,LS_MaxAE:   0.196629  0.667851
@@@descriptor: 
                      1:[(log(R)/(R)^3)]
                      2:[exp((R)^3)]
       coefficients_001:     0.31857E+02    0.12826E-02
          Intercept_001:    -0.41695E+01
       LSrmse,maxAE_001:     0.19663E+00    0.66785E+00
=============================================
Wall-clock time (second) for this DI:            0.00
DI done!

iteration:   3
--------------------------------------------------------------------------------
FC starts ...
File containing the features to be rejected: feature_space/Uspace.name
Total number of features in the space phi00:              1
Total number of features in the space phi00:              1
Total number of features in the space phi01:              8
Total number of features in the space phi02:            132
Size of the SIS-selected subspace from phi02:          1
Wall-clock time (second) for this FC:            0.00
FC done!

DI starts ...
parameter "fs_size_DI" set to          3
parameter "fs_size_L0" set to          3
L0 starts ..., space size:          3

Model/descriptor for generating residual:
=============================================
  3D descriptor (model): 
Total LS_RMSE,LS_MaxAE:   0.194902  0.698551
@@@descriptor: 
                      1:[(log(R)/(R)^3)]
                      2:[exp((R)^3)]
                      3:[((R)^2/log(R))]
       coefficients_001:     0.39405E+02    0.20551E-02    0.93381E-01
          Intercept_001:    -0.56533E+01
       LSrmse,maxAE_001:     0.19490E+00    0.69855E+00
=============================================
Wall-clock time (second) for this DI:            0.00
DI done!

iteration:   4
--------------------------------------------------------------------------------
FC starts ...
File containing the features to be rejected: feature_space/Uspace.name
Total number of features in the space phi00:              1
Total number of features in the space phi00:              1
Total number of features in the space phi01:              8
Total number of features in the space phi02:            132
Size of the SIS-selected subspace from phi02:          1
Wall-clock time (second) for this FC:            0.00
FC done!

DI starts ...
parameter "fs_size_DI" set to          4
parameter "fs_size_L0" set to          4
L0 starts ..., space size:          4

Model/descriptor for generating residual:
=============================================
  4D descriptor (model): 
Total LS_RMSE,LS_MaxAE:   0.194380  0.708775
@@@descriptor: 
                      1:[(log(R)/(R)^3)]
                      2:[exp((R)^3)]
                      3:[((R)^2/log(R))]
                      4:[(log(R)/exp(R))]
       coefficients_001:     0.73407E+02    0.30916E-02    0.13253E+01    0.56998E+02
          Intercept_001:    -0.21742E+02
       LSrmse,maxAE_001:     0.19438E+00    0.70877E+00
=============================================
Wall-clock time (second) for this DI:            0.00
DI done!

iteration:   5
--------------------------------------------------------------------------------
FC starts ...
File containing the features to be rejected: feature_space/Uspace.name
Total number of features in the space phi00:              1
Total number of features in the space phi00:              1
Total number of features in the space phi01:              8
Total number of features in the space phi02:            132
Size of the SIS-selected subspace from phi02:          1
Wall-clock time (second) for this FC:            0.00
FC done!

DI starts ...
parameter "fs_size_DI" set to          5
parameter "fs_size_L0" set to          5
L0 starts ..., space size:          5

Model/descriptor for generating residual:
=============================================
  5D descriptor (model): 
Total LS_RMSE,LS_MaxAE:   0.192366  0.708651
@@@descriptor: 
                      1:[(log(R)/(R)^3)]
                      2:[exp((R)^3)]
                      3:[((R)^2/log(R))]
                      4:[(log(R)/exp(R))]
                      5:[((R)^3)^3]
       coefficients_001:     0.35787E+03   -0.10216E-01    0.73549E+01    0.26704E+03    0.52795E-01
          Intercept_001:    -0.11004E+03
       LSrmse,maxAE_001:     0.19237E+00    0.70865E+00
=============================================
Wall-clock time (second) for this DI:            0.00
DI done!

iteration:   6
--------------------------------------------------------------------------------
FC starts ...
File containing the features to be rejected: feature_space/Uspace.name
Total number of features in the space phi00:              1
Total number of features in the space phi00:              1
Total number of features in the space phi01:              8
Total number of features in the space phi02:            132
Size of the SIS-selected subspace from phi02:          1
Wall-clock time (second) for this FC:            0.00
FC done!

DI starts ...
parameter "fs_size_DI" set to          6
parameter "fs_size_L0" set to          6
L0 starts ..., space size:          6

Final model/descriptor to report
=============================================
  6D descriptor (model): 
Total LS_RMSE,LS_MaxAE:   0.191997  0.717638
@@@descriptor: 
                      1:[(log(R)/(R)^3)]
                      2:[exp((R)^3)]
                      3:[((R)^2/log(R))]
                      4:[(log(R)/exp(R))]
                      5:[((R)^3)^3]
                      6:[((R)^3/log(R))]
       coefficients_001:    -0.12042E+04   -0.29801E-01    0.27851E+02    0.90957E+03    0.25801E+00   -0.37857E+02
          Intercept_001:     0.21358E+03
       LSrmse,maxAE_001:     0.19200E+00    0.71764E+00
=============================================
Wall-clock time (second) for this DI:            0.00
DI done!

FCDI done !

--------------------------------------------------------------------------------
Total wall-clock time (second):            0.00

                                               Have a nice day !    

