SISSO version 2.3
================================================================================

Reading data from train.dat ...
Reading parameters from SISSO.in: 
--------------------------------------------------------------------------------
task: FCDI
restarts FCDI?      F
descriptor dimension:        6
property type:   quanti
total number of properties:        1
number of samples for each property:       43
number of scalar features:        1
times of applying the operator set for feature construction (rung of the feature space):        2
max complexity (number of operators in a feature):       10
number of dimension(unit)-type (for dimension analysis):        1
dimension type for each primary feature: 
  1.00
lower bound of the max abs. data value for the selected features:     0.1000000000E-02
upper bound of the max abs. data value for the selected features:     0.1000000000E+06
SIS-selected (single) subspace size:        1
operator set for feature construction: (+)(-)(*)(/)(exp)(log)(^-1)(^2)(^3)(sqrt)(cbrt)(|-|) 
method for sparsification:  L0        
number of the top ranked models to output:      100
metric for the L0: LS_RMSE
---------------------------------------------------------------------------------

FCDI starts ...

iteration:   1
--------------------------------------------------------------------------------
FC starts ...
Standard Deviation (SD) of property 001:    0.21636
Total number of features in the space phi00:              1
Total number of features in the space phi00:              1
Total number of features in the space phi01:              8
Total number of features in the space phi02:            132
Size of the SIS-selected subspace from phi02:          1
Wall-clock time (second) for this FC:            0.00
FC done!

DI starts ...
parameter "fs_size_DI" set to          1
parameter "fs_size_L0" set to          1
L0 starts ..., space size:          1

Model/descriptor for generating residual:
=============================================
  1D descriptor (model): 
Total LS_RMSE,LS_MaxAE:   0.205538  0.708033
@@@descriptor: 
                      1:[(log(R)/(R)^3)]
       coefficients_001:     0.15150E+02
          Intercept_001:    -0.21523E+01
       LSrmse,maxAE_001:     0.20554E+00    0.70803E+00
=============================================
Wall-clock time (second) for this DI:            0.00
DI done!

iteration:   2
--------------------------------------------------------------------------------
FC starts ...
File containing the features to be rejected: feature_space/Uspace.name
Total number of features in the space phi00:              1
Total number of features in the space phi00:              1
Total number of features in the space phi01:              8
Total number of features in the space phi02:            132
Size of the SIS-selected subspace from phi02:          1
Wall-clock time (second) for this FC:            0.00
FC done!

DI starts ...
parameter "fs_size_DI" set to          2
parameter "fs_size_L0" set to          2
L0 starts ..., space size:          2

Model/descriptor for generating residual:
=============================================
  2D descriptor (model): 
Total LS_RMSE,LS_MaxAE:   0.204582  0.747269
@@@descriptor: 
                      1:[(log(R)/(R)^3)]
                      2:[(log(R)/(R)^2)]
       coefficients_001:     0.14272E+02   -0.20826E+01
          Intercept_001:    -0.16959E+01
       LSrmse,maxAE_001:     0.20458E+00    0.74727E+00
=============================================
Wall-clock time (second) for this DI:            0.00
DI done!

iteration:   3
--------------------------------------------------------------------------------
FC starts ...
File containing the features to be rejected: feature_space/Uspace.name
Total number of features in the space phi00:              1
Total number of features in the space phi00:              1
Total number of features in the space phi01:              8
Total number of features in the space phi02:            132
Size of the SIS-selected subspace from phi02:          1
Wall-clock time (second) for this FC:            0.00
FC done!

DI starts ...
parameter "fs_size_DI" set to          3
parameter "fs_size_L0" set to          3
L0 starts ..., space size:          3

Model/descriptor for generating residual:
=============================================
  3D descriptor (model): 
Total LS_RMSE,LS_MaxAE:   0.200141  0.715194
@@@descriptor: 
                      1:[(log(R)/(R)^3)]
                      2:[(log(R)/(R)^2)]
                      3:[exp((R)^3)]
       coefficients_001:     0.35099E+02   -0.53304E+01    0.19918E-02
          Intercept_001:    -0.37063E+01
       LSrmse,maxAE_001:     0.20014E+00    0.71519E+00
=============================================
Wall-clock time (second) for this DI:            0.00
DI done!

iteration:   4
--------------------------------------------------------------------------------
FC starts ...
File containing the features to be rejected: feature_space/Uspace.name
Total number of features in the space phi00:              1
Total number of features in the space phi00:              1
Total number of features in the space phi01:              8
Total number of features in the space phi02:            132
Size of the SIS-selected subspace from phi02:          1
Wall-clock time (second) for this FC:            0.00
FC done!

DI starts ...
parameter "fs_size_DI" set to          4
parameter "fs_size_L0" set to          4
L0 starts ..., space size:          4

Model/descriptor for generating residual:
=============================================
  4D descriptor (model): 
Total LS_RMSE,LS_MaxAE:   0.199828  0.707416
@@@descriptor: 
                      1:[(log(R)/(R)^3)]
                      2:[(log(R)/(R)^2)]
                      3:[exp((R)^3)]
                      4:[((R)^3)^3]
       coefficients_001:     0.57404E+02   -0.13621E+02   -0.82786E-03    0.82272E-02
          Intercept_001:    -0.51434E+01
       LSrmse,maxAE_001:     0.19983E+00    0.70742E+00
=============================================
Wall-clock time (second) for this DI:            0.00
DI done!

iteration:   5
--------------------------------------------------------------------------------
FC starts ...
File containing the features to be rejected: feature_space/Uspace.name
Total number of features in the space phi00:              1
Total number of features in the space phi00:              1
Total number of features in the space phi01:              8
Total number of features in the space phi02:            132
Size of the SIS-selected subspace from phi02:          1
Wall-clock time (second) for this FC:            0.00
FC done!

DI starts ...
parameter "fs_size_DI" set to          5
parameter "fs_size_L0" set to          5
L0 starts ..., space size:          5

Model/descriptor for generating residual:
=============================================
  5D descriptor (model): 
Total LS_RMSE,LS_MaxAE:   0.199092  0.712313
@@@descriptor: 
                      1:[(log(R)/(R)^3)]
                      2:[(log(R)/(R)^2)]
                      3:[exp((R)^3)]
                      4:[((R)^3)^3]
                      5:[((R)^2/log(R))]
       coefficients_001:     0.17548E+03    0.10534E+03   -0.76508E-02    0.35775E-01    0.41092E+01
          Intercept_001:    -0.64432E+02
       LSrmse,maxAE_001:     0.19909E+00    0.71231E+00
=============================================
Wall-clock time (second) for this DI:            0.00
DI done!

iteration:   6
--------------------------------------------------------------------------------
FC starts ...
File containing the features to be rejected: feature_space/Uspace.name
Total number of features in the space phi00:              1
Total number of features in the space phi00:              1
Total number of features in the space phi01:              8
Total number of features in the space phi02:            132
Size of the SIS-selected subspace from phi02:          1
Wall-clock time (second) for this FC:            0.00
FC done!

DI starts ...
parameter "fs_size_DI" set to          6
parameter "fs_size_L0" set to          6
L0 starts ..., space size:          6

Final model/descriptor to report
=============================================
  6D descriptor (model): 
Total LS_RMSE,LS_MaxAE:   0.189782  0.696181
@@@descriptor: 
                      1:[(log(R)/(R)^3)]
                      2:[(log(R)/(R)^2)]
                      3:[exp((R)^3)]
                      4:[((R)^3)^3]
                      5:[((R)^2/log(R))]
                      6:[(log(R)/exp(R))]
       coefficients_001:     0.13363E+05   -0.26294E+05   -0.69219E-01    0.59417E+00   -0.21313E+02    0.32296E+05
          Intercept_001:     0.30824E+03
       LSrmse,maxAE_001:     0.18978E+00    0.69618E+00
=============================================
Wall-clock time (second) for this DI:            0.00
DI done!

FCDI done !

--------------------------------------------------------------------------------
Total wall-clock time (second):            0.00

                                               Have a nice day !    

