SISSO version 2.3
================================================================================

Reading data from train.dat ...
Reading parameters from SISSO.in: 
--------------------------------------------------------------------------------
task: FCDI
restarts FCDI?      F
descriptor dimension:        6
property type:   quanti
total number of properties:        1
number of samples for each property:       43
number of scalar features:       11
times of applying the operator set for feature construction (rung of the feature space):        2
max complexity (number of operators in a feature):       10
number of dimension(unit)-type (for dimension analysis):        4
dimension type for each primary feature: 
  1.00  0.00  0.00  0.00
  0.00  1.00  0.00  0.00
  0.00  0.00  1.00  0.00
  0.00  0.00  1.00  0.00
  0.00  0.00  1.00  0.00
  0.00  0.00  1.00  0.00
  0.00  0.00  1.00  0.00
  0.00  0.00  1.00  0.00
  0.00  0.00  1.00  0.00
  0.00  0.00  0.00  1.00
  0.00  0.00  0.00  1.00
lower bound of the max abs. data value for the selected features:     0.1000000000E-02
upper bound of the max abs. data value for the selected features:     0.1000000000E+06
SIS-selected (single) subspace size:       10
operator set for feature construction: (+)(-)(*)(/)(exp)(log)(^-1)(^2)(^3)(sqrt)(cbrt)(|-|) 
method for sparsification:  L0        
number of the top ranked models to output:      100
metric for the L0: LS_RMSE
---------------------------------------------------------------------------------

FCDI starts ...

iteration:   1
--------------------------------------------------------------------------------
FC starts ...
Standard Deviation (SD) of property 001:    0.22316
Total number of features in the space phi00:             11
Total number of features in the space phi00:             11
Total number of features in the space phi01:            321
Total number of features in the space phi02:         169482
Size of the SIS-selected subspace from phi02:         10
Wall-clock time (second) for this FC:            0.00
FC done!

DI starts ...
parameter "fs_size_DI" set to         10
parameter "fs_size_L0" set to         10
L0 starts ..., space size:         10

Model/descriptor for generating residual:
=============================================
  1D descriptor (model): 
Total LS_RMSE,LS_MaxAE:   0.121782  0.476543
@@@descriptor: 
                      1:[((F/C)+(DS/I))]
       coefficients_001:    -0.31977E+00
          Intercept_001:     0.10771E+00
       LSrmse,maxAE_001:     0.12178E+00    0.47654E+00
=============================================
Wall-clock time (second) for this DI:            0.00
DI done!

iteration:   2
--------------------------------------------------------------------------------
FC starts ...
File containing the features to be rejected: feature_space/Uspace.name
Total number of features in the space phi00:             11
Total number of features in the space phi00:             11
Total number of features in the space phi01:            321
Total number of features in the space phi02:         169482
Size of the SIS-selected subspace from phi02:         10
Wall-clock time (second) for this FC:            1.00
FC done!

DI starts ...
parameter "fs_size_DI" set to         20
parameter "fs_size_L0" set to         20
L0 starts ..., space size:         20

Model/descriptor for generating residual:
=============================================
  2D descriptor (model): 
Total LS_RMSE,LS_MaxAE:   0.083845  0.258734
@@@descriptor: 
                      1:[((F/C)+(DS/I))]
                     13:[abs((DB/DS)-(DS/DB))]
       coefficients_001:    -0.26754E+00   -0.26199E-01
          Intercept_001:     0.73286E-01
       LSrmse,maxAE_001:     0.83845E-01    0.25873E+00
=============================================
Wall-clock time (second) for this DI:            0.00
DI done!

iteration:   3
--------------------------------------------------------------------------------
FC starts ...
File containing the features to be rejected: feature_space/Uspace.name
Total number of features in the space phi00:             11
Total number of features in the space phi00:             11
Total number of features in the space phi01:            321
Total number of features in the space phi02:         169482
Size of the SIS-selected subspace from phi02:         10
Wall-clock time (second) for this FC:            0.00
FC done!

DI starts ...
parameter "fs_size_DI" set to         30
parameter "fs_size_L0" set to         30
L0 starts ..., space size:         30

Model/descriptor for generating residual:
=============================================
  3D descriptor (model): 
Total LS_RMSE,LS_MaxAE:   0.062508  0.142473
@@@descriptor: 
                      6:[((H+DB)*(CN-ECN))]
                     13:[abs((DB/DS)-(DS/DB))]
                     27:[abs((L-H)-abs(L-DB))]
       coefficients_001:    -0.23409E-01   -0.33852E-01   -0.71212E-01
          Intercept_001:    -0.31583E+00
       LSrmse,maxAE_001:     0.62508E-01    0.14247E+00
=============================================
Wall-clock time (second) for this DI:            0.00
DI done!

iteration:   4
--------------------------------------------------------------------------------
FC starts ...
File containing the features to be rejected: feature_space/Uspace.name
Total number of features in the space phi00:             11
Total number of features in the space phi00:             11
Total number of features in the space phi01:            321
Total number of features in the space phi02:         169482
Size of the SIS-selected subspace from phi02:         10
Wall-clock time (second) for this FC:            0.00
FC done!

DI starts ...
parameter "fs_size_DI" set to         40
parameter "fs_size_L0" set to         40
L0 starts ..., space size:         40

Model/descriptor for generating residual:
=============================================
  4D descriptor (model): 
Total LS_RMSE,LS_MaxAE:   0.048202  0.156945
@@@descriptor: 
                      6:[((H+DB)*(CN-ECN))]
                     15:[((DS/DB))^2]
                     26:[abs((L-H)-abs(L-DS))]
                     38:[((CN*DB)/(L*DS))]
       coefficients_001:    -0.30178E-01   -0.19616E-02   -0.55364E-01    0.16886E-01
          Intercept_001:    -0.34651E+00
       LSrmse,maxAE_001:     0.48202E-01    0.15694E+00
=============================================
Wall-clock time (second) for this DI:            1.00
DI done!

iteration:   5
--------------------------------------------------------------------------------
FC starts ...
File containing the features to be rejected: feature_space/Uspace.name
Total number of features in the space phi00:             11
Total number of features in the space phi00:             11
Total number of features in the space phi01:            321
Total number of features in the space phi02:         169482
Size of the SIS-selected subspace from phi02:         10
Wall-clock time (second) for this FC:            0.00
FC done!

DI starts ...
parameter "fs_size_DI" set to         50
parameter "fs_size_L0" set to         50
L0 starts ..., space size:         50

Model/descriptor for generating residual:
=============================================
  5D descriptor (model): 
Total LS_RMSE,LS_MaxAE:   0.040885  0.099366
@@@descriptor: 
                      6:[((H+DB)*(CN-ECN))]
                     15:[((DS/DB))^2]
                     26:[abs((L-H)-abs(L-DS))]
                     38:[((CN*DB)/(L*DS))]
                     43:[(abs(C-F)/exp(H))]
       coefficients_001:    -0.28453E-01   -0.18997E-02   -0.58739E-01    0.14098E-01   -0.39131E-03
          Intercept_001:    -0.28723E+00
       LSrmse,maxAE_001:     0.40885E-01    0.99366E-01
=============================================
Wall-clock time (second) for this DI:           15.00
DI done!

iteration:   6
--------------------------------------------------------------------------------
FC starts ...
File containing the features to be rejected: feature_space/Uspace.name
Total number of features in the space phi00:             11
Total number of features in the space phi00:             11
Total number of features in the space phi01:            321
Total number of features in the space phi02:         169482
Size of the SIS-selected subspace from phi02:         10
Wall-clock time (second) for this FC:            0.00
FC done!

DI starts ...
parameter "fs_size_DI" set to         60
parameter "fs_size_L0" set to         60
L0 starts ..., space size:         60

Final model/descriptor to report
=============================================
  6D descriptor (model): 
Total LS_RMSE,LS_MaxAE:   0.033569  0.079976
@@@descriptor: 
                      6:[((H+DB)*(CN-ECN))]
                     15:[((DS/DB))^2]
                     26:[abs((L-H)-abs(L-DS))]
                     38:[((CN*DB)/(L*DS))]
                     43:[(abs(C-F)/exp(H))]
                     51:[(exp(C)/(L-H))]
       coefficients_001:    -0.29129E-01   -0.18766E-02   -0.42546E-01    0.15337E-01   -0.35949E-03   -0.39832E+00
          Intercept_001:    -0.30704E+00
       LSrmse,maxAE_001:     0.33569E-01    0.79976E-01
=============================================
Wall-clock time (second) for this DI:          416.00
DI done!

FCDI done !

--------------------------------------------------------------------------------
Total wall-clock time (second):          433.00

                                               Have a nice day !    

