SISSO version 2.3
================================================================================

Reading data from train.dat ...
Reading parameters from SISSO.in: 
--------------------------------------------------------------------------------
task: FCDI
restarts FCDI?      F
descriptor dimension:        6
property type:   quanti
total number of properties:        1
number of samples for each property:       43
number of scalar features:       11
times of applying the operator set for feature construction (rung of the feature space):        2
max complexity (number of operators in a feature):       10
number of dimension(unit)-type (for dimension analysis):        4
dimension type for each primary feature: 
  1.00  0.00  0.00  0.00
  0.00  1.00  0.00  0.00
  0.00  0.00  1.00  0.00
  0.00  0.00  1.00  0.00
  0.00  0.00  1.00  0.00
  0.00  0.00  1.00  0.00
  0.00  0.00  1.00  0.00
  0.00  0.00  1.00  0.00
  0.00  0.00  1.00  0.00
  0.00  0.00  0.00  1.00
  0.00  0.00  0.00  1.00
lower bound of the max abs. data value for the selected features:     0.1000000000E-02
upper bound of the max abs. data value for the selected features:     0.1000000000E+06
SIS-selected (single) subspace size:       10
operator set for feature construction: (+)(-)(*)(/)(exp)(log)(^-1)(^2)(^3)(sqrt)(cbrt)(|-|) 
method for sparsification:  L0        
number of the top ranked models to output:      100
metric for the L0: LS_RMSE
---------------------------------------------------------------------------------

FCDI starts ...

iteration:   1
--------------------------------------------------------------------------------
FC starts ...
Standard Deviation (SD) of property 001:    0.21419
Total number of features in the space phi00:             11
Total number of features in the space phi00:             11
Total number of features in the space phi01:            321
Total number of features in the space phi02:         169482
Size of the SIS-selected subspace from phi02:         10
Wall-clock time (second) for this FC:            0.00
FC done!

DI starts ...
parameter "fs_size_DI" set to         10
parameter "fs_size_L0" set to         10
L0 starts ..., space size:         10

Model/descriptor for generating residual:
=============================================
  1D descriptor (model): 
Total LS_RMSE,LS_MaxAE:   0.116201  0.484294
@@@descriptor: 
                      1:[((F/C)+(DS/I))]
       coefficients_001:    -0.31529E+00
          Intercept_001:     0.10552E+00
       LSrmse,maxAE_001:     0.11620E+00    0.48429E+00
=============================================
Wall-clock time (second) for this DI:            0.00
DI done!

iteration:   2
--------------------------------------------------------------------------------
FC starts ...
File containing the features to be rejected: feature_space/Uspace.name
Total number of features in the space phi00:             11
Total number of features in the space phi00:             11
Total number of features in the space phi01:            321
Total number of features in the space phi02:         169482
Size of the SIS-selected subspace from phi02:         10
Wall-clock time (second) for this FC:            1.00
FC done!

DI starts ...
parameter "fs_size_DI" set to         20
parameter "fs_size_L0" set to         20
L0 starts ..., space size:         20

Model/descriptor for generating residual:
=============================================
  2D descriptor (model): 
Total LS_RMSE,LS_MaxAE:   0.076903  0.202097
@@@descriptor: 
                      4:[((F/C)*sqrt(R))]
                     13:[((DB-DS)/(CN)^3)]
       coefficients_001:    -0.50783E+00    0.13224E+03
          Intercept_001:     0.58730E+00
       LSrmse,maxAE_001:     0.76903E-01    0.20210E+00
=============================================
Wall-clock time (second) for this DI:            0.00
DI done!

iteration:   3
--------------------------------------------------------------------------------
FC starts ...
File containing the features to be rejected: feature_space/Uspace.name
Total number of features in the space phi00:             11
Total number of features in the space phi00:             11
Total number of features in the space phi01:            321
Total number of features in the space phi02:         169482
Size of the SIS-selected subspace from phi02:         10
Wall-clock time (second) for this FC:            0.00
FC done!

DI starts ...
parameter "fs_size_DI" set to         30
parameter "fs_size_L0" set to         30
L0 starts ..., space size:         30

Model/descriptor for generating residual:
=============================================
  3D descriptor (model): 
Total LS_RMSE,LS_MaxAE:   0.061246  0.158287
@@@descriptor: 
                      7:[abs((F/C)-(DS/H))]
                     12:[((DB-DS)/exp(ECN))]
                     16:[((DS/DB))^3]
       coefficients_001:    -0.24334E+00    0.81713E+02    0.53185E-04
          Intercept_001:     0.27464E-01
       LSrmse,maxAE_001:     0.61246E-01    0.15829E+00
=============================================
Wall-clock time (second) for this DI:            0.00
DI done!

iteration:   4
--------------------------------------------------------------------------------
FC starts ...
File containing the features to be rejected: feature_space/Uspace.name
Total number of features in the space phi00:             11
Total number of features in the space phi00:             11
Total number of features in the space phi01:            321
Total number of features in the space phi02:         169482
Size of the SIS-selected subspace from phi02:         10
Wall-clock time (second) for this FC:            0.00
FC done!

DI starts ...
parameter "fs_size_DI" set to         40
parameter "fs_size_L0" set to         40
L0 starts ..., space size:         40

Model/descriptor for generating residual:
=============================================
  4D descriptor (model): 
Total LS_RMSE,LS_MaxAE:   0.050796  0.139703
@@@descriptor: 
                      5:[abs((F/C)-(DB/F))]
                     13:[((DB-DS)/(CN)^3)]
                     16:[((DS/DB))^3]
                     33:[(exp(C)/(H-L))]
       coefficients_001:    -0.28268E+00    0.96726E+02    0.50846E-04    0.52003E+00
          Intercept_001:     0.94730E-01
       LSrmse,maxAE_001:     0.50796E-01    0.13970E+00
=============================================
Wall-clock time (second) for this DI:            1.00
DI done!

iteration:   5
--------------------------------------------------------------------------------
FC starts ...
File containing the features to be rejected: feature_space/Uspace.name
Total number of features in the space phi00:             11
Total number of features in the space phi00:             11
Total number of features in the space phi01:            321
Total number of features in the space phi02:         169482
Size of the SIS-selected subspace from phi02:         10
Wall-clock time (second) for this FC:            0.00
FC done!

DI starts ...
parameter "fs_size_DI" set to         50
parameter "fs_size_L0" set to         50
L0 starts ..., space size:         50

Model/descriptor for generating residual:
=============================================
  5D descriptor (model): 
Total LS_RMSE,LS_MaxAE:   0.041229  0.111492
@@@descriptor: 
                      5:[abs((F/C)-(DB/F))]
                     13:[((DB-DS)/(CN)^3)]
                     16:[((DS/DB))^3]
                     33:[(exp(C)/(H-L))]
                     43:[((E/CN)/abs(C-H))]
       coefficients_001:    -0.27876E+00    0.11351E+03    0.49544E-04    0.53956E+00   -0.21124E-01
          Intercept_001:     0.11387E+00
       LSrmse,maxAE_001:     0.41229E-01    0.11149E+00
=============================================
Wall-clock time (second) for this DI:           15.00
DI done!

iteration:   6
--------------------------------------------------------------------------------
FC starts ...
File containing the features to be rejected: feature_space/Uspace.name
Total number of features in the space phi00:             11
Total number of features in the space phi00:             11
Total number of features in the space phi01:            321
Total number of features in the space phi02:         169482
Size of the SIS-selected subspace from phi02:         10
Wall-clock time (second) for this FC:            0.00
FC done!

DI starts ...
parameter "fs_size_DI" set to         60
parameter "fs_size_L0" set to         60
L0 starts ..., space size:         60

Final model/descriptor to report
=============================================
  6D descriptor (model): 
Total LS_RMSE,LS_MaxAE:   0.035357  0.079888
@@@descriptor: 
                      5:[abs((F/C)-(DB/F))]
                     13:[((DB-DS)/(CN)^3)]
                     19:[((E/DB)/exp(CN))]
                     33:[(exp(C)/(H-L))]
                     43:[((E/CN)/abs(C-H))]
                     51:[(exp(CN)/(H*DB))]
       coefficients_001:    -0.28015E+00    0.10967E+03    0.71352E-01    0.48375E+00   -0.19245E-01    0.81217E-05
          Intercept_001:     0.10709E+00
       LSrmse,maxAE_001:     0.35357E-01    0.79888E-01
=============================================
Wall-clock time (second) for this DI:          429.00
DI done!

FCDI done !

--------------------------------------------------------------------------------
Total wall-clock time (second):          446.00

                                               Have a nice day !    

