SISSO version 2.3
================================================================================

Reading data from train.dat ...
Reading parameters from SISSO.in: 
--------------------------------------------------------------------------------
task: FCDI
restarts FCDI?      F
descriptor dimension:        6
property type:   quanti
total number of properties:        1
number of samples for each property:       42
number of scalar features:       11
times of applying the operator set for feature construction (rung of the feature space):        2
max complexity (number of operators in a feature):       10
number of dimension(unit)-type (for dimension analysis):        4
dimension type for each primary feature: 
  1.00  0.00  0.00  0.00
  0.00  1.00  0.00  0.00
  0.00  0.00  1.00  0.00
  0.00  0.00  1.00  0.00
  0.00  0.00  1.00  0.00
  0.00  0.00  1.00  0.00
  0.00  0.00  1.00  0.00
  0.00  0.00  1.00  0.00
  0.00  0.00  1.00  0.00
  0.00  0.00  0.00  1.00
  0.00  0.00  0.00  1.00
lower bound of the max abs. data value for the selected features:     0.1000000000E-02
upper bound of the max abs. data value for the selected features:     0.1000000000E+06
SIS-selected (single) subspace size:       10
operator set for feature construction: (+)(-)(*)(/)(exp)(log)(^-1)(^2)(^3)(sqrt)(cbrt)(|-|) 
method for sparsification:  L0        
number of the top ranked models to output:      100
metric for the L0: LS_RMSE
---------------------------------------------------------------------------------

FCDI starts ...

iteration:   1
--------------------------------------------------------------------------------
FC starts ...
Standard Deviation (SD) of property 001:    0.22358
Total number of features in the space phi00:             11
Total number of features in the space phi00:             11
Total number of features in the space phi01:            321
Total number of features in the space phi02:         169482
Size of the SIS-selected subspace from phi02:         10
Wall-clock time (second) for this FC:            0.00
FC done!

DI starts ...
parameter "fs_size_DI" set to         10
parameter "fs_size_L0" set to         10
L0 starts ..., space size:         10

Model/descriptor for generating residual:
=============================================
  1D descriptor (model): 
Total LS_RMSE,LS_MaxAE:   0.120302  0.480658
@@@descriptor: 
                      1:[((F/C)+(DS/I))]
       coefficients_001:    -0.32051E+00
          Intercept_001:     0.11347E+00
       LSrmse,maxAE_001:     0.12030E+00    0.48066E+00
=============================================
Wall-clock time (second) for this DI:            0.00
DI done!

iteration:   2
--------------------------------------------------------------------------------
FC starts ...
File containing the features to be rejected: feature_space/Uspace.name
Total number of features in the space phi00:             11
Total number of features in the space phi00:             11
Total number of features in the space phi01:            321
Total number of features in the space phi02:         169482
Size of the SIS-selected subspace from phi02:         10
Wall-clock time (second) for this FC:            1.00
FC done!

DI starts ...
parameter "fs_size_DI" set to         20
parameter "fs_size_L0" set to         20
L0 starts ..., space size:         20

Model/descriptor for generating residual:
=============================================
  2D descriptor (model): 
Total LS_RMSE,LS_MaxAE:   0.072518  0.240738
@@@descriptor: 
                      9:[abs((F/C)-(DS/H))]
                     11:[abs((DB/DS)-(DS/DB))]
       coefficients_001:    -0.21037E+00   -0.28565E-01
          Intercept_001:    -0.47390E-02
       LSrmse,maxAE_001:     0.72518E-01    0.24074E+00
=============================================
Wall-clock time (second) for this DI:            0.00
DI done!

iteration:   3
--------------------------------------------------------------------------------
FC starts ...
File containing the features to be rejected: feature_space/Uspace.name
Total number of features in the space phi00:             11
Total number of features in the space phi00:             11
Total number of features in the space phi01:            321
Total number of features in the space phi02:         169482
Size of the SIS-selected subspace from phi02:         10
Wall-clock time (second) for this FC:            0.00
FC done!

DI starts ...
parameter "fs_size_DI" set to         30
parameter "fs_size_L0" set to         30
L0 starts ..., space size:         30

Model/descriptor for generating residual:
=============================================
  3D descriptor (model): 
Total LS_RMSE,LS_MaxAE:   0.056587  0.145557
@@@descriptor: 
                      9:[abs((F/C)-(DS/H))]
                     11:[abs((DB/DS)-(DS/DB))]
                     21:[((C-H)/(DS)^2)]
       coefficients_001:    -0.21355E+00   -0.29573E-01   -0.19164E-03
          Intercept_001:    -0.18655E-02
       LSrmse,maxAE_001:     0.56587E-01    0.14556E+00
=============================================
Wall-clock time (second) for this DI:            0.00
DI done!

iteration:   4
--------------------------------------------------------------------------------
FC starts ...
File containing the features to be rejected: feature_space/Uspace.name
Total number of features in the space phi00:             11
Total number of features in the space phi00:             11
Total number of features in the space phi01:            321
Total number of features in the space phi02:         169482
Size of the SIS-selected subspace from phi02:         10
Wall-clock time (second) for this FC:            0.00
FC done!

DI starts ...
parameter "fs_size_DI" set to         40
parameter "fs_size_L0" set to         40
L0 starts ..., space size:         40

Model/descriptor for generating residual:
=============================================
  4D descriptor (model): 
Total LS_RMSE,LS_MaxAE:   0.046938  0.118380
@@@descriptor: 
                      9:[abs((F/C)-(DS/H))]
                     11:[abs((DB/DS)-(DS/DB))]
                     21:[((C-H)/(DS)^2)]
                     31:[(exp(C)/(H-L))]
       coefficients_001:    -0.20231E+00   -0.31386E-01   -0.18733E-03    0.49117E+00
          Intercept_001:     0.89624E-03
       LSrmse,maxAE_001:     0.46938E-01    0.11838E+00
=============================================
Wall-clock time (second) for this DI:            1.00
DI done!

iteration:   5
--------------------------------------------------------------------------------
FC starts ...
File containing the features to be rejected: feature_space/Uspace.name
Total number of features in the space phi00:             11
Total number of features in the space phi00:             11
Total number of features in the space phi01:            321
Total number of features in the space phi02:         169482
Size of the SIS-selected subspace from phi02:         10
Wall-clock time (second) for this FC:            0.00
FC done!

DI starts ...
parameter "fs_size_DI" set to         50
parameter "fs_size_L0" set to         50
L0 starts ..., space size:         50

Model/descriptor for generating residual:
=============================================
  5D descriptor (model): 
Total LS_RMSE,LS_MaxAE:   0.041302  0.098618
@@@descriptor: 
                      9:[abs((F/C)-(DS/H))]
                     11:[abs((DB/DS)-(DS/DB))]
                     21:[((C-H)/(DS)^2)]
                     31:[(exp(C)/(H-L))]
                     41:[((L/CN)*abs(C-H))]
       coefficients_001:    -0.19644E+00   -0.32542E-01   -0.17672E-03    0.54325E+00   -0.96828E-01
          Intercept_001:    -0.36442E-01
       LSrmse,maxAE_001:     0.41302E-01    0.98618E-01
=============================================
Wall-clock time (second) for this DI:           15.00
DI done!

iteration:   6
--------------------------------------------------------------------------------
FC starts ...
File containing the features to be rejected: feature_space/Uspace.name
Total number of features in the space phi00:             11
Total number of features in the space phi00:             11
Total number of features in the space phi01:            321
Total number of features in the space phi02:         169482
Size of the SIS-selected subspace from phi02:         10
Wall-clock time (second) for this FC:            0.00
FC done!

DI starts ...
parameter "fs_size_DI" set to         60
parameter "fs_size_L0" set to         60
L0 starts ..., space size:         60

Final model/descriptor to report
=============================================
  6D descriptor (model): 
Total LS_RMSE,LS_MaxAE:   0.036185  0.097534
@@@descriptor: 
                      9:[abs((F/C)-(DS/H))]
                     11:[abs((DB/DS)-(DS/DB))]
                     21:[((C-H)/(DS)^2)]
                     31:[(exp(C)/(H-L))]
                     41:[((L/CN)*abs(C-H))]
                     51:[((L+DB)/(C-H))]
       coefficients_001:    -0.18665E+00   -0.32638E-01   -0.17652E-03    0.54248E+00   -0.10816E+00   -0.13313E-02
          Intercept_001:    -0.56035E-01
       LSrmse,maxAE_001:     0.36185E-01    0.97534E-01
=============================================
Wall-clock time (second) for this DI:          420.00
DI done!

FCDI done !

--------------------------------------------------------------------------------
Total wall-clock time (second):          437.00

                                               Have a nice day !    

