SISSO version 2.3
================================================================================

Reading data from train.dat ...
Reading parameters from SISSO.in: 
--------------------------------------------------------------------------------
task: FCDI
restarts FCDI?      F
descriptor dimension:        6
property type:   quanti
total number of properties:        1
number of samples for each property:       43
number of scalar features:        1
times of applying the operator set for feature construction (rung of the feature space):        2
max complexity (number of operators in a feature):       10
number of dimension(unit)-type (for dimension analysis):        1
dimension type for each primary feature: 
  1.00
lower bound of the max abs. data value for the selected features:     0.1000000000E-02
upper bound of the max abs. data value for the selected features:     0.1000000000E+06
SIS-selected (single) subspace size:        1
operator set for feature construction: (+)(-)(*)(/)(exp)(log)(^-1)(^2)(^3)(sqrt)(cbrt)(|-|) 
method for sparsification:  L0        
number of the top ranked models to output:      100
metric for the L0: LS_RMSE
---------------------------------------------------------------------------------

FCDI starts ...

iteration:   1
--------------------------------------------------------------------------------
FC starts ...
Standard Deviation (SD) of property 001:    0.21943
Total number of features in the space phi00:              1
Total number of features in the space phi00:              1
Total number of features in the space phi01:              8
Total number of features in the space phi02:            132
Size of the SIS-selected subspace from phi02:          1
Wall-clock time (second) for this FC:            0.00
FC done!

DI starts ...
parameter "fs_size_DI" set to          1
parameter "fs_size_L0" set to          1
L0 starts ..., space size:          1

Model/descriptor for generating residual:
=============================================
  1D descriptor (model): 
Total LS_RMSE,LS_MaxAE:   0.208172  0.715894
@@@descriptor: 
                      1:[(log(R)/(R)^3)]
       coefficients_001:     0.15583E+02
          Intercept_001:    -0.21954E+01
       LSrmse,maxAE_001:     0.20817E+00    0.71589E+00
=============================================
Wall-clock time (second) for this DI:            0.00
DI done!

iteration:   2
--------------------------------------------------------------------------------
FC starts ...
File containing the features to be rejected: feature_space/Uspace.name
Total number of features in the space phi00:              1
Total number of features in the space phi00:              1
Total number of features in the space phi01:              8
Total number of features in the space phi02:            132
Size of the SIS-selected subspace from phi02:          1
Wall-clock time (second) for this FC:            0.00
FC done!

DI starts ...
parameter "fs_size_DI" set to          2
parameter "fs_size_L0" set to          2
L0 starts ..., space size:          2

Model/descriptor for generating residual:
=============================================
  2D descriptor (model): 
Total LS_RMSE,LS_MaxAE:   0.207670  0.744670
@@@descriptor: 
                      1:[(log(R)/(R)^3)]
                      2:[(log(R)/(R)^2)]
       coefficients_001:     0.14976E+02   -0.15007E+01
          Intercept_001:    -0.18691E+01
       LSrmse,maxAE_001:     0.20767E+00    0.74467E+00
=============================================
Wall-clock time (second) for this DI:            0.00
DI done!

iteration:   3
--------------------------------------------------------------------------------
FC starts ...
File containing the features to be rejected: feature_space/Uspace.name
Total number of features in the space phi00:              1
Total number of features in the space phi00:              1
Total number of features in the space phi01:              8
Total number of features in the space phi02:            132
Size of the SIS-selected subspace from phi02:          1
Wall-clock time (second) for this FC:            0.00
FC done!

DI starts ...
parameter "fs_size_DI" set to          3
parameter "fs_size_L0" set to          3
L0 starts ..., space size:          3

Model/descriptor for generating residual:
=============================================
  3D descriptor (model): 
Total LS_RMSE,LS_MaxAE:   0.203870  0.714681
@@@descriptor: 
                      1:[(log(R)/(R)^3)]
                      2:[(log(R)/(R)^2)]
                      3:[exp((R)^3)]
       coefficients_001:     0.34413E+02   -0.44692E+01    0.18524E-02
          Intercept_001:    -0.37548E+01
       LSrmse,maxAE_001:     0.20387E+00    0.71468E+00
=============================================
Wall-clock time (second) for this DI:            0.00
DI done!

iteration:   4
--------------------------------------------------------------------------------
FC starts ...
File containing the features to be rejected: feature_space/Uspace.name
Total number of features in the space phi00:              1
Total number of features in the space phi00:              1
Total number of features in the space phi01:              8
Total number of features in the space phi02:            132
Size of the SIS-selected subspace from phi02:          1
Wall-clock time (second) for this FC:            0.00
FC done!

DI starts ...
parameter "fs_size_DI" set to          4
parameter "fs_size_L0" set to          4
L0 starts ..., space size:          4

Model/descriptor for generating residual:
=============================================
  4D descriptor (model): 
Total LS_RMSE,LS_MaxAE:   0.203830  0.711925
@@@descriptor: 
                      1:[(log(R)/(R)^3)]
                      2:[(log(R)/(R)^2)]
                      3:[exp((R)^3)]
                      4:[((R)^3)^3]
       coefficients_001:     0.42281E+02   -0.73824E+01    0.85328E-03    0.29074E-02
          Intercept_001:    -0.42635E+01
       LSrmse,maxAE_001:     0.20383E+00    0.71193E+00
=============================================
Wall-clock time (second) for this DI:            0.00
DI done!

iteration:   5
--------------------------------------------------------------------------------
FC starts ...
File containing the features to be rejected: feature_space/Uspace.name
Total number of features in the space phi00:              1
Total number of features in the space phi00:              1
Total number of features in the space phi01:              8
Total number of features in the space phi02:            132
Size of the SIS-selected subspace from phi02:          1
Wall-clock time (second) for this FC:            0.00
FC done!

DI starts ...
parameter "fs_size_DI" set to          5
parameter "fs_size_L0" set to          5
L0 starts ..., space size:          5

Model/descriptor for generating residual:
=============================================
  5D descriptor (model): 
Total LS_RMSE,LS_MaxAE:   0.203341  0.715630
@@@descriptor: 
                      1:[(log(R)/(R)^3)]
                      2:[(log(R)/(R)^2)]
                      3:[exp((R)^3)]
                      4:[((R)^3)^3]
                      5:[((R)^2/log(R))]
       coefficients_001:     0.14034E+03    0.92132E+02   -0.47927E-02    0.25744E-01    0.34309E+01
          Intercept_001:    -0.53732E+02
       LSrmse,maxAE_001:     0.20334E+00    0.71563E+00
=============================================
Wall-clock time (second) for this DI:            0.00
DI done!

iteration:   6
--------------------------------------------------------------------------------
FC starts ...
File containing the features to be rejected: feature_space/Uspace.name
Total number of features in the space phi00:              1
Total number of features in the space phi00:              1
Total number of features in the space phi01:              8
Total number of features in the space phi02:            132
Size of the SIS-selected subspace from phi02:          1
Wall-clock time (second) for this FC:            0.00
FC done!

DI starts ...
parameter "fs_size_DI" set to          6
parameter "fs_size_L0" set to          6
L0 starts ..., space size:          6

Final model/descriptor to report
=============================================
  6D descriptor (model): 
Total LS_RMSE,LS_MaxAE:   0.201952  0.732297
@@@descriptor: 
                      1:[(log(R)/(R)^3)]
                      2:[(log(R)/(R)^2)]
                      3:[exp((R)^3)]
                      4:[((R)^3)^3]
                      5:[((R)^2/log(R))]
                      6:[(log(R))^3]
       coefficients_001:    -0.23972E+04    0.61899E+02   -0.43493E-01    0.42551E+00   -0.28633E+02   -0.74892E+03
          Intercept_001:     0.47024E+03
       LSrmse,maxAE_001:     0.20195E+00    0.73230E+00
=============================================
Wall-clock time (second) for this DI:            0.00
DI done!

FCDI done !

--------------------------------------------------------------------------------
Total wall-clock time (second):            1.00

                                               Have a nice day !    

