SISSO version 2.3
================================================================================

Reading data from train.dat ...
Reading parameters from SISSO.in: 
--------------------------------------------------------------------------------
task: FCDI
restarts FCDI?      F
descriptor dimension:        6
property type:   quanti
total number of properties:        1
number of samples for each property:       45
number of scalar features:       11
times of applying the operator set for feature construction (rung of the feature space):        2
max complexity (number of operators in a feature):       10
number of dimension(unit)-type (for dimension analysis):        4
dimension type for each primary feature: 
  1.00  0.00  0.00  0.00
  0.00  1.00  0.00  0.00
  0.00  0.00  1.00  0.00
  0.00  0.00  1.00  0.00
  0.00  0.00  1.00  0.00
  0.00  0.00  1.00  0.00
  0.00  0.00  1.00  0.00
  0.00  0.00  1.00  0.00
  0.00  0.00  1.00  0.00
  0.00  0.00  0.00  1.00
  0.00  0.00  0.00  1.00
lower bound of the max abs. data value for the selected features:     0.1000000000E-02
upper bound of the max abs. data value for the selected features:     0.1000000000E+06
SIS-selected (single) subspace size:       10
operator set for feature construction: (+)(-)(*)(/)(exp)(log)(^-1)(^2)(^3)(sqrt)(cbrt)(|-|) 
method for sparsification:  L0        
number of the top ranked models to output:      100
metric for the L0: LS_RMSE
---------------------------------------------------------------------------------

FCDI starts ...

iteration:   1
--------------------------------------------------------------------------------
FC starts ...
Standard Deviation (SD) of property 001:    0.21847
Total number of features in the space phi00:             11
Total number of features in the space phi00:             11
Total number of features in the space phi01:            321
Total number of features in the space phi02:         169482
Size of the SIS-selected subspace from phi02:         10
Wall-clock time (second) for this FC:            0.00
FC done!

DI starts ...
parameter "fs_size_DI" set to         10
parameter "fs_size_L0" set to         10
L0 starts ..., space size:         10

Model/descriptor for generating residual:
=============================================
  1D descriptor (model): 
Total LS_RMSE,LS_MaxAE:   0.119678  0.479316
@@@descriptor: 
                      1:[((F/C)+(DS/I))]
       coefficients_001:    -0.31701E+00
          Intercept_001:     0.10437E+00
       LSrmse,maxAE_001:     0.11968E+00    0.47932E+00
=============================================
Wall-clock time (second) for this DI:            0.00
DI done!

iteration:   2
--------------------------------------------------------------------------------
FC starts ...
File containing the features to be rejected: feature_space/Uspace.name
Total number of features in the space phi00:             11
Total number of features in the space phi00:             11
Total number of features in the space phi01:            321
Total number of features in the space phi02:         169482
Size of the SIS-selected subspace from phi02:         10
Wall-clock time (second) for this FC:            0.00
FC done!

DI starts ...
parameter "fs_size_DI" set to         20
parameter "fs_size_L0" set to         20
L0 starts ..., space size:         20

Model/descriptor for generating residual:
=============================================
  2D descriptor (model): 
Total LS_RMSE,LS_MaxAE:   0.082599  0.259031
@@@descriptor: 
                      1:[((F/C)+(DS/I))]
                     13:[abs((DB/DS)-(DS/DB))]
       coefficients_001:    -0.26633E+00   -0.26140E-01
          Intercept_001:     0.70226E-01
       LSrmse,maxAE_001:     0.82599E-01    0.25903E+00
=============================================
Wall-clock time (second) for this DI:            0.00
DI done!

iteration:   3
--------------------------------------------------------------------------------
FC starts ...
File containing the features to be rejected: feature_space/Uspace.name
Total number of features in the space phi00:             11
Total number of features in the space phi00:             11
Total number of features in the space phi01:            321
Total number of features in the space phi02:         169482
Size of the SIS-selected subspace from phi02:         10
Wall-clock time (second) for this FC:            1.00
FC done!

DI starts ...
parameter "fs_size_DI" set to         30
parameter "fs_size_L0" set to         30
L0 starts ..., space size:         30

Model/descriptor for generating residual:
=============================================
  3D descriptor (model): 
Total LS_RMSE,LS_MaxAE:   0.061764  0.142699
@@@descriptor: 
                      7:[((H+DB)*(CN-ECN))]
                     13:[abs((DB/DS)-(DS/DB))]
                     26:[abs((L-H)-abs(L-DB))]
       coefficients_001:    -0.22964E-01   -0.34131E-01   -0.72309E-01
          Intercept_001:    -0.31109E+00
       LSrmse,maxAE_001:     0.61764E-01    0.14270E+00
=============================================
Wall-clock time (second) for this DI:            0.00
DI done!

iteration:   4
--------------------------------------------------------------------------------
FC starts ...
File containing the features to be rejected: feature_space/Uspace.name
Total number of features in the space phi00:             11
Total number of features in the space phi00:             11
Total number of features in the space phi01:            321
Total number of features in the space phi02:         169482
Size of the SIS-selected subspace from phi02:         10
Wall-clock time (second) for this FC:            0.00
FC done!

DI starts ...
parameter "fs_size_DI" set to         40
parameter "fs_size_L0" set to         40
L0 starts ..., space size:         40

Model/descriptor for generating residual:
=============================================
  4D descriptor (model): 
Total LS_RMSE,LS_MaxAE:   0.049288  0.136760
@@@descriptor: 
                     10:[((C-F)+abs(H-DS))]
                     13:[abs((DB/DS)-(DS/DB))]
                     21:[(exp(C)/(H-L))]
                     22:[((C-H)/(DS)^2)]
       coefficients_001:    -0.56960E-01   -0.29660E-01    0.76972E+00   -0.20160E-03
          Intercept_001:     0.60485E-01
       LSrmse,maxAE_001:     0.49288E-01    0.13676E+00
=============================================
Wall-clock time (second) for this DI:            1.00
DI done!

iteration:   5
--------------------------------------------------------------------------------
FC starts ...
File containing the features to be rejected: feature_space/Uspace.name
Total number of features in the space phi00:             11
Total number of features in the space phi00:             11
Total number of features in the space phi01:            321
Total number of features in the space phi02:         169482
Size of the SIS-selected subspace from phi02:         10
Wall-clock time (second) for this FC:            0.00
FC done!

DI starts ...
parameter "fs_size_DI" set to         50
parameter "fs_size_L0" set to         50
L0 starts ..., space size:         50

Model/descriptor for generating residual:
=============================================
  5D descriptor (model): 
Total LS_RMSE,LS_MaxAE:   0.041901  0.098066
@@@descriptor: 
                     10:[((C-F)+abs(H-DS))]
                     13:[abs((DB/DS)-(DS/DB))]
                     21:[(exp(C)/(H-L))]
                     22:[((C-H)/(DS)^2)]
                     41:[((F*L)*abs(C-H))]
       coefficients_001:    -0.57486E-01   -0.30201E-01    0.82763E+00   -0.17988E-03    0.19871E-02
          Intercept_001:     0.34401E-01
       LSrmse,maxAE_001:     0.41901E-01    0.98066E-01
=============================================
Wall-clock time (second) for this DI:           15.00
DI done!

iteration:   6
--------------------------------------------------------------------------------
FC starts ...
File containing the features to be rejected: feature_space/Uspace.name
Total number of features in the space phi00:             11
Total number of features in the space phi00:             11
Total number of features in the space phi01:            321
Total number of features in the space phi02:         169482
Size of the SIS-selected subspace from phi02:         10
Wall-clock time (second) for this FC:            0.00
FC done!

DI starts ...
parameter "fs_size_DI" set to         60
parameter "fs_size_L0" set to         60
L0 starts ..., space size:         60

Final model/descriptor to report
=============================================
  6D descriptor (model): 
Total LS_RMSE,LS_MaxAE:   0.035945  0.073501
@@@descriptor: 
                     10:[((C-F)+abs(H-DS))]
                     13:[abs((DB/DS)-(DS/DB))]
                     21:[(exp(C)/(H-L))]
                     22:[((C-H)/(DS)^2)]
                     42:[((C*L)*abs(C-H))]
                     53:[((E/H)*(R)^3)]
       coefficients_001:    -0.50670E-01   -0.32057E-01    0.71779E+00   -0.16643E-03    0.30063E-02    0.98204E-01
          Intercept_001:     0.11188E+00
       LSrmse,maxAE_001:     0.35945E-01    0.73501E-01
=============================================
Wall-clock time (second) for this DI:          434.00
DI done!

FCDI done !

--------------------------------------------------------------------------------
Total wall-clock time (second):          451.00

                                               Have a nice day !    

