=========================================
SLURM_JOB_ID = 18020
SLURM_JOB_NODELIST = node20-19
SLURM_CPUS_ON_NODE = 1
SLURM_JOB_PARTITION = RT
SLURM_TASK_PID = 711966
==========================================
[W 10:16:24.276 NotebookApp] WARNING: The notebook server is listening on all IP addresses and not using encryption. This is not recommended.
[I 10:16:24.279 NotebookApp] Serving notebooks from local directory: /home/common/studhedp03/7_seminar_LRP_on_lattice/on-lattice-core/test
[I 10:16:24.279 NotebookApp] Jupyter Notebook 6.4.10 is running at:
[I 10:16:24.279 NotebookApp] http://node20-19:6330/
[I 10:16:24.279 NotebookApp] Use Control-C to stop this server and shut down all kernels (twice to skip confirmation).
[I 10:18:01.693 NotebookApp] 302 GET / (10.20.0.1) 0.410000ms
[W 10:18:16.890 NotebookApp] Notebook 7_seminar_LRP_in_use.ipynb is not trusted
[W 10:18:16.914 NotebookApp] 404 GET /nbextensions/widgets/notebook/js/extension.js?v=20220413101621 (10.20.0.1) 13.090000ms referer=http://localhost:6330/notebooks/7_seminar_LRP_in_use.ipynb
[I 10:18:18.359 NotebookApp] Kernel started: 7ca6f0fe-41ad-415f-b079-c3e2715fdc80, name: python3
[I 10:20:18.435 NotebookApp] Saving file at /7_seminar_LRP_in_use.ipynb
[W 10:20:18.436 NotebookApp] Notebook 7_seminar_LRP_in_use.ipynb is not trusted
[I 10:22:18.437 NotebookApp] Saving file at /7_seminar_LRP_in_use.ipynb
[W 10:22:18.438 NotebookApp] Notebook 7_seminar_LRP_in_use.ipynb is not trusted
[I 10:24:18.498 NotebookApp] Saving file at /7_seminar_LRP_in_use.ipynb
[W 10:24:18.499 NotebookApp] Notebook 7_seminar_LRP_in_use.ipynb is not trusted
[I 10:30:18.662 NotebookApp] Saving file at /7_seminar_LRP_in_use.ipynb
[W 10:30:18.663 NotebookApp] Notebook 7_seminar_LRP_in_use.ipynb is not trusted
[W 11:33:23.663 NotebookApp] Notebook 7_seminar_LRP_in_use.ipynb is not trusted
[W 11:33:23.668 NotebookApp] Trusting notebook /7_seminar_LRP_in_use.ipynb
[I 11:33:24.196 NotebookApp] Starting buffering for 7ca6f0fe-41ad-415f-b079-c3e2715fdc80:43c8e10b73cf4f9399fc1d19ca942f9c
[W 11:33:24.622 NotebookApp] 404 GET /nbextensions/widgets/notebook/js/extension.js?v=20220413101621 (10.20.0.1) 2.490000ms referer=http://localhost:6330/notebooks/7_seminar_LRP_in_use.ipynb
[I 11:55:26.447 NotebookApp] Saving file at /7_seminar_LRP_in_use.ipynb
[I 12:01:26.431 NotebookApp] Saving file at /7_seminar_LRP_in_use.ipynb
[I 12:03:26.428 NotebookApp] Saving file at /7_seminar_LRP_in_use.ipynb
[I 12:05:26.450 NotebookApp] Saving file at /7_seminar_LRP_in_use.ipynb
[W 12:05:26.487 NotebookApp] Non-unique cell id 'ddb1012a' detected. Corrected to 'e1d857d3'.
[W 12:05:26.488 NotebookApp] Non-unique cell id '4d824525' detected. Corrected to '044fbad8'.
[W 12:05:26.533 NotebookApp] Non-unique cell id 'ddb1012a' detected. Corrected to '623d13b9'.
[W 12:05:26.533 NotebookApp] Non-unique cell id '4d824525' detected. Corrected to 'b5792331'.
[I 12:07:26.434 NotebookApp] Saving file at /7_seminar_LRP_in_use.ipynb
[W 12:07:26.469 NotebookApp] Non-unique cell id 'ddb1012a' detected. Corrected to 'f6a4a42f'.
[W 12:07:26.469 NotebookApp] Non-unique cell id '4d824525' detected. Corrected to 'ae47a8e6'.
[W 12:07:26.514 NotebookApp] Non-unique cell id 'ddb1012a' detected. Corrected to '63479fd2'.
[W 12:07:26.514 NotebookApp] Non-unique cell id '4d824525' detected. Corrected to '48083c5e'.
[I 12:09:26.463 NotebookApp] Saving file at /7_seminar_LRP_in_use.ipynb
[W 12:09:26.498 NotebookApp] Non-unique cell id 'ddb1012a' detected. Corrected to '5660f94f'.
[W 12:09:26.498 NotebookApp] Non-unique cell id '4d824525' detected. Corrected to '1c901847'.
[W 12:09:26.545 NotebookApp] Non-unique cell id 'ddb1012a' detected. Corrected to '45d210c3'.
[W 12:09:26.545 NotebookApp] Non-unique cell id '4d824525' detected. Corrected to '9e29a930'.
[I 12:11:27.168 NotebookApp] Saving file at /7_seminar_LRP_in_use.ipynb
[W 12:11:27.204 NotebookApp] Non-unique cell id 'ddb1012a' detected. Corrected to '034761e9'.
[W 12:11:27.204 NotebookApp] Non-unique cell id '4d824525' detected. Corrected to '5f9b2aa5'.
[W 12:11:27.458 NotebookApp] Non-unique cell id 'ddb1012a' detected. Corrected to '5b29347a'.
[W 12:11:27.458 NotebookApp] Non-unique cell id '4d824525' detected. Corrected to '9a8ee5a7'.
[I 12:13:26.422 NotebookApp] Saving file at /7_seminar_LRP_in_use.ipynb
[W 12:13:26.456 NotebookApp] Non-unique cell id 'ddb1012a' detected. Corrected to '75f56151'.
[W 12:13:26.456 NotebookApp] Non-unique cell id '4d824525' detected. Corrected to '9bf44f06'.
[W 12:13:26.456 NotebookApp] Non-unique cell id 'a21270fb' detected. Corrected to '4667310d'.
[W 12:13:26.456 NotebookApp] Non-unique cell id '70e78f4a' detected. Corrected to 'e2773774'.
[W 12:13:26.456 NotebookApp] Non-unique cell id '3adb6417' detected. Corrected to '52fcc0ce'.
[W 12:13:26.456 NotebookApp] Non-unique cell id '5f665fc6' detected. Corrected to '489f3e87'.
[W 12:13:26.456 NotebookApp] Non-unique cell id '872ff984' detected. Corrected to 'b218bf91'.
[W 12:13:26.503 NotebookApp] Non-unique cell id 'ddb1012a' detected. Corrected to 'f5a0a6a4'.
[W 12:13:26.503 NotebookApp] Non-unique cell id '4d824525' detected. Corrected to '026c65f2'.
[W 12:13:26.503 NotebookApp] Non-unique cell id 'a21270fb' detected. Corrected to 'b3473d45'.
[W 12:13:26.503 NotebookApp] Non-unique cell id '70e78f4a' detected. Corrected to '266fbc11'.
[W 12:13:26.503 NotebookApp] Non-unique cell id '3adb6417' detected. Corrected to '04b181c8'.
[W 12:13:26.503 NotebookApp] Non-unique cell id '5f665fc6' detected. Corrected to 'a83ff43c'.
[W 12:13:26.503 NotebookApp] Non-unique cell id '872ff984' detected. Corrected to '3157ed1e'.
[I 12:15:26.429 NotebookApp] Saving file at /7_seminar_LRP_in_use.ipynb
[W 12:15:26.464 NotebookApp] Non-unique cell id 'ddb1012a' detected. Corrected to 'c2c2624d'.
[W 12:15:26.464 NotebookApp] Non-unique cell id '4d824525' detected. Corrected to '493e1ccd'.
[W 12:15:26.464 NotebookApp] Non-unique cell id 'a21270fb' detected. Corrected to 'b4bd67c8'.
[W 12:15:26.464 NotebookApp] Non-unique cell id '70e78f4a' detected. Corrected to '01e3dad7'.
[W 12:15:26.464 NotebookApp] Non-unique cell id '3adb6417' detected. Corrected to '664c2ad3'.
[W 12:15:26.465 NotebookApp] Non-unique cell id '5f665fc6' detected. Corrected to '4270131e'.
[W 12:15:26.465 NotebookApp] Non-unique cell id '872ff984' detected. Corrected to 'a4ad91c4'.
[W 12:15:26.512 NotebookApp] Non-unique cell id 'ddb1012a' detected. Corrected to '2229ed64'.
[W 12:15:26.512 NotebookApp] Non-unique cell id '4d824525' detected. Corrected to '80507f84'.
[W 12:15:26.512 NotebookApp] Non-unique cell id 'a21270fb' detected. Corrected to '4b9ab3f5'.
[W 12:15:26.512 NotebookApp] Non-unique cell id '70e78f4a' detected. Corrected to 'ec1e6123'.
[W 12:15:26.512 NotebookApp] Non-unique cell id '3adb6417' detected. Corrected to '2cb6432e'.
[W 12:15:26.512 NotebookApp] Non-unique cell id '5f665fc6' detected. Corrected to '2af7db86'.
[W 12:15:26.512 NotebookApp] Non-unique cell id '872ff984' detected. Corrected to '66c6110a'.
[I 12:17:26.424 NotebookApp] Saving file at /7_seminar_LRP_in_use.ipynb
[W 12:17:26.458 NotebookApp] Non-unique cell id 'ddb1012a' detected. Corrected to '839f55f0'.
[W 12:17:26.458 NotebookApp] Non-unique cell id '4d824525' detected. Corrected to '2b92ce5d'.
[W 12:17:26.458 NotebookApp] Non-unique cell id 'a21270fb' detected. Corrected to 'b813fbd7'.
[W 12:17:26.458 NotebookApp] Non-unique cell id '70e78f4a' detected. Corrected to 'ef2b784f'.
[W 12:17:26.458 NotebookApp] Non-unique cell id '3adb6417' detected. Corrected to '40510f78'.
[W 12:17:26.458 NotebookApp] Non-unique cell id '5f665fc6' detected. Corrected to '21f5a062'.
[W 12:17:26.458 NotebookApp] Non-unique cell id '872ff984' detected. Corrected to 'c9e012ed'.
[W 12:17:26.458 NotebookApp] Non-unique cell id '3d27ffbb' detected. Corrected to '54413d7e'.
[W 12:17:26.458 NotebookApp] Non-unique cell id '241cb929' detected. Corrected to '71a893e8'.
[W 12:17:26.458 NotebookApp] Non-unique cell id '1f70df2b' detected. Corrected to 'd977305b'.
[W 12:17:26.511 NotebookApp] Non-unique cell id 'ddb1012a' detected. Corrected to 'cb85c62b'.
[W 12:17:26.511 NotebookApp] Non-unique cell id '4d824525' detected. Corrected to '3061b111'.
[W 12:17:26.511 NotebookApp] Non-unique cell id 'a21270fb' detected. Corrected to 'ec6b032d'.
[W 12:17:26.511 NotebookApp] Non-unique cell id '70e78f4a' detected. Corrected to 'b9559503'.
[W 12:17:26.511 NotebookApp] Non-unique cell id '3adb6417' detected. Corrected to '8807ba74'.
[W 12:17:26.511 NotebookApp] Non-unique cell id '5f665fc6' detected. Corrected to '63068fe8'.
[W 12:17:26.511 NotebookApp] Non-unique cell id '872ff984' detected. Corrected to 'e43c5d06'.
[W 12:17:26.511 NotebookApp] Non-unique cell id '3d27ffbb' detected. Corrected to '41e1aae6'.
[W 12:17:26.511 NotebookApp] Non-unique cell id '241cb929' detected. Corrected to '092b41f6'.
[W 12:17:26.511 NotebookApp] Non-unique cell id '1f70df2b' detected. Corrected to 'b502fdd8'.
[I 12:19:26.437 NotebookApp] Saving file at /7_seminar_LRP_in_use.ipynb
[W 12:19:26.488 NotebookApp] Non-unique cell id 'ddb1012a' detected. Corrected to '64a5d358'.
[W 12:19:26.488 NotebookApp] Non-unique cell id '4d824525' detected. Corrected to 'ac0d2272'.
[W 12:19:26.488 NotebookApp] Non-unique cell id 'a21270fb' detected. Corrected to 'd834f7a7'.
[W 12:19:26.488 NotebookApp] Non-unique cell id '70e78f4a' detected. Corrected to '228c0b88'.
[W 12:19:26.488 NotebookApp] Non-unique cell id '3adb6417' detected. Corrected to '5eedca16'.
[W 12:19:26.488 NotebookApp] Non-unique cell id '5f665fc6' detected. Corrected to '1a21ac5a'.
[W 12:19:26.488 NotebookApp] Non-unique cell id '872ff984' detected. Corrected to 'e223a666'.
[W 12:19:26.488 NotebookApp] Non-unique cell id '3d27ffbb' detected. Corrected to '85af6963'.
[W 12:19:26.488 NotebookApp] Non-unique cell id '241cb929' detected. Corrected to 'ad3a43e9'.
[W 12:19:26.488 NotebookApp] Non-unique cell id '1f70df2b' detected. Corrected to '92141be7'.
[W 12:19:26.488 NotebookApp] Non-unique cell id '552e4264' detected. Corrected to 'cd605a38'.
[W 12:19:26.488 NotebookApp] Non-unique cell id '5566c32c' detected. Corrected to '1beef1d0'.
[W 12:19:26.488 NotebookApp] Non-unique cell id '0ad794a2' detected. Corrected to '065f6edf'.
[W 12:19:26.565 NotebookApp] Non-unique cell id 'ddb1012a' detected. Corrected to 'aed662e8'.
[W 12:19:26.565 NotebookApp] Non-unique cell id '4d824525' detected. Corrected to 'a247aa56'.
[W 12:19:26.565 NotebookApp] Non-unique cell id 'a21270fb' detected. Corrected to '4e5abd81'.
[W 12:19:26.566 NotebookApp] Non-unique cell id '70e78f4a' detected. Corrected to '2cc08a9a'.
[W 12:19:26.566 NotebookApp] Non-unique cell id '3adb6417' detected. Corrected to '4840a7fe'.
[W 12:19:26.566 NotebookApp] Non-unique cell id '5f665fc6' detected. Corrected to '9ca653f8'.
[W 12:19:26.566 NotebookApp] Non-unique cell id '872ff984' detected. Corrected to 'c1c6e42a'.
[W 12:19:26.566 NotebookApp] Non-unique cell id '3d27ffbb' detected. Corrected to 'bc695fa6'.
[W 12:19:26.566 NotebookApp] Non-unique cell id '241cb929' detected. Corrected to '90bc7453'.
[W 12:19:26.566 NotebookApp] Non-unique cell id '1f70df2b' detected. Corrected to '9e90fd6d'.
[W 12:19:26.566 NotebookApp] Non-unique cell id '552e4264' detected. Corrected to '187fb17c'.
[W 12:19:26.566 NotebookApp] Non-unique cell id '5566c32c' detected. Corrected to '2353daf9'.
[W 12:19:26.566 NotebookApp] Non-unique cell id '0ad794a2' detected. Corrected to '4d8d310e'.
[I 12:21:26.432 NotebookApp] Saving file at /7_seminar_LRP_in_use.ipynb
[W 12:21:26.474 NotebookApp] Non-unique cell id 'ddb1012a' detected. Corrected to '8938cb1c'.
[W 12:21:26.474 NotebookApp] Non-unique cell id '4d824525' detected. Corrected to 'd609776a'.
[W 12:21:26.474 NotebookApp] Non-unique cell id 'a21270fb' detected. Corrected to '2e2e5245'.
[W 12:21:26.474 NotebookApp] Non-unique cell id '70e78f4a' detected. Corrected to 'd2f27832'.
[W 12:21:26.474 NotebookApp] Non-unique cell id '3adb6417' detected. Corrected to '8b6a137e'.
[W 12:21:26.474 NotebookApp] Non-unique cell id '5f665fc6' detected. Corrected to 'b599574c'.
[W 12:21:26.474 NotebookApp] Non-unique cell id '872ff984' detected. Corrected to '3adbaeec'.
[W 12:21:26.474 NotebookApp] Non-unique cell id '3d27ffbb' detected. Corrected to '84df3895'.
[W 12:21:26.474 NotebookApp] Non-unique cell id '241cb929' detected. Corrected to '3c3f2742'.
[W 12:21:26.475 NotebookApp] Non-unique cell id '1f70df2b' detected. Corrected to 'b4f26317'.
[W 12:21:26.475 NotebookApp] Non-unique cell id '552e4264' detected. Corrected to 'f8392188'.
[W 12:21:26.475 NotebookApp] Non-unique cell id '5566c32c' detected. Corrected to '2f760e23'.
[W 12:21:26.475 NotebookApp] Non-unique cell id '0ad794a2' detected. Corrected to '6417756f'.
[W 12:21:26.558 NotebookApp] Non-unique cell id 'ddb1012a' detected. Corrected to '53a9632f'.
[W 12:21:26.558 NotebookApp] Non-unique cell id '4d824525' detected. Corrected to 'f0ad96b3'.
[W 12:21:26.558 NotebookApp] Non-unique cell id 'a21270fb' detected. Corrected to '335c3bc9'.
[W 12:21:26.558 NotebookApp] Non-unique cell id '70e78f4a' detected. Corrected to 'ca7b7025'.
[W 12:21:26.558 NotebookApp] Non-unique cell id '3adb6417' detected. Corrected to '46668597'.
[W 12:21:26.558 NotebookApp] Non-unique cell id '5f665fc6' detected. Corrected to '81b0c08d'.
[W 12:21:26.559 NotebookApp] Non-unique cell id '872ff984' detected. Corrected to 'e6f36347'.
[W 12:21:26.559 NotebookApp] Non-unique cell id '3d27ffbb' detected. Corrected to 'd4121507'.
[W 12:21:26.559 NotebookApp] Non-unique cell id '241cb929' detected. Corrected to '1bc5e049'.
[W 12:21:26.559 NotebookApp] Non-unique cell id '1f70df2b' detected. Corrected to '201e6794'.
[W 12:21:26.559 NotebookApp] Non-unique cell id '552e4264' detected. Corrected to 'c2ad46ad'.
[W 12:21:26.559 NotebookApp] Non-unique cell id '5566c32c' detected. Corrected to '0aba8456'.
[W 12:21:26.559 NotebookApp] Non-unique cell id '0ad794a2' detected. Corrected to '2b89a37a'.
[I 12:25:26.462 NotebookApp] Saving file at /7_seminar_LRP_in_use.ipynb
[W 12:25:26.501 NotebookApp] Non-unique cell id 'ddb1012a' detected. Corrected to '337fd4cf'.
[W 12:25:26.501 NotebookApp] Non-unique cell id '4d824525' detected. Corrected to 'd9a04fd0'.
[W 12:25:26.502 NotebookApp] Non-unique cell id 'a21270fb' detected. Corrected to 'd9c8e217'.
[W 12:25:26.502 NotebookApp] Non-unique cell id '70e78f4a' detected. Corrected to '3f1fb482'.
[W 12:25:26.502 NotebookApp] Non-unique cell id '3adb6417' detected. Corrected to 'de9efaab'.
[W 12:25:26.502 NotebookApp] Non-unique cell id '5f665fc6' detected. Corrected to '6de1528c'.
[W 12:25:26.502 NotebookApp] Non-unique cell id '872ff984' detected. Corrected to 'e0b2d345'.
[W 12:25:26.502 NotebookApp] Non-unique cell id '3d27ffbb' detected. Corrected to 'f8306872'.
[W 12:25:26.502 NotebookApp] Non-unique cell id '241cb929' detected. Corrected to '31179411'.
[W 12:25:26.502 NotebookApp] Non-unique cell id '1f70df2b' detected. Corrected to '715352b1'.
[W 12:25:26.502 NotebookApp] Non-unique cell id '552e4264' detected. Corrected to '55ba128a'.
[W 12:25:26.502 NotebookApp] Non-unique cell id '5566c32c' detected. Corrected to '140e8989'.
[W 12:25:26.502 NotebookApp] Non-unique cell id '0ad794a2' detected. Corrected to '729e616a'.
[W 12:25:26.556 NotebookApp] Non-unique cell id 'ddb1012a' detected. Corrected to 'd6f56b28'.
[W 12:25:26.556 NotebookApp] Non-unique cell id '4d824525' detected. Corrected to '423feb4c'.
[W 12:25:26.556 NotebookApp] Non-unique cell id 'a21270fb' detected. Corrected to 'ab005646'.
[W 12:25:26.556 NotebookApp] Non-unique cell id '70e78f4a' detected. Corrected to 'a83a9d85'.
[W 12:25:26.556 NotebookApp] Non-unique cell id '3adb6417' detected. Corrected to '2597d98d'.
[W 12:25:26.556 NotebookApp] Non-unique cell id '5f665fc6' detected. Corrected to '32310eff'.
[W 12:25:26.556 NotebookApp] Non-unique cell id '872ff984' detected. Corrected to '4cb54234'.
[W 12:25:26.556 NotebookApp] Non-unique cell id '3d27ffbb' detected. Corrected to 'edd56cc3'.
[W 12:25:26.556 NotebookApp] Non-unique cell id '241cb929' detected. Corrected to 'fa3b8c90'.
[W 12:25:26.557 NotebookApp] Non-unique cell id '1f70df2b' detected. Corrected to '030200d6'.
[W 12:25:26.557 NotebookApp] Non-unique cell id '552e4264' detected. Corrected to '74584716'.
[W 12:25:26.557 NotebookApp] Non-unique cell id '5566c32c' detected. Corrected to 'cf7cb664'.
[W 12:25:26.557 NotebookApp] Non-unique cell id '0ad794a2' detected. Corrected to '25bdab19'.
[I 12:27:26.482 NotebookApp] Saving file at /7_seminar_LRP_in_use.ipynb
[W 12:27:26.525 NotebookApp] Non-unique cell id 'ddb1012a' detected. Corrected to 'c0f68427'.
[W 12:27:26.525 NotebookApp] Non-unique cell id '4d824525' detected. Corrected to '789e983c'.
[W 12:27:26.525 NotebookApp] Non-unique cell id 'a21270fb' detected. Corrected to '8e0a8257'.
[W 12:27:26.525 NotebookApp] Non-unique cell id '70e78f4a' detected. Corrected to 'f34b6e18'.
[W 12:27:26.525 NotebookApp] Non-unique cell id '3adb6417' detected. Corrected to 'd2e1cda9'.
[W 12:27:26.526 NotebookApp] Non-unique cell id '5f665fc6' detected. Corrected to '468e17f1'.
[W 12:27:26.526 NotebookApp] Non-unique cell id '872ff984' detected. Corrected to 'b7eb748b'.
[W 12:27:26.526 NotebookApp] Non-unique cell id '3d27ffbb' detected. Corrected to '00fdcd14'.
[W 12:27:26.526 NotebookApp] Non-unique cell id '241cb929' detected. Corrected to '19b181ee'.
[W 12:27:26.526 NotebookApp] Non-unique cell id '1f70df2b' detected. Corrected to '8dabbf20'.
[W 12:27:26.526 NotebookApp] Non-unique cell id '552e4264' detected. Corrected to '36baa99e'.
[W 12:27:26.526 NotebookApp] Non-unique cell id '5566c32c' detected. Corrected to '525e69a9'.
[W 12:27:26.526 NotebookApp] Non-unique cell id '0ad794a2' detected. Corrected to 'fb6e5c40'.
[W 12:27:26.581 NotebookApp] Non-unique cell id 'ddb1012a' detected. Corrected to '22fb5d58'.
[W 12:27:26.581 NotebookApp] Non-unique cell id '4d824525' detected. Corrected to '9b5a02ee'.
[W 12:27:26.581 NotebookApp] Non-unique cell id 'a21270fb' detected. Corrected to 'bfdbfef0'.
[W 12:27:26.581 NotebookApp] Non-unique cell id '70e78f4a' detected. Corrected to '4b2345a8'.
[W 12:27:26.581 NotebookApp] Non-unique cell id '3adb6417' detected. Corrected to '6a731c03'.
[W 12:27:26.581 NotebookApp] Non-unique cell id '5f665fc6' detected. Corrected to '4793e75d'.
[W 12:27:26.581 NotebookApp] Non-unique cell id '872ff984' detected. Corrected to '5702487d'.
[W 12:27:26.581 NotebookApp] Non-unique cell id '3d27ffbb' detected. Corrected to 'bc966979'.
[W 12:27:26.581 NotebookApp] Non-unique cell id '241cb929' detected. Corrected to 'a89b88e4'.
[W 12:27:26.581 NotebookApp] Non-unique cell id '1f70df2b' detected. Corrected to '28dda70a'.
[W 12:27:26.581 NotebookApp] Non-unique cell id '552e4264' detected. Corrected to 'a79ebc3f'.
[W 12:27:26.581 NotebookApp] Non-unique cell id '5566c32c' detected. Corrected to 'dcc12bcf'.
[W 12:27:26.581 NotebookApp] Non-unique cell id '0ad794a2' detected. Corrected to '1b349300'.
[I 12:29:26.434 NotebookApp] Saving file at /7_seminar_LRP_in_use.ipynb
[W 12:29:26.472 NotebookApp] Non-unique cell id 'ddb1012a' detected. Corrected to '711a5011'.
[W 12:29:26.472 NotebookApp] Non-unique cell id '4d824525' detected. Corrected to 'ef4d7456'.
[W 12:29:26.472 NotebookApp] Non-unique cell id 'a21270fb' detected. Corrected to 'b75bc00f'.
[W 12:29:26.472 NotebookApp] Non-unique cell id '70e78f4a' detected. Corrected to 'cd05dd77'.
[W 12:29:26.472 NotebookApp] Non-unique cell id '3adb6417' detected. Corrected to '1b0c575f'.
[W 12:29:26.473 NotebookApp] Non-unique cell id '5f665fc6' detected. Corrected to 'b58ddbe1'.
[W 12:29:26.473 NotebookApp] Non-unique cell id '872ff984' detected. Corrected to 'bcdf4b66'.
[W 12:29:26.473 NotebookApp] Non-unique cell id '3d27ffbb' detected. Corrected to '4e8cf419'.
[W 12:29:26.473 NotebookApp] Non-unique cell id '241cb929' detected. Corrected to '1cfd18da'.
[W 12:29:26.473 NotebookApp] Non-unique cell id '1f70df2b' detected. Corrected to '0fa8957c'.
[W 12:29:26.473 NotebookApp] Non-unique cell id '552e4264' detected. Corrected to '27346dca'.
[W 12:29:26.473 NotebookApp] Non-unique cell id '5566c32c' detected. Corrected to '7f234119'.
[W 12:29:26.473 NotebookApp] Non-unique cell id '0ad794a2' detected. Corrected to '2a16f7df'.
[W 12:29:26.528 NotebookApp] Non-unique cell id 'ddb1012a' detected. Corrected to '7dad042c'.
[W 12:29:26.528 NotebookApp] Non-unique cell id '4d824525' detected. Corrected to '17f785a1'.
[W 12:29:26.528 NotebookApp] Non-unique cell id 'a21270fb' detected. Corrected to '1236f9ab'.
[W 12:29:26.528 NotebookApp] Non-unique cell id '70e78f4a' detected. Corrected to '656efdfe'.
[W 12:29:26.528 NotebookApp] Non-unique cell id '3adb6417' detected. Corrected to '9b4cde5b'.
[W 12:29:26.528 NotebookApp] Non-unique cell id '5f665fc6' detected. Corrected to '90490b8e'.
[W 12:29:26.528 NotebookApp] Non-unique cell id '872ff984' detected. Corrected to '9265322e'.
[W 12:29:26.528 NotebookApp] Non-unique cell id '3d27ffbb' detected. Corrected to 'd2a77662'.
[W 12:29:26.528 NotebookApp] Non-unique cell id '241cb929' detected. Corrected to 'edf77959'.
[W 12:29:26.528 NotebookApp] Non-unique cell id '1f70df2b' detected. Corrected to 'c2dfe3c5'.
[W 12:29:26.528 NotebookApp] Non-unique cell id '552e4264' detected. Corrected to 'f1954122'.
[W 12:29:26.528 NotebookApp] Non-unique cell id '5566c32c' detected. Corrected to '7596116f'.
[W 12:29:26.528 NotebookApp] Non-unique cell id '0ad794a2' detected. Corrected to '13974867'.
[I 12:31:26.460 NotebookApp] Saving file at /7_seminar_LRP_in_use.ipynb
[W 12:31:26.501 NotebookApp] Non-unique cell id 'ddb1012a' detected. Corrected to 'cd02c027'.
[W 12:31:26.501 NotebookApp] Non-unique cell id '4d824525' detected. Corrected to '61d7d1ae'.
[W 12:31:26.501 NotebookApp] Non-unique cell id 'a21270fb' detected. Corrected to '586ee6aa'.
[W 12:31:26.501 NotebookApp] Non-unique cell id '70e78f4a' detected. Corrected to '7c81464b'.
[W 12:31:26.501 NotebookApp] Non-unique cell id '3adb6417' detected. Corrected to '37f7f572'.
[W 12:31:26.501 NotebookApp] Non-unique cell id '5f665fc6' detected. Corrected to '45dfd475'.
[W 12:31:26.501 NotebookApp] Non-unique cell id '872ff984' detected. Corrected to '7da65795'.
[W 12:31:26.502 NotebookApp] Non-unique cell id '241cb929' detected. Corrected to 'bc1e3fde'.
[W 12:31:26.502 NotebookApp] Non-unique cell id '552e4264' detected. Corrected to 'd40cba3a'.
[W 12:31:26.502 NotebookApp] Non-unique cell id '5566c32c' detected. Corrected to 'f6f6448b'.
[W 12:31:26.502 NotebookApp] Non-unique cell id '0ad794a2' detected. Corrected to '3d228677'.
[W 12:31:26.554 NotebookApp] Non-unique cell id 'ddb1012a' detected. Corrected to 'a9833a10'.
[W 12:31:26.554 NotebookApp] Non-unique cell id '4d824525' detected. Corrected to '9fe6dd2d'.
[W 12:31:26.554 NotebookApp] Non-unique cell id 'a21270fb' detected. Corrected to '44155b2d'.
[W 12:31:26.554 NotebookApp] Non-unique cell id '70e78f4a' detected. Corrected to '36b16801'.
[W 12:31:26.554 NotebookApp] Non-unique cell id '3adb6417' detected. Corrected to 'bd2513d6'.
[W 12:31:26.554 NotebookApp] Non-unique cell id '5f665fc6' detected. Corrected to '6b144438'.
[W 12:31:26.554 NotebookApp] Non-unique cell id '872ff984' detected. Corrected to '45e8ff12'.
[W 12:31:26.554 NotebookApp] Non-unique cell id '241cb929' detected. Corrected to 'ec3d38f5'.
[W 12:31:26.554 NotebookApp] Non-unique cell id '552e4264' detected. Corrected to 'af01dd42'.
[W 12:31:26.554 NotebookApp] Non-unique cell id '5566c32c' detected. Corrected to 'f2afee37'.
[W 12:31:26.554 NotebookApp] Non-unique cell id '0ad794a2' detected. Corrected to 'd6cdf29c'.
[I 12:33:27.158 NotebookApp] Saving file at /7_seminar_LRP_in_use.ipynb
[W 12:33:27.200 NotebookApp] Non-unique cell id 'ddb1012a' detected. Corrected to '3b14996e'.
[W 12:33:27.200 NotebookApp] Non-unique cell id '4d824525' detected. Corrected to '1cac8a90'.
[W 12:33:27.200 NotebookApp] Non-unique cell id 'a21270fb' detected. Corrected to '52ec368a'.
[W 12:33:27.200 NotebookApp] Non-unique cell id '70e78f4a' detected. Corrected to '0d90405b'.
[W 12:33:27.200 NotebookApp] Non-unique cell id '3adb6417' detected. Corrected to '4df5b08e'.
[W 12:33:27.200 NotebookApp] Non-unique cell id '5f665fc6' detected. Corrected to '8006cccd'.
[W 12:33:27.200 NotebookApp] Non-unique cell id '872ff984' detected. Corrected to '64cfdbd7'.
[W 12:33:27.200 NotebookApp] Non-unique cell id '241cb929' detected. Corrected to '7a3b0619'.
[W 12:33:27.200 NotebookApp] Non-unique cell id '552e4264' detected. Corrected to '58b68f78'.
[W 12:33:27.200 NotebookApp] Non-unique cell id '5566c32c' detected. Corrected to 'ee0d29c3'.
[W 12:33:27.201 NotebookApp] Non-unique cell id '0ad794a2' detected. Corrected to '2254105a'.
[W 12:33:27.253 NotebookApp] Non-unique cell id 'ddb1012a' detected. Corrected to '8d78fd50'.
[W 12:33:27.253 NotebookApp] Non-unique cell id '4d824525' detected. Corrected to '6e4fb871'.
[W 12:33:27.253 NotebookApp] Non-unique cell id 'a21270fb' detected. Corrected to '7bbe91cc'.
[W 12:33:27.253 NotebookApp] Non-unique cell id '70e78f4a' detected. Corrected to '9339dec8'.
[W 12:33:27.253 NotebookApp] Non-unique cell id '3adb6417' detected. Corrected to '2d86eb07'.
[W 12:33:27.253 NotebookApp] Non-unique cell id '5f665fc6' detected. Corrected to '3321c5ff'.
[W 12:33:27.253 NotebookApp] Non-unique cell id '872ff984' detected. Corrected to '2124d6ba'.
[W 12:33:27.253 NotebookApp] Non-unique cell id '241cb929' detected. Corrected to 'dd0faff6'.
[W 12:33:27.253 NotebookApp] Non-unique cell id '552e4264' detected. Corrected to '537b97e3'.
[W 12:33:27.253 NotebookApp] Non-unique cell id '5566c32c' detected. Corrected to 'a5243ef1'.
[W 12:33:27.253 NotebookApp] Non-unique cell id '0ad794a2' detected. Corrected to 'bab392bd'.
[I 12:37:26.684 NotebookApp] Saving file at /7_seminar_LRP_in_use.ipynb
[W 12:37:26.725 NotebookApp] Non-unique cell id 'ddb1012a' detected. Corrected to '3d253855'.
[W 12:37:26.725 NotebookApp] Non-unique cell id '4d824525' detected. Corrected to '4d27e770'.
[W 12:37:26.725 NotebookApp] Non-unique cell id 'a21270fb' detected. Corrected to 'feb37974'.
[W 12:37:26.725 NotebookApp] Non-unique cell id '70e78f4a' detected. Corrected to '5c93979d'.
[W 12:37:26.725 NotebookApp] Non-unique cell id '3adb6417' detected. Corrected to 'e0575a10'.
[W 12:37:26.725 NotebookApp] Non-unique cell id '5f665fc6' detected. Corrected to '520f7ee8'.
[W 12:37:26.725 NotebookApp] Non-unique cell id '872ff984' detected. Corrected to '7bed2c18'.
[W 12:37:26.725 NotebookApp] Non-unique cell id '241cb929' detected. Corrected to 'bf1ceba2'.
[W 12:37:26.725 NotebookApp] Non-unique cell id '552e4264' detected. Corrected to '1912fcc1'.
[W 12:37:26.725 NotebookApp] Non-unique cell id '5566c32c' detected. Corrected to '6966763a'.
[W 12:37:26.725 NotebookApp] Non-unique cell id '0ad794a2' detected. Corrected to '9427d70d'.
[W 12:37:26.802 NotebookApp] Non-unique cell id 'ddb1012a' detected. Corrected to '1490f209'.
[W 12:37:26.802 NotebookApp] Non-unique cell id '4d824525' detected. Corrected to 'd9e63fdb'.
[W 12:37:26.802 NotebookApp] Non-unique cell id 'a21270fb' detected. Corrected to '20a33cb2'.
[W 12:37:26.802 NotebookApp] Non-unique cell id '70e78f4a' detected. Corrected to '6872b755'.
[W 12:37:26.802 NotebookApp] Non-unique cell id '3adb6417' detected. Corrected to 'd075ae58'.
[W 12:37:26.802 NotebookApp] Non-unique cell id '5f665fc6' detected. Corrected to 'b27c091f'.
[W 12:37:26.802 NotebookApp] Non-unique cell id '872ff984' detected. Corrected to 'ac0d9a99'.
[W 12:37:26.802 NotebookApp] Non-unique cell id '241cb929' detected. Corrected to '4a01f844'.
[W 12:37:26.802 NotebookApp] Non-unique cell id '552e4264' detected. Corrected to '307f8aad'.
[W 12:37:26.803 NotebookApp] Non-unique cell id '5566c32c' detected. Corrected to '0b27dd40'.
[W 12:37:26.803 NotebookApp] Non-unique cell id '0ad794a2' detected. Corrected to 'ae4d0ce3'.
[I 12:49:27.138 NotebookApp] Saving file at /7_seminar_LRP_in_use.ipynb
[W 12:49:27.177 NotebookApp] Non-unique cell id 'ddb1012a' detected. Corrected to '1204ab13'.
[W 12:49:27.177 NotebookApp] Non-unique cell id '4d824525' detected. Corrected to '626cbaf8'.
[W 12:49:27.177 NotebookApp] Non-unique cell id 'a21270fb' detected. Corrected to 'e60924ad'.
[W 12:49:27.177 NotebookApp] Non-unique cell id '70e78f4a' detected. Corrected to 'c4d10948'.
[W 12:49:27.177 NotebookApp] Non-unique cell id '3adb6417' detected. Corrected to 'f4530e07'.
[W 12:49:27.177 NotebookApp] Non-unique cell id '5f665fc6' detected. Corrected to '3c48d067'.
[W 12:49:27.178 NotebookApp] Non-unique cell id '872ff984' detected. Corrected to 'ed4a5b8b'.
[W 12:49:27.178 NotebookApp] Non-unique cell id '241cb929' detected. Corrected to 'fb37e16b'.
[W 12:49:27.178 NotebookApp] Non-unique cell id '552e4264' detected. Corrected to '988d5518'.
[W 12:49:27.178 NotebookApp] Non-unique cell id '5566c32c' detected. Corrected to '30ba29f6'.
[W 12:49:27.178 NotebookApp] Non-unique cell id '0ad794a2' detected. Corrected to '884974fd'.
[W 12:49:27.230 NotebookApp] Non-unique cell id 'ddb1012a' detected. Corrected to '2fa1a9e8'.
[W 12:49:27.230 NotebookApp] Non-unique cell id '4d824525' detected. Corrected to '3566d53c'.
[W 12:49:27.230 NotebookApp] Non-unique cell id 'a21270fb' detected. Corrected to '4f2d83fd'.
[W 12:49:27.230 NotebookApp] Non-unique cell id '70e78f4a' detected. Corrected to '8e602c75'.
[W 12:49:27.230 NotebookApp] Non-unique cell id '3adb6417' detected. Corrected to 'a2a1a0a4'.
[W 12:49:27.230 NotebookApp] Non-unique cell id '5f665fc6' detected. Corrected to 'ce792be8'.
[W 12:49:27.230 NotebookApp] Non-unique cell id '872ff984' detected. Corrected to '731c22eb'.
[W 12:49:27.230 NotebookApp] Non-unique cell id '241cb929' detected. Corrected to '0d709a16'.
[W 12:49:27.231 NotebookApp] Non-unique cell id '552e4264' detected. Corrected to 'f060e831'.
[W 12:49:27.231 NotebookApp] Non-unique cell id '5566c32c' detected. Corrected to '0389767c'.
[W 12:49:27.231 NotebookApp] Non-unique cell id '0ad794a2' detected. Corrected to 'c91b29a1'.
[I 12:51:26.833 NotebookApp] Saving file at /7_seminar_LRP_in_use.ipynb
[W 12:51:26.873 NotebookApp] Non-unique cell id 'ddb1012a' detected. Corrected to '418b42c4'.
[W 12:51:26.873 NotebookApp] Non-unique cell id '4d824525' detected. Corrected to '887891ad'.
[W 12:51:26.873 NotebookApp] Non-unique cell id 'a21270fb' detected. Corrected to 'bdba2a6a'.
[W 12:51:26.873 NotebookApp] Non-unique cell id '70e78f4a' detected. Corrected to '591fdeb0'.
[W 12:51:26.874 NotebookApp] Non-unique cell id '3adb6417' detected. Corrected to 'dce1823f'.
[W 12:51:26.874 NotebookApp] Non-unique cell id '5f665fc6' detected. Corrected to 'a05da1ae'.
[W 12:51:26.874 NotebookApp] Non-unique cell id '872ff984' detected. Corrected to '150b2374'.
[W 12:51:26.874 NotebookApp] Non-unique cell id '241cb929' detected. Corrected to '8d2346e0'.
[W 12:51:26.874 NotebookApp] Non-unique cell id '552e4264' detected. Corrected to 'd7a52c0d'.
[W 12:51:26.874 NotebookApp] Non-unique cell id '5566c32c' detected. Corrected to '191908fa'.
[W 12:51:26.874 NotebookApp] Non-unique cell id '0ad794a2' detected. Corrected to '16d5f23e'.
[W 12:51:26.926 NotebookApp] Non-unique cell id 'ddb1012a' detected. Corrected to '922649bb'.
[W 12:51:26.926 NotebookApp] Non-unique cell id '4d824525' detected. Corrected to '1bdc7912'.
[W 12:51:26.926 NotebookApp] Non-unique cell id 'a21270fb' detected. Corrected to 'a5756b4a'.
[W 12:51:26.926 NotebookApp] Non-unique cell id '70e78f4a' detected. Corrected to 'f53415cd'.
[W 12:51:26.926 NotebookApp] Non-unique cell id '3adb6417' detected. Corrected to '21c5b4db'.
[W 12:51:26.926 NotebookApp] Non-unique cell id '5f665fc6' detected. Corrected to '578707d8'.
[W 12:51:26.926 NotebookApp] Non-unique cell id '872ff984' detected. Corrected to '936a4854'.
[W 12:51:26.926 NotebookApp] Non-unique cell id '241cb929' detected. Corrected to 'f69648cc'.
[W 12:51:26.927 NotebookApp] Non-unique cell id '552e4264' detected. Corrected to '447c3828'.
[W 12:51:26.927 NotebookApp] Non-unique cell id '5566c32c' detected. Corrected to 'bea9b366'.
[W 12:51:26.927 NotebookApp] Non-unique cell id '0ad794a2' detected. Corrected to '965fc128'.
[I 12:53:26.486 NotebookApp] Saving file at /7_seminar_LRP_in_use.ipynb
[W 12:53:26.528 NotebookApp] Non-unique cell id 'ddb1012a' detected. Corrected to 'bacad411'.
[W 12:53:26.528 NotebookApp] Non-unique cell id '4d824525' detected. Corrected to '980d4cc3'.
[W 12:53:26.528 NotebookApp] Non-unique cell id 'a21270fb' detected. Corrected to '471c4a25'.
[W 12:53:26.528 NotebookApp] Non-unique cell id '70e78f4a' detected. Corrected to '127fb3af'.
[W 12:53:26.529 NotebookApp] Non-unique cell id '3adb6417' detected. Corrected to 'e6703eae'.
[W 12:53:26.529 NotebookApp] Non-unique cell id '5f665fc6' detected. Corrected to '12af5d47'.
[W 12:53:26.529 NotebookApp] Non-unique cell id '872ff984' detected. Corrected to '8e0fb6d2'.
[W 12:53:26.529 NotebookApp] Non-unique cell id '241cb929' detected. Corrected to '934a5860'.
[W 12:53:26.529 NotebookApp] Non-unique cell id '552e4264' detected. Corrected to '35fc9681'.
[W 12:53:26.529 NotebookApp] Non-unique cell id '5566c32c' detected. Corrected to '87e6d45c'.
[W 12:53:26.529 NotebookApp] Non-unique cell id '0ad794a2' detected. Corrected to '4fb65529'.
[W 12:53:26.606 NotebookApp] Non-unique cell id 'ddb1012a' detected. Corrected to '360317e7'.
[W 12:53:26.606 NotebookApp] Non-unique cell id '4d824525' detected. Corrected to '7d5416c8'.
[W 12:53:26.606 NotebookApp] Non-unique cell id 'a21270fb' detected. Corrected to '06386710'.
[W 12:53:26.606 NotebookApp] Non-unique cell id '70e78f4a' detected. Corrected to '86ed5a41'.
[W 12:53:26.606 NotebookApp] Non-unique cell id '3adb6417' detected. Corrected to 'a175230a'.
[W 12:53:26.606 NotebookApp] Non-unique cell id '5f665fc6' detected. Corrected to 'ba96aaef'.
[W 12:53:26.606 NotebookApp] Non-unique cell id '872ff984' detected. Corrected to 'dd972afd'.
[W 12:53:26.607 NotebookApp] Non-unique cell id '241cb929' detected. Corrected to 'd012a00d'.
[W 12:53:26.607 NotebookApp] Non-unique cell id '552e4264' detected. Corrected to '361e0aa6'.
[W 12:53:26.607 NotebookApp] Non-unique cell id '5566c32c' detected. Corrected to '44e3d738'.
[W 12:53:26.607 NotebookApp] Non-unique cell id '0ad794a2' detected. Corrected to 'bf525f03'.
[I 13:09:26.450 NotebookApp] Saving file at /7_seminar_LRP_in_use.ipynb
[W 13:09:26.489 NotebookApp] Non-unique cell id 'ddb1012a' detected. Corrected to 'f0da45c9'.
[W 13:09:26.489 NotebookApp] Non-unique cell id '4d824525' detected. Corrected to 'bd63ea05'.
[W 13:09:26.490 NotebookApp] Non-unique cell id 'a21270fb' detected. Corrected to 'f38bdfe6'.
[W 13:09:26.490 NotebookApp] Non-unique cell id '70e78f4a' detected. Corrected to '8fce2ec3'.
[W 13:09:26.490 NotebookApp] Non-unique cell id '3adb6417' detected. Corrected to 'd0655dd1'.
[W 13:09:26.490 NotebookApp] Non-unique cell id '5f665fc6' detected. Corrected to '93dec15d'.
[W 13:09:26.490 NotebookApp] Non-unique cell id '872ff984' detected. Corrected to 'e4512bee'.
[W 13:09:26.490 NotebookApp] Non-unique cell id '241cb929' detected. Corrected to 'df335914'.
[W 13:09:26.490 NotebookApp] Non-unique cell id '552e4264' detected. Corrected to '8bcd9a84'.
[W 13:09:26.490 NotebookApp] Non-unique cell id '5566c32c' detected. Corrected to 'e0b7624f'.
[W 13:09:26.490 NotebookApp] Non-unique cell id '0ad794a2' detected. Corrected to '4a661c34'.
[W 13:09:26.543 NotebookApp] Non-unique cell id 'ddb1012a' detected. Corrected to '8ae3fc60'.
[W 13:09:26.543 NotebookApp] Non-unique cell id '4d824525' detected. Corrected to 'f7cb2807'.
[W 13:09:26.543 NotebookApp] Non-unique cell id 'a21270fb' detected. Corrected to '3da07dea'.
[W 13:09:26.543 NotebookApp] Non-unique cell id '70e78f4a' detected. Corrected to '93172735'.
[W 13:09:26.543 NotebookApp] Non-unique cell id '3adb6417' detected. Corrected to '65ccb142'.
[W 13:09:26.543 NotebookApp] Non-unique cell id '5f665fc6' detected. Corrected to 'edaa806e'.
[W 13:09:26.543 NotebookApp] Non-unique cell id '872ff984' detected. Corrected to '938911de'.
[W 13:09:26.543 NotebookApp] Non-unique cell id '241cb929' detected. Corrected to 'f7f5e885'.
[W 13:09:26.543 NotebookApp] Non-unique cell id '552e4264' detected. Corrected to '7fda30a9'.
[W 13:09:26.543 NotebookApp] Non-unique cell id '5566c32c' detected. Corrected to 'c639e8b7'.
[W 13:09:26.543 NotebookApp] Non-unique cell id '0ad794a2' detected. Corrected to '641e38ca'.
[I 13:13:26.453 NotebookApp] Saving file at /7_seminar_LRP_in_use.ipynb
[W 13:13:26.494 NotebookApp] Non-unique cell id 'ddb1012a' detected. Corrected to '7adeb89e'.
[W 13:13:26.494 NotebookApp] Non-unique cell id '4d824525' detected. Corrected to 'b788749b'.
[W 13:13:26.494 NotebookApp] Non-unique cell id 'a21270fb' detected. Corrected to 'ceac8f64'.
[W 13:13:26.494 NotebookApp] Non-unique cell id '70e78f4a' detected. Corrected to '1e04028a'.
[W 13:13:26.494 NotebookApp] Non-unique cell id '3adb6417' detected. Corrected to 'ff6b7b2f'.
[W 13:13:26.494 NotebookApp] Non-unique cell id '5f665fc6' detected. Corrected to '068ecc30'.
[W 13:13:26.494 NotebookApp] Non-unique cell id '872ff984' detected. Corrected to '2a739964'.
[W 13:13:26.494 NotebookApp] Non-unique cell id '241cb929' detected. Corrected to 'da8c90c7'.
[W 13:13:26.495 NotebookApp] Non-unique cell id '552e4264' detected. Corrected to '0ad7722f'.
[W 13:13:26.495 NotebookApp] Non-unique cell id '5566c32c' detected. Corrected to '2582ba3f'.
[W 13:13:26.495 NotebookApp] Non-unique cell id '0ad794a2' detected. Corrected to '5f2d7141'.
[W 13:13:26.547 NotebookApp] Non-unique cell id 'ddb1012a' detected. Corrected to 'c3616f65'.
[W 13:13:26.547 NotebookApp] Non-unique cell id '4d824525' detected. Corrected to '12756417'.
[W 13:13:26.547 NotebookApp] Non-unique cell id 'a21270fb' detected. Corrected to '455b3ef1'.
[W 13:13:26.547 NotebookApp] Non-unique cell id '70e78f4a' detected. Corrected to 'ea590ec3'.
[W 13:13:26.547 NotebookApp] Non-unique cell id '3adb6417' detected. Corrected to '26e0d085'.
[W 13:13:26.547 NotebookApp] Non-unique cell id '5f665fc6' detected. Corrected to '040e273d'.
[W 13:13:26.547 NotebookApp] Non-unique cell id '872ff984' detected. Corrected to '08ea5423'.
[W 13:13:26.547 NotebookApp] Non-unique cell id '241cb929' detected. Corrected to 'e5909ff9'.
[W 13:13:26.547 NotebookApp] Non-unique cell id '552e4264' detected. Corrected to '7c82fe1f'.
[W 13:13:26.547 NotebookApp] Non-unique cell id '5566c32c' detected. Corrected to '6aef9907'.
[W 13:13:26.547 NotebookApp] Non-unique cell id '0ad794a2' detected. Corrected to '0014f67a'.
[I 13:15:26.477 NotebookApp] Saving file at /7_seminar_LRP_in_use.ipynb
[W 13:15:26.516 NotebookApp] Non-unique cell id 'ddb1012a' detected. Corrected to 'bc434a98'.
[W 13:15:26.516 NotebookApp] Non-unique cell id '4d824525' detected. Corrected to '93357811'.
[W 13:15:26.516 NotebookApp] Non-unique cell id 'a21270fb' detected. Corrected to 'a9fe16a2'.
[W 13:15:26.516 NotebookApp] Non-unique cell id '70e78f4a' detected. Corrected to '7d5a5bb7'.
[W 13:15:26.516 NotebookApp] Non-unique cell id '3adb6417' detected. Corrected to 'ce71dd94'.
[W 13:15:26.516 NotebookApp] Non-unique cell id '5f665fc6' detected. Corrected to 'efd44922'.
[W 13:15:26.516 NotebookApp] Non-unique cell id '872ff984' detected. Corrected to '57568956'.
[W 13:15:26.516 NotebookApp] Non-unique cell id '241cb929' detected. Corrected to 'e8370bab'.
[W 13:15:26.516 NotebookApp] Non-unique cell id '552e4264' detected. Corrected to '8f9043cb'.
[W 13:15:26.517 NotebookApp] Non-unique cell id '5566c32c' detected. Corrected to '0c146c0d'.
[W 13:15:26.517 NotebookApp] Non-unique cell id '0ad794a2' detected. Corrected to '9f636c4d'.
[W 13:15:26.569 NotebookApp] Non-unique cell id 'ddb1012a' detected. Corrected to '02d4d547'.
[W 13:15:26.569 NotebookApp] Non-unique cell id '4d824525' detected. Corrected to '58607091'.
[W 13:15:26.569 NotebookApp] Non-unique cell id 'a21270fb' detected. Corrected to 'ec0cba47'.
[W 13:15:26.569 NotebookApp] Non-unique cell id '70e78f4a' detected. Corrected to '7801b71d'.
[W 13:15:26.569 NotebookApp] Non-unique cell id '3adb6417' detected. Corrected to 'e32fb9c3'.
[W 13:15:26.570 NotebookApp] Non-unique cell id '5f665fc6' detected. Corrected to 'c9fc83fa'.
[W 13:15:26.570 NotebookApp] Non-unique cell id '872ff984' detected. Corrected to '223ceb01'.
[W 13:15:26.570 NotebookApp] Non-unique cell id '241cb929' detected. Corrected to '1a3a1807'.
[W 13:15:26.570 NotebookApp] Non-unique cell id '552e4264' detected. Corrected to '70daf14a'.
[W 13:15:26.570 NotebookApp] Non-unique cell id '5566c32c' detected. Corrected to '2280cd25'.
[W 13:15:26.570 NotebookApp] Non-unique cell id '0ad794a2' detected. Corrected to 'e0afe6c1'.
[I 13:17:26.531 NotebookApp] Saving file at /7_seminar_LRP_in_use.ipynb
[W 13:17:26.571 NotebookApp] Non-unique cell id 'ddb1012a' detected. Corrected to 'e6d929c5'.
[W 13:17:26.572 NotebookApp] Non-unique cell id '4d824525' detected. Corrected to '71be708f'.
[W 13:17:26.572 NotebookApp] Non-unique cell id 'a21270fb' detected. Corrected to '2660e63a'.
[W 13:17:26.572 NotebookApp] Non-unique cell id '70e78f4a' detected. Corrected to '2117cc12'.
[W 13:17:26.572 NotebookApp] Non-unique cell id '3adb6417' detected. Corrected to '7bc49d2e'.
[W 13:17:26.572 NotebookApp] Non-unique cell id '5f665fc6' detected. Corrected to '3657124d'.
[W 13:17:26.572 NotebookApp] Non-unique cell id '872ff984' detected. Corrected to '6c55fdc0'.
[W 13:17:26.572 NotebookApp] Non-unique cell id '241cb929' detected. Corrected to '91d27bdd'.
[W 13:17:26.572 NotebookApp] Non-unique cell id '552e4264' detected. Corrected to '4cc37996'.
[W 13:17:26.572 NotebookApp] Non-unique cell id '5566c32c' detected. Corrected to 'ddf0f5b5'.
[W 13:17:26.572 NotebookApp] Non-unique cell id '0ad794a2' detected. Corrected to '0d041912'.
[W 13:17:26.657 NotebookApp] Non-unique cell id 'ddb1012a' detected. Corrected to '5d4fcd72'.
[W 13:17:26.657 NotebookApp] Non-unique cell id '4d824525' detected. Corrected to 'c63d6337'.
[W 13:17:26.657 NotebookApp] Non-unique cell id 'a21270fb' detected. Corrected to 'e6fcb06e'.
[W 13:17:26.657 NotebookApp] Non-unique cell id '70e78f4a' detected. Corrected to '3df316c7'.
[W 13:17:26.657 NotebookApp] Non-unique cell id '3adb6417' detected. Corrected to '2437b154'.
[W 13:17:26.657 NotebookApp] Non-unique cell id '5f665fc6' detected. Corrected to '4989a73f'.
[W 13:17:26.658 NotebookApp] Non-unique cell id '872ff984' detected. Corrected to '1e737b22'.
[W 13:17:26.658 NotebookApp] Non-unique cell id '241cb929' detected. Corrected to 'ed6b518a'.
[W 13:17:26.658 NotebookApp] Non-unique cell id '552e4264' detected. Corrected to '16b0f72b'.
[W 13:17:26.658 NotebookApp] Non-unique cell id '5566c32c' detected. Corrected to '3e90a05e'.
[W 13:17:26.658 NotebookApp] Non-unique cell id '0ad794a2' detected. Corrected to 'aa39f9d6'.
[I 13:32:38.745 NotebookApp] Kernel interrupted: 7ca6f0fe-41ad-415f-b079-c3e2715fdc80
[I 13:33:26.456 NotebookApp] Saving file at /7_seminar_LRP_in_use.ipynb
[W 13:33:26.503 NotebookApp] Non-unique cell id 'ddb1012a' detected. Corrected to 'a0a36f89'.
[W 13:33:26.503 NotebookApp] Non-unique cell id '4d824525' detected. Corrected to '7f9ce1e2'.
[W 13:33:26.503 NotebookApp] Non-unique cell id 'a21270fb' detected. Corrected to 'e77c37a0'.
[W 13:33:26.504 NotebookApp] Non-unique cell id '70e78f4a' detected. Corrected to 'ee5f06a4'.
[W 13:33:26.504 NotebookApp] Non-unique cell id '3adb6417' detected. Corrected to '79d6243a'.
[W 13:33:26.504 NotebookApp] Non-unique cell id '5f665fc6' detected. Corrected to '2a48b67e'.
[W 13:33:26.504 NotebookApp] Non-unique cell id '872ff984' detected. Corrected to '777c271d'.
[W 13:33:26.504 NotebookApp] Non-unique cell id '241cb929' detected. Corrected to '38b74e02'.
[W 13:33:26.504 NotebookApp] Non-unique cell id '552e4264' detected. Corrected to 'b8f9f341'.
[W 13:33:26.504 NotebookApp] Non-unique cell id '5566c32c' detected. Corrected to '4b07c37b'.
[W 13:33:26.504 NotebookApp] Non-unique cell id '0ad794a2' detected. Corrected to '1d2e7dbd'.
[W 13:33:26.557 NotebookApp] Non-unique cell id 'ddb1012a' detected. Corrected to '61b00ff3'.
[W 13:33:26.557 NotebookApp] Non-unique cell id '4d824525' detected. Corrected to '9804258c'.
[W 13:33:26.557 NotebookApp] Non-unique cell id 'a21270fb' detected. Corrected to 'c5ea31ce'.
[W 13:33:26.557 NotebookApp] Non-unique cell id '70e78f4a' detected. Corrected to '8dec5714'.
[W 13:33:26.557 NotebookApp] Non-unique cell id '3adb6417' detected. Corrected to '22b0a807'.
[W 13:33:26.557 NotebookApp] Non-unique cell id '5f665fc6' detected. Corrected to '0a86656c'.
[W 13:33:26.557 NotebookApp] Non-unique cell id '872ff984' detected. Corrected to '8e961d74'.
[W 13:33:26.557 NotebookApp] Non-unique cell id '241cb929' detected. Corrected to '8239061d'.
[W 13:33:26.557 NotebookApp] Non-unique cell id '552e4264' detected. Corrected to 'a6a8e103'.
[W 13:33:26.557 NotebookApp] Non-unique cell id '5566c32c' detected. Corrected to 'd08dc19c'.
[W 13:33:26.558 NotebookApp] Non-unique cell id '0ad794a2' detected. Corrected to 'a709a420'.
[I 13:35:26.461 NotebookApp] Saving file at /7_seminar_LRP_in_use.ipynb
[W 13:35:26.507 NotebookApp] Non-unique cell id 'ddb1012a' detected. Corrected to 'ed4959b0'.
[W 13:35:26.507 NotebookApp] Non-unique cell id '4d824525' detected. Corrected to 'c53207b0'.
[W 13:35:26.507 NotebookApp] Non-unique cell id 'a21270fb' detected. Corrected to 'b525f74b'.
[W 13:35:26.507 NotebookApp] Non-unique cell id '70e78f4a' detected. Corrected to '085ecb7b'.
[W 13:35:26.507 NotebookApp] Non-unique cell id '3adb6417' detected. Corrected to 'd8f5b488'.
[W 13:35:26.507 NotebookApp] Non-unique cell id '5f665fc6' detected. Corrected to 'f117e233'.
[W 13:35:26.507 NotebookApp] Non-unique cell id '872ff984' detected. Corrected to 'a1c0a1f4'.
[W 13:35:26.507 NotebookApp] Non-unique cell id '241cb929' detected. Corrected to '275cc0cf'.
[W 13:35:26.508 NotebookApp] Non-unique cell id '552e4264' detected. Corrected to '143e4c78'.
[W 13:35:26.508 NotebookApp] Non-unique cell id '5566c32c' detected. Corrected to '50f6ac5a'.
[W 13:35:26.508 NotebookApp] Non-unique cell id '0ad794a2' detected. Corrected to '596448ce'.
[W 13:35:26.591 NotebookApp] Non-unique cell id 'ddb1012a' detected. Corrected to 'c0fe70d1'.
[W 13:35:26.591 NotebookApp] Non-unique cell id '4d824525' detected. Corrected to 'cf03f41b'.
[W 13:35:26.591 NotebookApp] Non-unique cell id 'a21270fb' detected. Corrected to '0c643db5'.
[W 13:35:26.591 NotebookApp] Non-unique cell id '70e78f4a' detected. Corrected to 'cc8a239f'.
[W 13:35:26.591 NotebookApp] Non-unique cell id '3adb6417' detected. Corrected to '29d21ad5'.
[W 13:35:26.591 NotebookApp] Non-unique cell id '5f665fc6' detected. Corrected to 'e60d2962'.
[W 13:35:26.591 NotebookApp] Non-unique cell id '872ff984' detected. Corrected to '01cf4fe7'.
[W 13:35:26.591 NotebookApp] Non-unique cell id '241cb929' detected. Corrected to '0a24f998'.
[W 13:35:26.591 NotebookApp] Non-unique cell id '552e4264' detected. Corrected to 'f22a18bc'.
[W 13:35:26.592 NotebookApp] Non-unique cell id '5566c32c' detected. Corrected to '4c0638fc'.
[W 13:35:26.592 NotebookApp] Non-unique cell id '0ad794a2' detected. Corrected to 'cc869fce'.
[I 13:37:37.442 NotebookApp] Kernel interrupted: 7ca6f0fe-41ad-415f-b079-c3e2715fdc80
[I 13:39:26.690 NotebookApp] Saving file at /7_seminar_LRP_in_use.ipynb
[W 13:39:26.733 NotebookApp] Non-unique cell id 'ddb1012a' detected. Corrected to '7040193a'.
[W 13:39:26.733 NotebookApp] Non-unique cell id '4d824525' detected. Corrected to 'ca8e2524'.
[W 13:39:26.733 NotebookApp] Non-unique cell id 'a21270fb' detected. Corrected to 'cfde5191'.
[W 13:39:26.733 NotebookApp] Non-unique cell id '70e78f4a' detected. Corrected to 'f193523b'.
[W 13:39:26.733 NotebookApp] Non-unique cell id '3adb6417' detected. Corrected to 'f5e8608d'.
[W 13:39:26.733 NotebookApp] Non-unique cell id '5f665fc6' detected. Corrected to '3516bb01'.
[W 13:39:26.733 NotebookApp] Non-unique cell id '872ff984' detected. Corrected to '2f29b2ba'.
[W 13:39:26.733 NotebookApp] Non-unique cell id '241cb929' detected. Corrected to 'a1c0ea6c'.
[W 13:39:26.734 NotebookApp] Non-unique cell id '552e4264' detected. Corrected to '31fa0e4b'.
[W 13:39:26.734 NotebookApp] Non-unique cell id '5566c32c' detected. Corrected to 'de35af69'.
[W 13:39:26.734 NotebookApp] Non-unique cell id '0ad794a2' detected. Corrected to 'dc426b68'.
[W 13:39:26.811 NotebookApp] Non-unique cell id 'ddb1012a' detected. Corrected to '23c269d0'.
[W 13:39:26.811 NotebookApp] Non-unique cell id '4d824525' detected. Corrected to 'be3b804b'.
[W 13:39:26.811 NotebookApp] Non-unique cell id 'a21270fb' detected. Corrected to '434020ba'.
[W 13:39:26.811 NotebookApp] Non-unique cell id '70e78f4a' detected. Corrected to '579a0d06'.
[W 13:39:26.811 NotebookApp] Non-unique cell id '3adb6417' detected. Corrected to '3aea0dca'.
[W 13:39:26.811 NotebookApp] Non-unique cell id '5f665fc6' detected. Corrected to 'a51c758c'.
[W 13:39:26.811 NotebookApp] Non-unique cell id '872ff984' detected. Corrected to 'dc847ad4'.
[W 13:39:26.811 NotebookApp] Non-unique cell id '241cb929' detected. Corrected to '3e353b72'.
[W 13:39:26.811 NotebookApp] Non-unique cell id '552e4264' detected. Corrected to '7fb2e1db'.
[W 13:39:26.811 NotebookApp] Non-unique cell id '5566c32c' detected. Corrected to 'f8c71f93'.
[W 13:39:26.812 NotebookApp] Non-unique cell id '0ad794a2' detected. Corrected to '94a67703'.
[I 13:43:26.456 NotebookApp] Saving file at /7_seminar_LRP_in_use.ipynb
[W 13:43:26.500 NotebookApp] Non-unique cell id 'ddb1012a' detected. Corrected to 'db4ba097'.
[W 13:43:26.500 NotebookApp] Non-unique cell id '4d824525' detected. Corrected to 'b5ec50e5'.
[W 13:43:26.500 NotebookApp] Non-unique cell id 'a21270fb' detected. Corrected to '6e22489e'.
[W 13:43:26.500 NotebookApp] Non-unique cell id '70e78f4a' detected. Corrected to 'fc8c5836'.
[W 13:43:26.500 NotebookApp] Non-unique cell id '3adb6417' detected. Corrected to '35ab8cd0'.
[W 13:43:26.500 NotebookApp] Non-unique cell id '5f665fc6' detected. Corrected to 'df3216aa'.
[W 13:43:26.500 NotebookApp] Non-unique cell id '872ff984' detected. Corrected to 'debffb06'.
[W 13:43:26.500 NotebookApp] Non-unique cell id '241cb929' detected. Corrected to 'c6d7be18'.
[W 13:43:26.500 NotebookApp] Non-unique cell id '552e4264' detected. Corrected to 'ac9f618d'.
[W 13:43:26.500 NotebookApp] Non-unique cell id '5566c32c' detected. Corrected to '07675ec3'.
[W 13:43:26.501 NotebookApp] Non-unique cell id '0ad794a2' detected. Corrected to '972790c8'.
[W 13:43:26.579 NotebookApp] Non-unique cell id 'ddb1012a' detected. Corrected to 'ced5b970'.
[W 13:43:26.579 NotebookApp] Non-unique cell id '4d824525' detected. Corrected to '77fa3207'.
[W 13:43:26.579 NotebookApp] Non-unique cell id 'a21270fb' detected. Corrected to 'f65857b2'.
[W 13:43:26.579 NotebookApp] Non-unique cell id '70e78f4a' detected. Corrected to '1ad428bc'.
[W 13:43:26.579 NotebookApp] Non-unique cell id '3adb6417' detected. Corrected to '9f432c12'.
[W 13:43:26.579 NotebookApp] Non-unique cell id '5f665fc6' detected. Corrected to '3ac00506'.
[W 13:43:26.579 NotebookApp] Non-unique cell id '872ff984' detected. Corrected to '1baa5a4e'.
[W 13:43:26.580 NotebookApp] Non-unique cell id '241cb929' detected. Corrected to '4ea202d3'.
[W 13:43:26.580 NotebookApp] Non-unique cell id '552e4264' detected. Corrected to '85958faa'.
[W 13:43:26.580 NotebookApp] Non-unique cell id '5566c32c' detected. Corrected to 'c4038399'.
[W 13:43:26.580 NotebookApp] Non-unique cell id '0ad794a2' detected. Corrected to '2efd4e6e'.
[I 13:45:26.477 NotebookApp] Saving file at /7_seminar_LRP_in_use.ipynb
[W 13:45:26.528 NotebookApp] Non-unique cell id 'ddb1012a' detected. Corrected to '7cfb423e'.
[W 13:45:26.528 NotebookApp] Non-unique cell id '4d824525' detected. Corrected to 'a969d0c5'.
[W 13:45:26.529 NotebookApp] Non-unique cell id 'a21270fb' detected. Corrected to '2ef9c95c'.
[W 13:45:26.529 NotebookApp] Non-unique cell id '70e78f4a' detected. Corrected to '3883a387'.
[W 13:45:26.529 NotebookApp] Non-unique cell id '3adb6417' detected. Corrected to 'fa3a4f60'.
[W 13:45:26.529 NotebookApp] Non-unique cell id '5f665fc6' detected. Corrected to '844c2482'.
[W 13:45:26.529 NotebookApp] Non-unique cell id '872ff984' detected. Corrected to '75115aaf'.
[W 13:45:26.529 NotebookApp] Non-unique cell id '241cb929' detected. Corrected to 'f9f92a4b'.
[W 13:45:26.529 NotebookApp] Non-unique cell id '552e4264' detected. Corrected to 'd4ede7a4'.
[W 13:45:26.529 NotebookApp] Non-unique cell id '5566c32c' detected. Corrected to 'c78d8147'.
[W 13:45:26.529 NotebookApp] Non-unique cell id '0ad794a2' detected. Corrected to '6451ec4b'.
[W 13:45:26.613 NotebookApp] Non-unique cell id 'ddb1012a' detected. Corrected to '6b7e0c83'.
[W 13:45:26.613 NotebookApp] Non-unique cell id '4d824525' detected. Corrected to '2c894ef1'.
[W 13:45:26.614 NotebookApp] Non-unique cell id 'a21270fb' detected. Corrected to '27049062'.
[W 13:45:26.614 NotebookApp] Non-unique cell id '70e78f4a' detected. Corrected to '1740e821'.
[W 13:45:26.614 NotebookApp] Non-unique cell id '3adb6417' detected. Corrected to '374aa432'.
[W 13:45:26.614 NotebookApp] Non-unique cell id '5f665fc6' detected. Corrected to '12a97e69'.
[W 13:45:26.614 NotebookApp] Non-unique cell id '872ff984' detected. Corrected to '86574cab'.
[W 13:45:26.614 NotebookApp] Non-unique cell id '241cb929' detected. Corrected to '77c1ef9b'.
[W 13:45:26.614 NotebookApp] Non-unique cell id '552e4264' detected. Corrected to '57b8df72'.
[W 13:45:26.614 NotebookApp] Non-unique cell id '5566c32c' detected. Corrected to '6df623ab'.
[W 13:45:26.614 NotebookApp] Non-unique cell id '0ad794a2' detected. Corrected to '47ff2d03'.
[I 13:46:29.042 NotebookApp] Kernel interrupted: 7ca6f0fe-41ad-415f-b079-c3e2715fdc80
[I 13:47:26.472 NotebookApp] Saving file at /7_seminar_LRP_in_use.ipynb
[W 13:47:26.517 NotebookApp] Non-unique cell id 'ddb1012a' detected. Corrected to '0999f9d5'.
[W 13:47:26.517 NotebookApp] Non-unique cell id '4d824525' detected. Corrected to 'fd15ab61'.
[W 13:47:26.517 NotebookApp] Non-unique cell id 'a21270fb' detected. Corrected to '40b11016'.
[W 13:47:26.517 NotebookApp] Non-unique cell id '70e78f4a' detected. Corrected to '95cda2ee'.
[W 13:47:26.517 NotebookApp] Non-unique cell id '3adb6417' detected. Corrected to 'a38cdb40'.
[W 13:47:26.517 NotebookApp] Non-unique cell id '5f665fc6' detected. Corrected to '9e63d8c7'.
[W 13:47:26.517 NotebookApp] Non-unique cell id '872ff984' detected. Corrected to 'b4fc75fb'.
[W 13:47:26.518 NotebookApp] Non-unique cell id '241cb929' detected. Corrected to '412c73b6'.
[W 13:47:26.518 NotebookApp] Non-unique cell id '552e4264' detected. Corrected to '14aeac7c'.
[W 13:47:26.518 NotebookApp] Non-unique cell id '5566c32c' detected. Corrected to 'd93a1439'.
[W 13:47:26.518 NotebookApp] Non-unique cell id '0ad794a2' detected. Corrected to '654f1555'.
[W 13:47:26.602 NotebookApp] Non-unique cell id 'ddb1012a' detected. Corrected to '24e1837d'.
[W 13:47:26.602 NotebookApp] Non-unique cell id '4d824525' detected. Corrected to '5fe04f53'.
[W 13:47:26.602 NotebookApp] Non-unique cell id 'a21270fb' detected. Corrected to '1bcaf85a'.
[W 13:47:26.602 NotebookApp] Non-unique cell id '70e78f4a' detected. Corrected to 'ef65c2bf'.
[W 13:47:26.602 NotebookApp] Non-unique cell id '3adb6417' detected. Corrected to 'c6ad76da'.
[W 13:47:26.603 NotebookApp] Non-unique cell id '5f665fc6' detected. Corrected to '2d66e30d'.
[W 13:47:26.603 NotebookApp] Non-unique cell id '872ff984' detected. Corrected to 'd0ee79fa'.
[W 13:47:26.603 NotebookApp] Non-unique cell id '241cb929' detected. Corrected to '6ef3aa35'.
[W 13:47:26.603 NotebookApp] Non-unique cell id '552e4264' detected. Corrected to '32f47cd2'.
[W 13:47:26.603 NotebookApp] Non-unique cell id '5566c32c' detected. Corrected to 'f852512e'.
[W 13:47:26.603 NotebookApp] Non-unique cell id '0ad794a2' detected. Corrected to 'a721d6b3'.
[I 13:55:26.473 NotebookApp] Saving file at /7_seminar_LRP_in_use.ipynb
[W 13:55:26.514 NotebookApp] Non-unique cell id 'ddb1012a' detected. Corrected to '42376c9b'.
[W 13:55:26.514 NotebookApp] Non-unique cell id '4d824525' detected. Corrected to '9bd0c06f'.
[W 13:55:26.514 NotebookApp] Non-unique cell id 'a21270fb' detected. Corrected to 'a3641b0f'.
[W 13:55:26.514 NotebookApp] Non-unique cell id '70e78f4a' detected. Corrected to '739be476'.
[W 13:55:26.514 NotebookApp] Non-unique cell id '3adb6417' detected. Corrected to '7c02c463'.
[W 13:55:26.514 NotebookApp] Non-unique cell id '5f665fc6' detected. Corrected to '20dbfb58'.
[W 13:55:26.514 NotebookApp] Non-unique cell id '872ff984' detected. Corrected to 'ef027564'.
[W 13:55:26.514 NotebookApp] Non-unique cell id '241cb929' detected. Corrected to 'b703437f'.
[W 13:55:26.514 NotebookApp] Non-unique cell id '552e4264' detected. Corrected to 'dc949969'.
[W 13:55:26.514 NotebookApp] Non-unique cell id '5566c32c' detected. Corrected to '7d09e607'.
[W 13:55:26.514 NotebookApp] Non-unique cell id '0ad794a2' detected. Corrected to '0befd8b2'.
[W 13:55:26.598 NotebookApp] Non-unique cell id 'ddb1012a' detected. Corrected to '410bdf35'.
[W 13:55:26.598 NotebookApp] Non-unique cell id '4d824525' detected. Corrected to 'a9f069cb'.
[W 13:55:26.598 NotebookApp] Non-unique cell id 'a21270fb' detected. Corrected to '9a28808b'.
[W 13:55:26.598 NotebookApp] Non-unique cell id '70e78f4a' detected. Corrected to '16c36338'.
[W 13:55:26.598 NotebookApp] Non-unique cell id '3adb6417' detected. Corrected to '8a3b20b4'.
[W 13:55:26.598 NotebookApp] Non-unique cell id '5f665fc6' detected. Corrected to '455fae63'.
[W 13:55:26.599 NotebookApp] Non-unique cell id '872ff984' detected. Corrected to '51c6b1ef'.
[W 13:55:26.599 NotebookApp] Non-unique cell id '241cb929' detected. Corrected to '23776201'.
[W 13:55:26.599 NotebookApp] Non-unique cell id '552e4264' detected. Corrected to '775c1400'.
[W 13:55:26.599 NotebookApp] Non-unique cell id '5566c32c' detected. Corrected to '7d22e79f'.
[W 13:55:26.599 NotebookApp] Non-unique cell id '0ad794a2' detected. Corrected to 'ab648861'.
[I 13:57:26.663 NotebookApp] Starting buffering for 7ca6f0fe-41ad-415f-b079-c3e2715fdc80:529d49c6580841d39bd0497704397b8b
[I 13:57:27.678 NotebookApp] Restoring connection for 7ca6f0fe-41ad-415f-b079-c3e2715fdc80:529d49c6580841d39bd0497704397b8b
[W 14:01:27.679 NotebookApp] WebSocket ping timeout after 119899 ms.
[I 14:01:32.682 NotebookApp] Starting buffering for 7ca6f0fe-41ad-415f-b079-c3e2715fdc80:529d49c6580841d39bd0497704397b8b
[I 14:41:52.970 NotebookApp] Restoring connection for 7ca6f0fe-41ad-415f-b079-c3e2715fdc80:529d49c6580841d39bd0497704397b8b
[I 14:41:52.978 NotebookApp] Replaying 18 buffered messages
[I 14:42:14.822 NotebookApp] Saving file at /7_seminar_LRP_in_use.ipynb
[W 14:42:14.866 NotebookApp] Non-unique cell id 'ddb1012a' detected. Corrected to '0361324d'.
[W 14:42:14.866 NotebookApp] Non-unique cell id '4d824525' detected. Corrected to 'b341770e'.
[W 14:42:14.866 NotebookApp] Non-unique cell id 'a21270fb' detected. Corrected to '9ae6e6b5'.
[W 14:42:14.866 NotebookApp] Non-unique cell id '70e78f4a' detected. Corrected to 'b31032a0'.
[W 14:42:14.867 NotebookApp] Non-unique cell id '3adb6417' detected. Corrected to '572cd494'.
[W 14:42:14.867 NotebookApp] Non-unique cell id '5f665fc6' detected. Corrected to '404215e0'.
[W 14:42:14.867 NotebookApp] Non-unique cell id '872ff984' detected. Corrected to '5cb77594'.
[W 14:42:14.867 NotebookApp] Non-unique cell id '241cb929' detected. Corrected to 'e6da0d56'.
[W 14:42:14.867 NotebookApp] Non-unique cell id '552e4264' detected. Corrected to '6a41731b'.
[W 14:42:14.867 NotebookApp] Non-unique cell id '5566c32c' detected. Corrected to 'e3980e5d'.
[W 14:42:14.867 NotebookApp] Non-unique cell id '0ad794a2' detected. Corrected to '37fb2bc8'.
[W 14:42:14.925 NotebookApp] Non-unique cell id 'ddb1012a' detected. Corrected to 'bb58e74b'.
[W 14:42:14.925 NotebookApp] Non-unique cell id '4d824525' detected. Corrected to 'b505bca5'.
[W 14:42:14.925 NotebookApp] Non-unique cell id 'a21270fb' detected. Corrected to '8d6d2f89'.
[W 14:42:14.925 NotebookApp] Non-unique cell id '70e78f4a' detected. Corrected to '50f33c30'.
[W 14:42:14.925 NotebookApp] Non-unique cell id '3adb6417' detected. Corrected to 'a56e33b0'.
[W 14:42:14.925 NotebookApp] Non-unique cell id '5f665fc6' detected. Corrected to '8f53ba95'.
[W 14:42:14.925 NotebookApp] Non-unique cell id '872ff984' detected. Corrected to 'eeedb7da'.
[W 14:42:14.925 NotebookApp] Non-unique cell id '241cb929' detected. Corrected to '71558a32'.
[W 14:42:14.925 NotebookApp] Non-unique cell id '552e4264' detected. Corrected to '8b960fb5'.
[W 14:42:14.926 NotebookApp] Non-unique cell id '5566c32c' detected. Corrected to '88241fe8'.
[W 14:42:14.926 NotebookApp] Non-unique cell id '0ad794a2' detected. Corrected to '93e08231'.
[W 14:42:40.549 NotebookApp] Notebook 7_seminar_LRP_in_use.ipynb is not trusted
[I 14:42:43.251 NotebookApp] Support files will be in 
[I 14:42:43.251 NotebookApp] Making directory .
[I 14:42:43.251 NotebookApp] Making directory .
[I 14:42:43.251 NotebookApp] Making directory .
[I 14:42:43.251 NotebookApp] Making directory .
[I 14:42:43.251 NotebookApp] Making directory .
[I 14:42:43.251 NotebookApp] Making directory .
[I 14:42:43.251 NotebookApp] Making directory .
[I 14:42:43.251 NotebookApp] Making directory .
[I 14:42:43.252 NotebookApp] Making directory .
[I 14:42:43.252 NotebookApp] Making directory .
[I 14:42:43.252 NotebookApp] Making directory .
[I 14:42:43.252 NotebookApp] Making directory .
[I 14:42:43.252 NotebookApp] Making directory .
[I 14:42:43.252 NotebookApp] Making directory .
[I 14:42:43.252 NotebookApp] Making directory .
[I 14:42:43.252 NotebookApp] Making directory .
[I 14:42:43.252 NotebookApp] Making directory .
[I 14:42:43.252 NotebookApp] Making directory .
[I 14:42:43.253 NotebookApp] Making directory .
[I 14:42:43.253 NotebookApp] Making directory .
[I 14:42:43.253 NotebookApp] Making directory .
[I 14:42:43.253 NotebookApp] Making directory .
[I 14:42:43.253 NotebookApp] Making directory .
[I 14:42:43.253 NotebookApp] Making directory .
[I 14:42:43.253 NotebookApp] Writing 112594 bytes to notebook.tex
[I 14:42:43.253 NotebookApp] Building PDF
[E 14:42:43.256 NotebookApp] nbconvert failed: xelatex not found on PATH, if you have not installed xelatex you may need to do so. Find further instructions at https://nbconvert.readthedocs.io/en/latest/install.html#installing-tex.
    Traceback (most recent call last):
      File "/home/common/studhedp03/miniconda3/lib/python3.9/site-packages/notebook/nbconvert/handlers.py", line 129, in get
        output, resources = exporter.from_notebook_node(
      File "/home/common/studhedp03/miniconda3/lib/python3.9/site-packages/nbconvert/exporters/pdf.py", line 194, in from_notebook_node
        self.run_latex(tex_file)
      File "/home/common/studhedp03/miniconda3/lib/python3.9/site-packages/nbconvert/exporters/pdf.py", line 164, in run_latex
        return self.run_command(
      File "/home/common/studhedp03/miniconda3/lib/python3.9/site-packages/nbconvert/exporters/pdf.py", line 111, in run_command
        raise OSError(
    OSError: xelatex not found on PATH, if you have not installed xelatex you may need to do so. Find further instructions at https://nbconvert.readthedocs.io/en/latest/install.html#installing-tex.
[W 14:42:43.261 NotebookApp] 500 GET /nbconvert/pdf/7_seminar_LRP_in_use.ipynb?download=true (10.20.0.1): nbconvert failed: xelatex not found on PATH, if you have not installed xelatex you may need to do so. Find further instructions at https://nbconvert.readthedocs.io/en/latest/install.html#installing-tex.
[E 14:42:43.263 NotebookApp] {
      "Host": "localhost:6330",
      "Accept": "text/html,application/xhtml+xml,application/xml;q=0.9,image/avif,image/webp,image/apng,*/*;q=0.8,application/signed-exchange;v=b3;q=0.9",
      "Referer": "http://localhost:6330/notebooks/7_seminar_LRP_in_use.ipynb",
      "User-Agent": "Mozilla/5.0 (Macintosh; Intel Mac OS X 10_15_7) AppleWebKit/537.36 (KHTML, like Gecko) Chrome/98.0.4758.119 YaBrowser/22.3.0.2520 Yowser/2.5 Safari/537.36"
    }
[E 14:42:43.263 NotebookApp] 500 GET /nbconvert/pdf/7_seminar_LRP_in_use.ipynb?download=true (10.20.0.1) 2792.610000ms referer=http://localhost:6330/notebooks/7_seminar_LRP_in_use.ipynb
[W 14:43:34.057 NotebookApp] Notebook 7_seminar_LRP_in_use.ipynb is not trusted
[I 14:44:14.744 NotebookApp] Saving file at /7_seminar_LRP_in_use.ipynb
[W 14:44:14.770 NotebookApp] Non-unique cell id 'ddb1012a' detected. Corrected to '3c59edcf'.
[W 14:44:14.770 NotebookApp] Non-unique cell id '4d824525' detected. Corrected to '7329f637'.
[W 14:44:14.770 NotebookApp] Non-unique cell id 'a21270fb' detected. Corrected to 'a01eb4ab'.
[W 14:44:14.770 NotebookApp] Non-unique cell id '70e78f4a' detected. Corrected to '7353cc11'.
[W 14:44:14.770 NotebookApp] Non-unique cell id '3adb6417' detected. Corrected to '38fe39df'.
[W 14:44:14.770 NotebookApp] Non-unique cell id '5f665fc6' detected. Corrected to '3ba9371a'.
[W 14:44:14.770 NotebookApp] Non-unique cell id '872ff984' detected. Corrected to '9a9f81fc'.
[W 14:44:14.770 NotebookApp] Non-unique cell id '241cb929' detected. Corrected to '504aba26'.
[W 14:44:14.770 NotebookApp] Non-unique cell id '552e4264' detected. Corrected to 'a5ec14e3'.
[W 14:44:14.771 NotebookApp] Non-unique cell id '5566c32c' detected. Corrected to '2aaca825'.
[W 14:44:14.771 NotebookApp] Non-unique cell id '0ad794a2' detected. Corrected to 'd7ce2d26'.
[W 14:44:14.829 NotebookApp] Non-unique cell id 'ddb1012a' detected. Corrected to '560d263e'.
[W 14:44:14.829 NotebookApp] Non-unique cell id '4d824525' detected. Corrected to '5ffc2d5a'.
[W 14:44:14.829 NotebookApp] Non-unique cell id 'a21270fb' detected. Corrected to '8985000c'.
[W 14:44:14.829 NotebookApp] Non-unique cell id '70e78f4a' detected. Corrected to 'b2579384'.
[W 14:44:14.829 NotebookApp] Non-unique cell id '3adb6417' detected. Corrected to '4b206545'.
[W 14:44:14.829 NotebookApp] Non-unique cell id '5f665fc6' detected. Corrected to 'b52a1dcd'.
[W 14:44:14.829 NotebookApp] Non-unique cell id '872ff984' detected. Corrected to 'e552a8cd'.
[W 14:44:14.829 NotebookApp] Non-unique cell id '241cb929' detected. Corrected to '6a7f453e'.
[W 14:44:14.830 NotebookApp] Non-unique cell id '552e4264' detected. Corrected to '6e4edfeb'.
[W 14:44:14.830 NotebookApp] Non-unique cell id '5566c32c' detected. Corrected to '7935b4c6'.
[W 14:44:14.830 NotebookApp] Non-unique cell id '0ad794a2' detected. Corrected to 'de644787'.
[I 14:46:15.476 NotebookApp] Saving file at /7_seminar_LRP_in_use.ipynb
[W 14:46:15.516 NotebookApp] Non-unique cell id 'ddb1012a' detected. Corrected to 'a5834e0e'.
[W 14:46:15.516 NotebookApp] Non-unique cell id '4d824525' detected. Corrected to 'fc28193e'.
[W 14:46:15.516 NotebookApp] Non-unique cell id 'a21270fb' detected. Corrected to 'a55923e4'.
[W 14:46:15.516 NotebookApp] Non-unique cell id '70e78f4a' detected. Corrected to 'c0a5940c'.
[W 14:46:15.516 NotebookApp] Non-unique cell id '3adb6417' detected. Corrected to 'a47ba758'.
[W 14:46:15.516 NotebookApp] Non-unique cell id '5f665fc6' detected. Corrected to 'ac251c87'.
[W 14:46:15.516 NotebookApp] Non-unique cell id '872ff984' detected. Corrected to 'd90c8cb3'.
[W 14:46:15.516 NotebookApp] Non-unique cell id '241cb929' detected. Corrected to '4ac2432a'.
[W 14:46:15.516 NotebookApp] Non-unique cell id '552e4264' detected. Corrected to '39f54864'.
[W 14:46:15.517 NotebookApp] Non-unique cell id '5566c32c' detected. Corrected to '62b20533'.
[W 14:46:15.517 NotebookApp] Non-unique cell id '0ad794a2' detected. Corrected to 'b071dcfa'.
[W 14:46:15.574 NotebookApp] Non-unique cell id 'ddb1012a' detected. Corrected to '1abb06b3'.
[W 14:46:15.574 NotebookApp] Non-unique cell id '4d824525' detected. Corrected to '7fe94676'.
[W 14:46:15.574 NotebookApp] Non-unique cell id 'a21270fb' detected. Corrected to 'f8a6f0a4'.
[W 14:46:15.574 NotebookApp] Non-unique cell id '70e78f4a' detected. Corrected to '75b4adf6'.
[W 14:46:15.574 NotebookApp] Non-unique cell id '3adb6417' detected. Corrected to 'fe72a6b1'.
[W 14:46:15.575 NotebookApp] Non-unique cell id '5f665fc6' detected. Corrected to 'c261329c'.
[W 14:46:15.575 NotebookApp] Non-unique cell id '872ff984' detected. Corrected to 'c2093343'.
[W 14:46:15.575 NotebookApp] Non-unique cell id '241cb929' detected. Corrected to 'fe20cbd5'.
[W 14:46:15.575 NotebookApp] Non-unique cell id '552e4264' detected. Corrected to '1603fa82'.
[W 14:46:15.575 NotebookApp] Non-unique cell id '5566c32c' detected. Corrected to '30d0000c'.
[W 14:46:15.575 NotebookApp] Non-unique cell id '0ad794a2' detected. Corrected to '1f99fe94'.
[I 15:00:14.750 NotebookApp] Saving file at /7_seminar_LRP_in_use.ipynb
[W 15:00:14.793 NotebookApp] Non-unique cell id 'ddb1012a' detected. Corrected to '481b4cc9'.
[W 15:00:14.793 NotebookApp] Non-unique cell id '4d824525' detected. Corrected to 'f8a5f204'.
[W 15:00:14.794 NotebookApp] Non-unique cell id 'a21270fb' detected. Corrected to 'af6d13a0'.
[W 15:00:14.794 NotebookApp] Non-unique cell id '70e78f4a' detected. Corrected to '85b2fd93'.
[W 15:00:14.794 NotebookApp] Non-unique cell id '3adb6417' detected. Corrected to '1625782a'.
[W 15:00:14.794 NotebookApp] Non-unique cell id '5f665fc6' detected. Corrected to '099172be'.
[W 15:00:14.794 NotebookApp] Non-unique cell id '872ff984' detected. Corrected to 'ec6b0db5'.
[W 15:00:14.794 NotebookApp] Non-unique cell id '241cb929' detected. Corrected to 'dfa7289e'.
[W 15:00:14.794 NotebookApp] Non-unique cell id '552e4264' detected. Corrected to 'e43e88a4'.
[W 15:00:14.794 NotebookApp] Non-unique cell id '5566c32c' detected. Corrected to '125dfbeb'.
[W 15:00:14.794 NotebookApp] Non-unique cell id '0ad794a2' detected. Corrected to '055ba89b'.
[W 15:00:14.853 NotebookApp] Non-unique cell id 'ddb1012a' detected. Corrected to '9097dc2e'.
[W 15:00:14.853 NotebookApp] Non-unique cell id '4d824525' detected. Corrected to '17b56a0e'.
[W 15:00:14.853 NotebookApp] Non-unique cell id 'a21270fb' detected. Corrected to '11235c18'.
[W 15:00:14.853 NotebookApp] Non-unique cell id '70e78f4a' detected. Corrected to '7da9d0d5'.
[W 15:00:14.853 NotebookApp] Non-unique cell id '3adb6417' detected. Corrected to 'bb730091'.
[W 15:00:14.853 NotebookApp] Non-unique cell id '5f665fc6' detected. Corrected to '78165275'.
[W 15:00:14.853 NotebookApp] Non-unique cell id '872ff984' detected. Corrected to '5fef9bb6'.
[W 15:00:14.853 NotebookApp] Non-unique cell id '241cb929' detected. Corrected to 'ece172a1'.
[W 15:00:14.853 NotebookApp] Non-unique cell id '552e4264' detected. Corrected to 'e5e8ace7'.
[W 15:00:14.853 NotebookApp] Non-unique cell id '5566c32c' detected. Corrected to '18a982ba'.
[W 15:00:14.853 NotebookApp] Non-unique cell id '0ad794a2' detected. Corrected to '4a2be95f'.
[I 15:01:30.065 NotebookApp] Saving file at /7_seminar_LRP_in_use.ipynb
[W 15:01:30.104 NotebookApp] Non-unique cell id 'ddb1012a' detected. Corrected to 'b2376e92'.
[W 15:01:30.104 NotebookApp] Non-unique cell id '4d824525' detected. Corrected to 'f480bbad'.
[W 15:01:30.104 NotebookApp] Non-unique cell id 'a21270fb' detected. Corrected to 'f2985044'.
[W 15:01:30.104 NotebookApp] Non-unique cell id '70e78f4a' detected. Corrected to '2bbabe08'.
[W 15:01:30.105 NotebookApp] Non-unique cell id '3adb6417' detected. Corrected to 'd71a8d81'.
[W 15:01:30.105 NotebookApp] Non-unique cell id '5f665fc6' detected. Corrected to '57d0280a'.
[W 15:01:30.105 NotebookApp] Non-unique cell id '872ff984' detected. Corrected to '87d694e1'.
[W 15:01:30.105 NotebookApp] Non-unique cell id '241cb929' detected. Corrected to '55961497'.
[W 15:01:30.105 NotebookApp] Non-unique cell id '552e4264' detected. Corrected to '2849748f'.
[W 15:01:30.105 NotebookApp] Non-unique cell id '5566c32c' detected. Corrected to '9a0d690e'.
[W 15:01:30.105 NotebookApp] Non-unique cell id '0ad794a2' detected. Corrected to 'a94b4c2d'.
[W 15:01:30.162 NotebookApp] Non-unique cell id 'ddb1012a' detected. Corrected to '942fbdbf'.
[W 15:01:30.162 NotebookApp] Non-unique cell id '4d824525' detected. Corrected to '4f662377'.
[W 15:01:30.163 NotebookApp] Non-unique cell id 'a21270fb' detected. Corrected to '764ee7be'.
[W 15:01:30.163 NotebookApp] Non-unique cell id '70e78f4a' detected. Corrected to '0589677e'.
[W 15:01:30.163 NotebookApp] Non-unique cell id '3adb6417' detected. Corrected to '95e1e0c9'.
[W 15:01:30.163 NotebookApp] Non-unique cell id '5f665fc6' detected. Corrected to '56e9a115'.
[W 15:01:30.163 NotebookApp] Non-unique cell id '872ff984' detected. Corrected to 'bed545f2'.
[W 15:01:30.163 NotebookApp] Non-unique cell id '241cb929' detected. Corrected to '00e5605e'.
[W 15:01:30.163 NotebookApp] Non-unique cell id '552e4264' detected. Corrected to '0e9b3641'.
[W 15:01:30.163 NotebookApp] Non-unique cell id '5566c32c' detected. Corrected to 'b8d6c4ef'.
[W 15:01:30.163 NotebookApp] Non-unique cell id '0ad794a2' detected. Corrected to 'bbf951f5'.
[W 15:01:30.244 NotebookApp] Notebook 7_seminar_LRP_in_use.ipynb is not trusted
[I 15:06:14.760 NotebookApp] Saving file at /7_seminar_LRP_in_use.ipynb
[W 15:06:14.799 NotebookApp] Non-unique cell id 'ddb1012a' detected. Corrected to 'b6e73aa4'.
[W 15:06:14.799 NotebookApp] Non-unique cell id '4d824525' detected. Corrected to '3cb647e5'.
[W 15:06:14.799 NotebookApp] Non-unique cell id 'a21270fb' detected. Corrected to '642cc14b'.
[W 15:06:14.799 NotebookApp] Non-unique cell id '70e78f4a' detected. Corrected to 'e5b1cf46'.
[W 15:06:14.799 NotebookApp] Non-unique cell id '3adb6417' detected. Corrected to '629852b2'.
[W 15:06:14.799 NotebookApp] Non-unique cell id '5f665fc6' detected. Corrected to 'bfaaa8d3'.
[W 15:06:14.800 NotebookApp] Non-unique cell id '872ff984' detected. Corrected to '2d472283'.
[W 15:06:14.800 NotebookApp] Non-unique cell id '241cb929' detected. Corrected to '70988ea7'.
[W 15:06:14.800 NotebookApp] Non-unique cell id '552e4264' detected. Corrected to 'fd21e7b8'.
[W 15:06:14.800 NotebookApp] Non-unique cell id '5566c32c' detected. Corrected to '08b66143'.
[W 15:06:14.800 NotebookApp] Non-unique cell id '0ad794a2' detected. Corrected to '8ed1c482'.
[W 15:06:14.859 NotebookApp] Non-unique cell id 'ddb1012a' detected. Corrected to '78e3dd81'.
[W 15:06:14.859 NotebookApp] Non-unique cell id '4d824525' detected. Corrected to '74995611'.
[W 15:06:14.859 NotebookApp] Non-unique cell id 'a21270fb' detected. Corrected to '1448f93d'.
[W 15:06:14.859 NotebookApp] Non-unique cell id '70e78f4a' detected. Corrected to '517ff41f'.
[W 15:06:14.859 NotebookApp] Non-unique cell id '3adb6417' detected. Corrected to '32e642d2'.
[W 15:06:14.859 NotebookApp] Non-unique cell id '5f665fc6' detected. Corrected to '48ba77ab'.
[W 15:06:14.859 NotebookApp] Non-unique cell id '872ff984' detected. Corrected to '58cf09de'.
[W 15:06:14.859 NotebookApp] Non-unique cell id '241cb929' detected. Corrected to '6028ed92'.
[W 15:06:14.859 NotebookApp] Non-unique cell id '552e4264' detected. Corrected to '7085a6b7'.
[W 15:06:14.859 NotebookApp] Non-unique cell id '5566c32c' detected. Corrected to '6091911d'.
[W 15:06:14.859 NotebookApp] Non-unique cell id '0ad794a2' detected. Corrected to '583ca190'.
[I 15:07:13.004 NotebookApp] Saving file at /7_seminar_LRP_in_use.ipynb
[W 15:07:13.044 NotebookApp] Non-unique cell id 'ddb1012a' detected. Corrected to '25163215'.
[W 15:07:13.044 NotebookApp] Non-unique cell id '4d824525' detected. Corrected to 'b2be131a'.
[W 15:07:13.044 NotebookApp] Non-unique cell id 'a21270fb' detected. Corrected to '571a2d18'.
[W 15:07:13.044 NotebookApp] Non-unique cell id '70e78f4a' detected. Corrected to '28566cd8'.
[W 15:07:13.044 NotebookApp] Non-unique cell id '3adb6417' detected. Corrected to 'c21435cf'.
[W 15:07:13.044 NotebookApp] Non-unique cell id '5f665fc6' detected. Corrected to '621ad0be'.
[W 15:07:13.044 NotebookApp] Non-unique cell id '872ff984' detected. Corrected to '5b9108f0'.
[W 15:07:13.044 NotebookApp] Non-unique cell id '241cb929' detected. Corrected to '759a54a9'.
[W 15:07:13.045 NotebookApp] Non-unique cell id '552e4264' detected. Corrected to '720ad8d7'.
[W 15:07:13.045 NotebookApp] Non-unique cell id '5566c32c' detected. Corrected to '58d28b98'.
[W 15:07:13.045 NotebookApp] Non-unique cell id '0ad794a2' detected. Corrected to '215ea01f'.
[W 15:07:13.096 NotebookApp] Non-unique cell id 'ddb1012a' detected. Corrected to 'a092411b'.
[W 15:07:13.096 NotebookApp] Non-unique cell id '4d824525' detected. Corrected to 'ecd222de'.
[W 15:07:13.096 NotebookApp] Non-unique cell id 'a21270fb' detected. Corrected to '77bf6b33'.
[W 15:07:13.096 NotebookApp] Non-unique cell id '70e78f4a' detected. Corrected to '170a03c9'.
[W 15:07:13.096 NotebookApp] Non-unique cell id '3adb6417' detected. Corrected to '3f1796c8'.
[W 15:07:13.096 NotebookApp] Non-unique cell id '5f665fc6' detected. Corrected to '3f33a7d0'.
[W 15:07:13.096 NotebookApp] Non-unique cell id '872ff984' detected. Corrected to '614f3bb1'.
[W 15:07:13.096 NotebookApp] Non-unique cell id '241cb929' detected. Corrected to 'a6b18edc'.
[W 15:07:13.096 NotebookApp] Non-unique cell id '552e4264' detected. Corrected to 'ad3b36b5'.
[W 15:07:13.097 NotebookApp] Non-unique cell id '5566c32c' detected. Corrected to '7bd87455'.
[W 15:07:13.097 NotebookApp] Non-unique cell id '0ad794a2' detected. Corrected to 'ca8ccea7'.
[W 15:07:13.167 NotebookApp] Notebook 7_seminar_LRP_in_use.ipynb is not trusted
[I 15:10:01.737 NotebookApp] Saving file at /7_seminar_LRP_in_use.ipynb
[W 15:10:01.777 NotebookApp] Non-unique cell id 'ddb1012a' detected. Corrected to 'b854ca16'.
[W 15:10:01.777 NotebookApp] Non-unique cell id '4d824525' detected. Corrected to '4d833db4'.
[W 15:10:01.777 NotebookApp] Non-unique cell id 'a21270fb' detected. Corrected to '450aaede'.
[W 15:10:01.777 NotebookApp] Non-unique cell id '70e78f4a' detected. Corrected to '1d3a0d14'.
[W 15:10:01.777 NotebookApp] Non-unique cell id '3adb6417' detected. Corrected to 'f884c0fd'.
[W 15:10:01.777 NotebookApp] Non-unique cell id '5f665fc6' detected. Corrected to '8e8e01c8'.
[W 15:10:01.777 NotebookApp] Non-unique cell id '872ff984' detected. Corrected to '078fa030'.
[W 15:10:01.777 NotebookApp] Non-unique cell id '241cb929' detected. Corrected to '06dfd33e'.
[W 15:10:01.777 NotebookApp] Non-unique cell id '552e4264' detected. Corrected to '8ad55dfd'.
[W 15:10:01.777 NotebookApp] Non-unique cell id '5566c32c' detected. Corrected to '7b7ad303'.
[W 15:10:01.777 NotebookApp] Non-unique cell id '0ad794a2' detected. Corrected to '1e65e217'.
[W 15:10:01.830 NotebookApp] Non-unique cell id 'ddb1012a' detected. Corrected to '75d78655'.
[W 15:10:01.830 NotebookApp] Non-unique cell id '4d824525' detected. Corrected to '8cba98e3'.
[W 15:10:01.830 NotebookApp] Non-unique cell id 'a21270fb' detected. Corrected to '922c0c90'.
[W 15:10:01.830 NotebookApp] Non-unique cell id '70e78f4a' detected. Corrected to 'cbf7bb04'.
[W 15:10:01.830 NotebookApp] Non-unique cell id '3adb6417' detected. Corrected to '25c047ba'.
[W 15:10:01.830 NotebookApp] Non-unique cell id '5f665fc6' detected. Corrected to '116ffbbb'.
[W 15:10:01.830 NotebookApp] Non-unique cell id '872ff984' detected. Corrected to '5e475ec6'.
[W 15:10:01.830 NotebookApp] Non-unique cell id '241cb929' detected. Corrected to '01cb4f3d'.
[W 15:10:01.830 NotebookApp] Non-unique cell id '552e4264' detected. Corrected to 'bb04e637'.
[W 15:10:01.830 NotebookApp] Non-unique cell id '5566c32c' detected. Corrected to '8c4e8fc2'.
[W 15:10:01.830 NotebookApp] Non-unique cell id '0ad794a2' detected. Corrected to '09acddc0'.
[W 15:10:01.901 NotebookApp] Notebook 7_seminar_LRP_in_use.ipynb is not trusted
