SISSO version 2.3
================================================================================

Reading data from train.dat ...
Reading parameters from SISSO.in: 
--------------------------------------------------------------------------------
task: FCDI
restarts FCDI?      F
descriptor dimension:        6
property type:   quanti
total number of properties:        1
number of samples for each property:       42
number of scalar features:       11
times of applying the operator set for feature construction (rung of the feature space):        2
max complexity (number of operators in a feature):       10
number of dimension(unit)-type (for dimension analysis):        4
dimension type for each primary feature: 
  1.00  0.00  0.00  0.00
  0.00  1.00  0.00  0.00
  0.00  0.00  1.00  0.00
  0.00  0.00  1.00  0.00
  0.00  0.00  1.00  0.00
  0.00  0.00  1.00  0.00
  0.00  0.00  1.00  0.00
  0.00  0.00  1.00  0.00
  0.00  0.00  1.00  0.00
  0.00  0.00  0.00  1.00
  0.00  0.00  0.00  1.00
lower bound of the max abs. data value for the selected features:     0.1000000000E-02
upper bound of the max abs. data value for the selected features:     0.1000000000E+06
SIS-selected (single) subspace size:       10
operator set for feature construction: (+)(-)(*)(/)(exp)(log)(^-1)(^2)(^3)(sqrt)(cbrt)(|-|) 
method for sparsification:  L0        
number of the top ranked models to output:      100
metric for the L0: LS_RMSE
---------------------------------------------------------------------------------

FCDI starts ...

iteration:   1
--------------------------------------------------------------------------------
FC starts ...
Standard Deviation (SD) of property 001:    0.21746
Total number of features in the space phi00:             11
Total number of features in the space phi00:             11
Total number of features in the space phi01:            321
Total number of features in the space phi02:         169482
Size of the SIS-selected subspace from phi02:         10
Wall-clock time (second) for this FC:            0.00
FC done!

DI starts ...
parameter "fs_size_DI" set to         10
parameter "fs_size_L0" set to         10
L0 starts ..., space size:         10

Model/descriptor for generating residual:
=============================================
  1D descriptor (model): 
Total LS_RMSE,LS_MaxAE:   0.119678  0.442839
@@@descriptor: 
                      1:[((CN-ECN)/(F/E))]
       coefficients_001:    -0.86490E+00
          Intercept_001:    -0.63416E+00
       LSrmse,maxAE_001:     0.11968E+00    0.44284E+00
=============================================
Wall-clock time (second) for this DI:            0.00
DI done!

iteration:   2
--------------------------------------------------------------------------------
FC starts ...
File containing the features to be rejected: feature_space/Uspace.name
Total number of features in the space phi00:             11
Total number of features in the space phi00:             11
Total number of features in the space phi01:            321
Total number of features in the space phi02:         169482
Size of the SIS-selected subspace from phi02:         10
Wall-clock time (second) for this FC:            1.00
FC done!

DI starts ...
parameter "fs_size_DI" set to         20
parameter "fs_size_L0" set to         20
L0 starts ..., space size:         20

Model/descriptor for generating residual:
=============================================
  2D descriptor (model): 
Total LS_RMSE,LS_MaxAE:   0.087418  0.325556
@@@descriptor: 
                      5:[abs((F/C)-(DS/F))]
                     11:[((DS/DB))^2]
       coefficients_001:    -0.24945E+00   -0.14907E-02
          Intercept_001:     0.21397E-01
       LSrmse,maxAE_001:     0.87418E-01    0.32556E+00
=============================================
Wall-clock time (second) for this DI:            0.00
DI done!

iteration:   3
--------------------------------------------------------------------------------
FC starts ...
File containing the features to be rejected: feature_space/Uspace.name
Total number of features in the space phi00:             11
Total number of features in the space phi00:             11
Total number of features in the space phi01:            321
Total number of features in the space phi02:         169482
Size of the SIS-selected subspace from phi02:         10
Wall-clock time (second) for this FC:            0.00
FC done!

DI starts ...
parameter "fs_size_DI" set to         30
parameter "fs_size_L0" set to         30
L0 starts ..., space size:         30

Model/descriptor for generating residual:
=============================================
  3D descriptor (model): 
Total LS_RMSE,LS_MaxAE:   0.066172  0.202026
@@@descriptor: 
                      5:[abs((F/C)-(DS/F))]
                     11:[((DS/DB))^2]
                     25:[((F/ECN)/(DS)^3)]
       coefficients_001:    -0.24369E+00   -0.15912E-02   -0.38369E-05
          Intercept_001:     0.19686E-01
       LSrmse,maxAE_001:     0.66172E-01    0.20203E+00
=============================================
Wall-clock time (second) for this DI:            0.00
DI done!

iteration:   4
--------------------------------------------------------------------------------
FC starts ...
File containing the features to be rejected: feature_space/Uspace.name
Total number of features in the space phi00:             11
Total number of features in the space phi00:             11
Total number of features in the space phi01:            321
Total number of features in the space phi02:         169482
Size of the SIS-selected subspace from phi02:         10
Wall-clock time (second) for this FC:            1.00
FC done!

DI starts ...
parameter "fs_size_DI" set to         40
parameter "fs_size_L0" set to         40
L0 starts ..., space size:         40

Model/descriptor for generating residual:
=============================================
  4D descriptor (model): 
Total LS_RMSE,LS_MaxAE:   0.049741  0.139051
@@@descriptor: 
                      5:[abs((F/C)-(DS/F))]
                     11:[((DS/DB))^2]
                     25:[((F/ECN)/(DS)^3)]
                     31:[((F*L)*(R)^3)]
       coefficients_001:    -0.24732E+00   -0.17336E-02   -0.41961E-05   -0.23838E-02
          Intercept_001:     0.16151E+00
       LSrmse,maxAE_001:     0.49741E-01    0.13905E+00
=============================================
Wall-clock time (second) for this DI:            0.00
DI done!

iteration:   5
--------------------------------------------------------------------------------
FC starts ...
File containing the features to be rejected: feature_space/Uspace.name
Total number of features in the space phi00:             11
Total number of features in the space phi00:             11
Total number of features in the space phi01:            321
Total number of features in the space phi02:         169482
Size of the SIS-selected subspace from phi02:         10
Wall-clock time (second) for this FC:            0.00
FC done!

DI starts ...
parameter "fs_size_DI" set to         50
parameter "fs_size_L0" set to         50
L0 starts ..., space size:         50

Model/descriptor for generating residual:
=============================================
  5D descriptor (model): 
Total LS_RMSE,LS_MaxAE:   0.042254  0.120524
@@@descriptor: 
                      5:[abs((F/C)-(DS/F))]
                     11:[((DS/DB))^2]
                     25:[((F/ECN)/(DS)^3)]
                     36:[((L)^2/(H+DS))]
                     46:[((DB-DS)/abs(C-L))]
       coefficients_001:    -0.26670E+00   -0.17056E-02   -0.40930E-05    0.23130E-01    0.77795E-01
          Intercept_001:     0.12680E+00
       LSrmse,maxAE_001:     0.42254E-01    0.12052E+00
=============================================
Wall-clock time (second) for this DI:           15.00
DI done!

iteration:   6
--------------------------------------------------------------------------------
FC starts ...
File containing the features to be rejected: feature_space/Uspace.name
Total number of features in the space phi00:             11
Total number of features in the space phi00:             11
Total number of features in the space phi01:            321
Total number of features in the space phi02:         169482
Size of the SIS-selected subspace from phi02:         10
Wall-clock time (second) for this FC:            0.00
FC done!

DI starts ...
parameter "fs_size_DI" set to         60
parameter "fs_size_L0" set to         60
L0 starts ..., space size:         60

Final model/descriptor to report
=============================================
  6D descriptor (model): 
Total LS_RMSE,LS_MaxAE:   0.033021  0.077604
@@@descriptor: 
                      5:[abs((F/C)-(DS/F))]
                     11:[((DS/DB))^2]
                     29:[((R/E)/(DS)^3)]
                     36:[((L)^2/(H+DS))]
                     46:[((DB-DS)/abs(C-L))]
                     51:[abs((I+DB)-abs(F-DS))]
       coefficients_001:    -0.24842E+00   -0.18480E-02    0.96003E-05    0.21958E-01    0.10073E+00    0.23521E-01
          Intercept_001:     0.67649E-01
       LSrmse,maxAE_001:     0.33021E-01    0.77604E-01
=============================================
Wall-clock time (second) for this DI:          418.00
DI done!

FCDI done !

--------------------------------------------------------------------------------
Total wall-clock time (second):          435.00

                                               Have a nice day !    

