SISSO version 2.3
================================================================================

Reading data from train.dat ...
Reading parameters from SISSO.in: 
--------------------------------------------------------------------------------
task: FCDI
restarts FCDI?      F
descriptor dimension:        6
property type:   quanti
total number of properties:        1
number of samples for each property:       42
number of scalar features:        1
times of applying the operator set for feature construction (rung of the feature space):        2
max complexity (number of operators in a feature):       10
number of dimension(unit)-type (for dimension analysis):        1
dimension type for each primary feature: 
  1.00
lower bound of the max abs. data value for the selected features:     0.1000000000E-02
upper bound of the max abs. data value for the selected features:     0.1000000000E+06
SIS-selected (single) subspace size:        1
operator set for feature construction: (+)(-)(*)(/)(exp)(log)(^-1)(^2)(^3)(sqrt)(cbrt)(|-|) 
method for sparsification:  L0        
number of the top ranked models to output:      100
metric for the L0: LS_RMSE
---------------------------------------------------------------------------------

FCDI starts ...

iteration:   1
--------------------------------------------------------------------------------
FC starts ...
Standard Deviation (SD) of property 001:    0.21746
Total number of features in the space phi00:              1
Total number of features in the space phi00:              1
Total number of features in the space phi01:              8
Total number of features in the space phi02:            132
Size of the SIS-selected subspace from phi02:          1
Wall-clock time (second) for this FC:            0.00
FC done!

DI starts ...
parameter "fs_size_DI" set to          1
parameter "fs_size_L0" set to          1
L0 starts ..., space size:          1

Model/descriptor for generating residual:
=============================================
  1D descriptor (model): 
Total LS_RMSE,LS_MaxAE:   0.205234  0.704580
@@@descriptor: 
                      1:[(log(R)/(R)^3)]
       coefficients_001:     0.21379E+02
          Intercept_001:    -0.28890E+01
       LSrmse,maxAE_001:     0.20523E+00    0.70458E+00
=============================================
Wall-clock time (second) for this DI:            0.00
DI done!

iteration:   2
--------------------------------------------------------------------------------
FC starts ...
File containing the features to be rejected: feature_space/Uspace.name
Total number of features in the space phi00:              1
Total number of features in the space phi00:              1
Total number of features in the space phi01:              8
Total number of features in the space phi02:            132
Size of the SIS-selected subspace from phi02:          1
Wall-clock time (second) for this FC:            0.00
FC done!

DI starts ...
parameter "fs_size_DI" set to          2
parameter "fs_size_L0" set to          2
L0 starts ..., space size:          2

Model/descriptor for generating residual:
=============================================
  2D descriptor (model): 
Total LS_RMSE,LS_MaxAE:   0.204877  0.681043
@@@descriptor: 
                      1:[(log(R)/(R)^3)]
                      2:[exp((R)^3)]
       coefficients_001:     0.26389E+02    0.70422E-03
          Intercept_001:    -0.35080E+01
       LSrmse,maxAE_001:     0.20488E+00    0.68104E+00
=============================================
Wall-clock time (second) for this DI:            0.00
DI done!

iteration:   3
--------------------------------------------------------------------------------
FC starts ...
File containing the features to be rejected: feature_space/Uspace.name
Total number of features in the space phi00:              1
Total number of features in the space phi00:              1
Total number of features in the space phi01:              8
Total number of features in the space phi02:            132
Size of the SIS-selected subspace from phi02:          1
Wall-clock time (second) for this FC:            0.00
FC done!

DI starts ...
parameter "fs_size_DI" set to          3
parameter "fs_size_L0" set to          3
L0 starts ..., space size:          3

Model/descriptor for generating residual:
=============================================
  3D descriptor (model): 
Total LS_RMSE,LS_MaxAE:   0.203684  0.694335
@@@descriptor: 
                      1:[(log(R)/(R)^3)]
                      2:[exp((R)^3)]
                      3:[((R)^2/log(R))]
       coefficients_001:     0.39037E+02    0.25139E-02    0.10753E+00
          Intercept_001:    -0.57118E+01
       LSrmse,maxAE_001:     0.20368E+00    0.69433E+00
=============================================
Wall-clock time (second) for this DI:            0.00
DI done!

iteration:   4
--------------------------------------------------------------------------------
FC starts ...
File containing the features to be rejected: feature_space/Uspace.name
Total number of features in the space phi00:              1
Total number of features in the space phi00:              1
Total number of features in the space phi01:              8
Total number of features in the space phi02:            132
Size of the SIS-selected subspace from phi02:          1
Wall-clock time (second) for this FC:            0.00
FC done!

DI starts ...
parameter "fs_size_DI" set to          4
parameter "fs_size_L0" set to          4
L0 starts ..., space size:          4

Model/descriptor for generating residual:
=============================================
  4D descriptor (model): 
Total LS_RMSE,LS_MaxAE:   0.200853  0.714958
@@@descriptor: 
                      1:[(log(R)/(R)^3)]
                      2:[exp((R)^3)]
                      3:[((R)^2/log(R))]
                      4:[(log(R)/exp(R))]
       coefficients_001:     0.15459E+03    0.79388E-02    0.38838E+01    0.17072E+03
          Intercept_001:    -0.56118E+02
       LSrmse,maxAE_001:     0.20085E+00    0.71496E+00
=============================================
Wall-clock time (second) for this DI:            0.00
DI done!

iteration:   5
--------------------------------------------------------------------------------
FC starts ...
File containing the features to be rejected: feature_space/Uspace.name
Total number of features in the space phi00:              1
Total number of features in the space phi00:              1
Total number of features in the space phi01:              8
Total number of features in the space phi02:            132
Size of the SIS-selected subspace from phi02:          1
Wall-clock time (second) for this FC:            0.00
FC done!

DI starts ...
parameter "fs_size_DI" set to          5
parameter "fs_size_L0" set to          5
L0 starts ..., space size:          5

Model/descriptor for generating residual:
=============================================
  5D descriptor (model): 
Total LS_RMSE,LS_MaxAE:   0.198900  0.725132
@@@descriptor: 
                      1:[(log(R)/(R)^3)]
                      2:[exp((R)^3)]
                      3:[((R)^2/log(R))]
                      4:[(log(R)/exp(R))]
                      5:[((R)^3)^3]
       coefficients_001:    -0.77018E+03    0.85530E-01   -0.13560E+02   -0.36178E+03   -0.22787E+00
          Intercept_001:     0.20654E+03
       LSrmse,maxAE_001:     0.19890E+00    0.72513E+00
=============================================
Wall-clock time (second) for this DI:            0.00
DI done!

iteration:   6
--------------------------------------------------------------------------------
FC starts ...
File containing the features to be rejected: feature_space/Uspace.name
Total number of features in the space phi00:              1
Total number of features in the space phi00:              1
Total number of features in the space phi01:              8
Total number of features in the space phi02:            132
Size of the SIS-selected subspace from phi02:          1
Wall-clock time (second) for this FC:            0.00
FC done!

DI starts ...
parameter "fs_size_DI" set to          6
parameter "fs_size_L0" set to          6
L0 starts ..., space size:          6

Final model/descriptor to report
=============================================
  6D descriptor (model): 
Total LS_RMSE,LS_MaxAE:   0.197866  0.744581
@@@descriptor: 
                      1:[(log(R)/(R)^3)]
                      2:[exp((R)^3)]
                      3:[((R)^2/log(R))]
                      4:[(log(R)/exp(R))]
                      5:[((R)^3)^3]
                      6:[((R)^3/log(R))]
       coefficients_001:    -0.56347E+04   -0.11018E+00    0.93748E+02    0.29748E+04    0.93153E+00   -0.15096E+03
          Intercept_001:     0.11113E+04
       LSrmse,maxAE_001:     0.19787E+00    0.74458E+00
=============================================
Wall-clock time (second) for this DI:            0.00
DI done!

FCDI done !

--------------------------------------------------------------------------------
Total wall-clock time (second):            1.00

                                               Have a nice day !    

