SISSO version 2.3
================================================================================

Reading data from train.dat ...
Reading parameters from SISSO.in: 
--------------------------------------------------------------------------------
task: FCDI
restarts FCDI?      F
descriptor dimension:        6
property type:   quanti
total number of properties:        1
number of samples for each property:       43
number of scalar features:       11
times of applying the operator set for feature construction (rung of the feature space):        2
max complexity (number of operators in a feature):       10
number of dimension(unit)-type (for dimension analysis):        4
dimension type for each primary feature: 
  1.00  0.00  0.00  0.00
  0.00  1.00  0.00  0.00
  0.00  0.00  1.00  0.00
  0.00  0.00  1.00  0.00
  0.00  0.00  1.00  0.00
  0.00  0.00  1.00  0.00
  0.00  0.00  1.00  0.00
  0.00  0.00  1.00  0.00
  0.00  0.00  1.00  0.00
  0.00  0.00  0.00  1.00
  0.00  0.00  0.00  1.00
lower bound of the max abs. data value for the selected features:     0.1000000000E-02
upper bound of the max abs. data value for the selected features:     0.1000000000E+06
SIS-selected (single) subspace size:       10
operator set for feature construction: (+)(-)(*)(/)(exp)(log)(^-1)(^2)(^3)(sqrt)(cbrt)(|-|) 
method for sparsification:  L0        
number of the top ranked models to output:      100
metric for the L0: LS_RMSE
---------------------------------------------------------------------------------

FCDI starts ...

iteration:   1
--------------------------------------------------------------------------------
FC starts ...
Standard Deviation (SD) of property 001:    0.22214
Total number of features in the space phi00:             11
Total number of features in the space phi00:             11
Total number of features in the space phi01:            321
Total number of features in the space phi02:         169482
Size of the SIS-selected subspace from phi02:         10
Wall-clock time (second) for this FC:            0.00
FC done!

DI starts ...
parameter "fs_size_DI" set to         10
parameter "fs_size_L0" set to         10
L0 starts ..., space size:         10

Model/descriptor for generating residual:
=============================================
  1D descriptor (model): 
Total LS_RMSE,LS_MaxAE:   0.120919  0.470366
@@@descriptor: 
                      1:[((F/C)+(DS/I))]
       coefficients_001:    -0.32370E+00
          Intercept_001:     0.11023E+00
       LSrmse,maxAE_001:     0.12092E+00    0.47037E+00
=============================================
Wall-clock time (second) for this DI:            0.00
DI done!

iteration:   2
--------------------------------------------------------------------------------
FC starts ...
File containing the features to be rejected: feature_space/Uspace.name
Total number of features in the space phi00:             11
Total number of features in the space phi00:             11
Total number of features in the space phi01:            321
Total number of features in the space phi02:         169482
Size of the SIS-selected subspace from phi02:         10
Wall-clock time (second) for this FC:            0.00
FC done!

DI starts ...
parameter "fs_size_DI" set to         20
parameter "fs_size_L0" set to         20
L0 starts ..., space size:         20

Model/descriptor for generating residual:
=============================================
  2D descriptor (model): 
Total LS_RMSE,LS_MaxAE:   0.084082  0.260929
@@@descriptor: 
                      1:[((F/C)+(DS/I))]
                     13:[abs((DB/DS)-(DS/DB))]
       coefficients_001:    -0.27003E+00   -0.25847E-01
          Intercept_001:     0.73710E-01
       LSrmse,maxAE_001:     0.84082E-01    0.26093E+00
=============================================
Wall-clock time (second) for this DI:            0.00
DI done!

iteration:   3
--------------------------------------------------------------------------------
FC starts ...
File containing the features to be rejected: feature_space/Uspace.name
Total number of features in the space phi00:             11
Total number of features in the space phi00:             11
Total number of features in the space phi01:            321
Total number of features in the space phi02:         169482
Size of the SIS-selected subspace from phi02:         10
Wall-clock time (second) for this FC:            0.00
FC done!

DI starts ...
parameter "fs_size_DI" set to         30
parameter "fs_size_L0" set to         30
L0 starts ..., space size:         30

Model/descriptor for generating residual:
=============================================
  3D descriptor (model): 
Total LS_RMSE,LS_MaxAE:   0.062760  0.146011
@@@descriptor: 
                     10:[((H+DB)*(CN-ECN))]
                     13:[abs((DB/DS)-(DS/DB))]
                     27:[abs((L-H)-abs(L-DB))]
       coefficients_001:    -0.22543E-01   -0.34650E-01   -0.74143E-01
          Intercept_001:    -0.30278E+00
       LSrmse,maxAE_001:     0.62760E-01    0.14601E+00
=============================================
Wall-clock time (second) for this DI:            0.00
DI done!

iteration:   4
--------------------------------------------------------------------------------
FC starts ...
File containing the features to be rejected: feature_space/Uspace.name
Total number of features in the space phi00:             11
Total number of features in the space phi00:             11
Total number of features in the space phi01:            321
Total number of features in the space phi02:         169482
Size of the SIS-selected subspace from phi02:         10
Wall-clock time (second) for this FC:            0.00
FC done!

DI starts ...
parameter "fs_size_DI" set to         40
parameter "fs_size_L0" set to         40
L0 starts ..., space size:         40

Model/descriptor for generating residual:
=============================================
  4D descriptor (model): 
Total LS_RMSE,LS_MaxAE:   0.051472  0.151498
@@@descriptor: 
                      1:[((F/C)+(DS/I))]
                     13:[abs((DB/DS)-(DS/DB))]
                     21:[((C-H)/(DS)^2)]
                     27:[abs((L-H)-abs(L-DB))]
       coefficients_001:    -0.21457E+00   -0.34444E-01   -0.16215E-03   -0.53795E-01
          Intercept_001:     0.10309E+00
       LSrmse,maxAE_001:     0.51472E-01    0.15150E+00
=============================================
Wall-clock time (second) for this DI:            1.00
DI done!

iteration:   5
--------------------------------------------------------------------------------
FC starts ...
File containing the features to be rejected: feature_space/Uspace.name
Total number of features in the space phi00:             11
Total number of features in the space phi00:             11
Total number of features in the space phi01:            321
Total number of features in the space phi02:         169482
Size of the SIS-selected subspace from phi02:         10
Wall-clock time (second) for this FC:            0.00
FC done!

DI starts ...
parameter "fs_size_DI" set to         50
parameter "fs_size_L0" set to         50
L0 starts ..., space size:         50

Model/descriptor for generating residual:
=============================================
  5D descriptor (model): 
Total LS_RMSE,LS_MaxAE:   0.043619  0.089491
@@@descriptor: 
                      7:[((F/C)+(DB/I))]
                     13:[abs((DB/DS)-(DS/DB))]
                     21:[((C-H)/(DS)^2)]
                     27:[abs((L-H)-abs(L-DB))]
                     41:[((L+DB)/(H-C))]
       coefficients_001:    -0.19908E+00   -0.34770E-01   -0.16458E-03   -0.52723E-01    0.14625E-02
          Intercept_001:     0.75095E-01
       LSrmse,maxAE_001:     0.43619E-01    0.89491E-01
=============================================
Wall-clock time (second) for this DI:           14.00
DI done!

iteration:   6
--------------------------------------------------------------------------------
FC starts ...
File containing the features to be rejected: feature_space/Uspace.name
Total number of features in the space phi00:             11
Total number of features in the space phi00:             11
Total number of features in the space phi01:            321
Total number of features in the space phi02:         169482
Size of the SIS-selected subspace from phi02:         10
Wall-clock time (second) for this FC:            1.00
FC done!

DI starts ...
parameter "fs_size_DI" set to         60
parameter "fs_size_L0" set to         60
L0 starts ..., space size:         60

Final model/descriptor to report
=============================================
  6D descriptor (model): 
Total LS_RMSE,LS_MaxAE:   0.038107  0.082024
@@@descriptor: 
                      1:[((F/C)+(DS/I))]
                     13:[abs((DB/DS)-(DS/DB))]
                     23:[(abs(C-H)/(DS)^3)]
                     26:[abs((L-H)-abs(L-DS))]
                     33:[((L+DB)/(C-H))]
                     54:[(abs(C-H)*abs(DB-DS))]
       coefficients_001:    -0.19186E+00   -0.34800E-01    0.53999E-05   -0.52962E-01   -0.15462E-02    0.16331E+00
          Intercept_001:     0.55555E-01
       LSrmse,maxAE_001:     0.38107E-01    0.82024E-01
=============================================
Wall-clock time (second) for this DI:          419.00
DI done!

FCDI done !

--------------------------------------------------------------------------------
Total wall-clock time (second):          436.00

                                               Have a nice day !    

